[36minfo[39m: Welcome to Appium v1.4.16 (REV ae6877eff263066b26328d457bd285c0cc62430d)
[36minfo[39m: Appium REST http interface listener started on 0.0.0.0:5115
[36minfo[39m: [debug] Non-default server args: {"udid":"88MFBML3H4MH","port":5115,"bootstrapPort":5116}
[36minfo[39m: Console LogLevel: debug
[36minfo[39m: [37m-->[39m [37mPOST[39m [37m/wd/hub/session[39m [90m{"desiredCapabilities":{"appPackage":"com.zhihu.android","appActivity":"com.zhihu.android.app.ui.activity.LauncherActivity","resetKeyBoard":true,"noSign":true,"newCommandTimeout":600,"unicodeKeyBoard":true,"udid":"88MFBML3H4MH","platformName":"Android","deviceName":"Android"}}[39m
[36minfo[39m: Client User-Agent string: Apache-HttpClient/4.5.2 (Java/1.8.0_191)
[36minfo[39m: [debug] The following desired capabilities were provided, but not recognized by appium. They will be passed on to any other services running on this server. : resetKeyBoard, unicodeKeyBoard
[36minfo[39m: [debug] Didn't get app but did get Android package, will attempt to launch it on the device
[36minfo[39m: [debug] Creating new appium session 1542f81c-a925-437a-95d6-d1fd0106a341
[36minfo[39m: Starting android appium
[36minfo[39m: [debug] Getting Java version
[36minfo[39m: Java version is: 1.8.0_191
[36minfo[39m: [debug] Checking whether adb is present
[36minfo[39m: [debug] Using adb from E:\adt-bundle\sdk\platform-tools\adb.exe
[33mwarn[39m: No app capability, can't parse package/activity
[36minfo[39m: [debug] Using fast reset? true
[36minfo[39m: [debug] Preparing device for session
[36minfo[39m: [debug] Not checking whether app is present since we are assuming it's already on the device
[36minfo[39m: Retrieving device
[36minfo[39m: [debug] Trying to find a connected android device
[36minfo[39m: [debug] Getting connected devices...
[36minfo[39m: [debug] executing cmd: E:\adt-bundle\sdk\platform-tools\adb.exe devices
[36minfo[39m: [debug] 1 device(s) connected
[36minfo[39m: Found device 88MFBML3H4MH
[36minfo[39m: [debug] Setting device id to 88MFBML3H4MH
[36minfo[39m: [debug] Waiting for device to be ready and to respond to shell commands (timeout = 5)
[36minfo[39m: [debug] executing cmd: E:\adt-bundle\sdk\platform-tools\adb.exe -s 88MFBML3H4MH wait-for-device
[36minfo[39m: [debug] executing cmd: E:\adt-bundle\sdk\platform-tools\adb.exe -s 88MFBML3H4MH shell "echo 'ready'"
[36minfo[39m: [debug] Starting logcat capture
[36minfo[39m: [debug] Getting device API level
[36minfo[39m: [debug] executing cmd: E:\adt-bundle\sdk\platform-tools\adb.exe -s 88MFBML3H4MH shell "getprop ro.build.version.sdk"
[36minfo[39m: [debug] Device is at API Level 22
[36minfo[39m: Device API level is: 22
[36minfo[39m: [debug] Extracting strings for language: default
[36minfo[39m: [debug] Apk doesn't exist locally
[36minfo[39m: [debug] Could not get strings, but it looks like we had an old strings file anyway, so ignoring
[36minfo[39m: [debug] executing cmd: E:\adt-bundle\sdk\platform-tools\adb.exe -s 88MFBML3H4MH shell "rm -rf /data/local/tmp/strings.json"
[36minfo[39m: [debug] Not uninstalling app since server not started with --full-reset
[36minfo[39m: [debug] Skipping install since we launched with a package instead of an app path
[36minfo[39m: [debug] Forwarding system:5116 to device:4724
[36minfo[39m: [debug] executing cmd: E:\adt-bundle\sdk\platform-tools\adb.exe -s 88MFBML3H4MH forward tcp:5116 tcp:4724
[36minfo[39m: [debug] Pushing appium bootstrap to device...
[36minfo[39m: [debug] executing cmd: E:\adt-bundle\sdk\platform-tools\adb.exe -s 88MFBML3H4MH push "D:\\Program Files (x86)\\Appium\\node_modules\\appium\\build\\android_bootstrap\\AppiumBootstrap.jar" /data/local/tmp/
[36minfo[39m: [debug] Pushing settings apk to device...
[36minfo[39m: [debug] executing cmd: E:\adt-bundle\sdk\platform-tools\adb.exe -s 88MFBML3H4MH install "D:\Program Files (x86)\Appium\node_modules\appium\build\settings_apk\settings_apk-debug.apk"
[36minfo[39m: [debug] Pushing unlock helper app to device...
[36minfo[39m: [debug] executing cmd: E:\adt-bundle\sdk\platform-tools\adb.exe -s 88MFBML3H4MH install "D:\Program Files (x86)\Appium\node_modules\appium\build\unlock_apk\unlock_apk-debug.apk"
[36minfo[39m: Starting App
[36minfo[39m: [debug] Attempting to kill all 'uiautomator' processes
[36minfo[39m: [debug] Getting all processes with 'uiautomator'
[36minfo[39m: [debug] executing cmd: E:\adt-bundle\sdk\platform-tools\adb.exe -s 88MFBML3H4MH shell "ps 'uiautomator'"
[36minfo[39m: [debug] No matching processes found
[36minfo[39m: [debug] Running bootstrap
[36minfo[39m: [debug] spawning: E:\adt-bundle\sdk\platform-tools\adb.exe -s 88MFBML3H4MH shell uiautomator runtest AppiumBootstrap.jar -c io.appium.android.bootstrap.Bootstrap -e pkg com.zhihu.android -e disableAndroidWatchers false
[36minfo[39m: [debug] [90m[UIAUTOMATOR STDOUT] INSTRUMENTATION_STATUS: numtests=1[39m
[36minfo[39m: [debug] [90m[UIAUTOMATOR STDOUT] INSTRUMENTATION_STATUS: stream=[39m
[36minfo[39m: [debug] [90m[UIAUTOMATOR STDOUT] io.appium.android.bootstrap.Bootstrap:[39m
[36minfo[39m: [debug] [90m[UIAUTOMATOR STDOUT] INSTRUMENTATION_STATUS: id=UiAutomatorTestRunner[39m
[36minfo[39m: [debug] [90m[UIAUTOMATOR STDOUT] INSTRUMENTATION_STATUS: test=testRunServer[39m
[36minfo[39m: [debug] [90m[UIAUTOMATOR STDOUT] INSTRUMENTATION_STATUS: class=io.appium.android.bootstrap.Bootstrap[39m
[36minfo[39m: [debug] [90m[UIAUTOMATOR STDOUT] INSTRUMENTATION_STATUS: current=1[39m
[36minfo[39m: [debug] [90m[UIAUTOMATOR STDOUT] INSTRUMENTATION_STATUS_CODE: 1[39m
[36minfo[39m: [debug] [BOOTSTRAP] [debug] Socket opened on port 4724
[36minfo[39m: [debug] [BOOTSTRAP] [debug] Appium Socket Server Ready
[36minfo[39m: [debug] [BOOTSTRAP] [debug] Loading json...
[36minfo[39m: [debug] [BOOTSTRAP] [debug] Registered crash watchers.
[36minfo[39m: [debug] Waking up device if it's not alive
[36minfo[39m: [debug] Pushing command to appium work queue: ["wake",{}]
[36minfo[39m: [debug] [BOOTSTRAP] [debug] Client connected
[36minfo[39m: [debug] [BOOTSTRAP] [debug] Got data from client: {"cmd":"action","action":"wake","params":{}}
[36minfo[39m: [debug] [BOOTSTRAP] [debug] Got command of type ACTION
[36minfo[39m: [debug] [BOOTSTRAP] [debug] Got command action: wake
[36minfo[39m: [debug] [BOOTSTRAP] [debug] Returning result: {"status":0,"value":true}
[36minfo[39m: [debug] executing cmd: E:\adt-bundle\sdk\platform-tools\adb.exe -s 88MFBML3H4MH shell "dumpsys window"
[36minfo[39m: [debug] Screen already unlocked, continuing.
[36minfo[39m: [debug] Pushing command to appium work queue: ["getDataDir",{}]
[36minfo[39m: [debug] [BOOTSTRAP] [debug] Got data from client: {"cmd":"action","action":"getDataDir","params":{}}
[36minfo[39m: [debug] [BOOTSTRAP] [debug] Got command of type ACTION
[36minfo[39m: [debug] [BOOTSTRAP] [debug] Got command action: getDataDir
[36minfo[39m: [debug] [BOOTSTRAP] [debug] Returning result: {"status":0,"value":"\/data\/local\/tmp"}
[36minfo[39m: [debug] dataDir set to: /data/local/tmp
[36minfo[39m: [debug] Pushing command to appium work queue: ["compressedLayoutHierarchy",{"compressLayout":false}]
[36minfo[39m: [debug] [BOOTSTRAP] [debug] Got data from client: {"cmd":"action","action":"compressedLayoutHierarchy","params":{"compressLayout":false}}
[36minfo[39m: [debug] [BOOTSTRAP] [debug] Got command of type ACTION
[36minfo[39m: [debug] [BOOTSTRAP] [debug] Got command action: compressedLayoutHierarchy
[36minfo[39m: [debug] [BOOTSTRAP] [debug] Returning result: {"status":0,"value":false}
[36minfo[39m: [debug] Getting device API level
[36minfo[39m: [debug] executing cmd: E:\adt-bundle\sdk\platform-tools\adb.exe -s 88MFBML3H4MH shell "getprop ro.build.version.sdk"
[36minfo[39m: [debug] Device is at API Level 22
[36minfo[39m: [debug] executing cmd: E:\adt-bundle\sdk\platform-tools\adb.exe -s 88MFBML3H4MH shell "am start -S -a android.intent.action.MAIN -c android.intent.category.LAUNCHER -f 0x10200000 -n com.zhihu.android/com.zhihu.android.app.ui.activity.LauncherActivity"
[36minfo[39m: [debug] Waiting for pkg "com.zhihu.android" and activity "com.zhihu.android.app.ui.activity.LauncherActivity" to be focused
[36minfo[39m: [debug] Getting focused package and activity
[36minfo[39m: [debug] executing cmd: E:\adt-bundle\sdk\platform-tools\adb.exe -s 88MFBML3H4MH shell "dumpsys window windows"
[36minfo[39m: [debug] executing cmd: E:\adt-bundle\sdk\platform-tools\adb.exe -s 88MFBML3H4MH shell "getprop ro.build.version.release"
[36minfo[39m: [debug] Device is at release version 5.1
[36minfo[39m: [debug] Device launched! Ready for commands
[36minfo[39m: [debug] Setting command timeout to 600 secs
[36minfo[39m: [debug] Appium session started with sessionId 1542f81c-a925-437a-95d6-d1fd0106a341
[36minfo[39m: [37m<-- POST /wd/hub/session [39m[36m303[39m[90m 5524.999 ms - 74[39m [90m[39m
[36minfo[39m: [37m-->[39m [37mGET[39m [37m/wd/hub/session/1542f81c-a925-437a-95d6-d1fd0106a341[39m [90m{}[39m
[36minfo[39m: [debug] Responding to client with success: {"status":0,"value":{"platform":"LINUX","browserName":"Android","platformVersion":"5.1","webStorageEnabled":false,"takesScreenshot":true,"javascriptEnabled":true,"databaseEnabled":false,"networkConnectionEnabled":true,"locationContextEnabled":false,"warnings":{},"desired":{"appPackage":"com.zhihu.android","appActivity":"com.zhihu.android.app.ui.activity.LauncherActivity","resetKeyBoard":true,"noSign":true,"newCommandTimeout":600,"unicodeKeyBoard":true,"udid":"88MFBML3H4MH","platformName":"Android","deviceName":"Android"},"appPackage":"com.zhihu.android","appActivity":"com.zhihu.android.app.ui.activity.LauncherActivity","resetKeyBoard":true,"noSign":true,"newCommandTimeout":600,"unicodeKeyBoard":true,"udid":"88MFBML3H4MH","platformName":"Android","deviceName":"88MFBML3H4MH"},"sessionId":"1542f81c-a925-437a-95d6-d1fd0106a341"}
[36minfo[39m: [37m<-- GET /wd/hub/session/1542f81c-a925-437a-95d6-d1fd0106a341 [39m[32m200[39m[90m 6.299 ms - 836[39m [90m{"status":0,"value":{"platform":"LINUX","browserName":"Android","platformVersion":"5.1","webStorageEnabled":false,"takesScreenshot":true,"javascriptEnabled":true,"databaseEnabled":false,"networkConnectionEnabled":true,"locationContextEnabled":false,"warnings":{},"desired":{"appPackage":"com.zhihu.android","appActivity":"com.zhihu.android.app.ui.activity.LauncherActivity","resetKeyBoard":true,"noSign":true,"newCommandTimeout":600,"unicodeKeyBoard":true,"udid":"88MFBML3H4MH","platformName":"Android","deviceName":"Android"},"appPackage":"com.zhihu.android","appActivity":"com.zhihu.android.app.ui.activity.LauncherActivity","resetKeyBoard":true,"noSign":true,"newCommandTimeout":600,"unicodeKeyBoard":true,"udid":"88MFBML3H4MH","platformName":"Android","deviceName":"88MFBML3H4MH"},"sessionId":"1542f81c-a925-437a-95d6-d1fd0106a341"}[39m
[36minfo[39m: [37m-->[39m [37mPOST[39m [37m/wd/hub/session/1542f81c-a925-437a-95d6-d1fd0106a341/timeouts[39m [90m{"type":"implicit","ms":10000}[39m
[36minfo[39m: [debug] Set Android implicit wait to 10000ms
[36minfo[39m: [debug] Responding to client with success: {"status":0,"value":null,"sessionId":"1542f81c-a925-437a-95d6-d1fd0106a341"}
[36minfo[39m: [37m<-- POST /wd/hub/session/1542f81c-a925-437a-95d6-d1fd0106a341/timeouts [39m[32m200[39m[90m 5.656 ms - 76[39m [90m{"status":0,"value":null,"sessionId":"1542f81c-a925-437a-95d6-d1fd0106a341"}[39m
[36minfo[39m: [37m-->[39m [37mPOST[39m [37m/wd/hub/session/1542f81c-a925-437a-95d6-d1fd0106a341/elements[39m [90m{"using":"id","value":"com.zhihu.android:id/tab_title"}[39m
[36minfo[39m: [debug] Waiting up to 10000ms for condition
[36minfo[39m: [debug] Pushing command to appium work queue: ["find",{"strategy":"id","selector":"com.zhihu.android:id/tab_title","context":"","multiple":true}]
[36minfo[39m: [debug] [BOOTSTRAP] [debug] Got data from client: {"cmd":"action","action":"find","params":{"strategy":"id","selector":"com.zhihu.android:id/tab_title","context":"","multiple":true}}
[36minfo[39m: [debug] [BOOTSTRAP] [debug] Got command of type ACTION
[36minfo[39m: [debug] [BOOTSTRAP] [debug] Got command action: find
[36minfo[39m: [debug] [BOOTSTRAP] [debug] Finding com.zhihu.android:id/tab_title using ID with the contextId:  multiple: true
[36minfo[39m: [debug] [BOOTSTRAP] [debug] Using: UiSelector[RESOURCE_ID=com.zhihu.android:id/tab_title]
[36minfo[39m: [debug] [BOOTSTRAP] [debug] getElements selector:UiSelector[RESOURCE_ID=com.zhihu.android:id/tab_title]
[36minfo[39m: [debug] [BOOTSTRAP] [debug] Element[] is null: (0)
[36minfo[39m: [debug] [BOOTSTRAP] [debug] getElements tmp selector:UiSelector[INSTANCE=0, RESOURCE_ID=com.zhihu.android:id/tab_title]
[36minfo[39m: [debug] [BOOTSTRAP] [debug] Failed to locate element. Clearing Accessibility cache and retrying.
[36minfo[39m: [debug] [BOOTSTRAP] [debug] Finding com.zhihu.android:id/tab_title using ID with the contextId:  multiple: true
[36minfo[39m: [debug] [BOOTSTRAP] [debug] Using: UiSelector[RESOURCE_ID=com.zhihu.android:id/tab_title]
[36minfo[39m: [debug] [BOOTSTRAP] [debug] getElements selector:UiSelector[RESOURCE_ID=com.zhihu.android:id/tab_title]
[36minfo[39m: [debug] [BOOTSTRAP] [debug] Element[] is null: (0)
[36minfo[39m: [debug] [BOOTSTRAP] [debug] getElements tmp selector:UiSelector[INSTANCE=0, RESOURCE_ID=com.zhihu.android:id/tab_title]
[36minfo[39m: [debug] [BOOTSTRAP] [debug] Element[] is null: (1)
[36minfo[39m: [debug] [BOOTSTRAP] [debug] getElements tmp selector:UiSelector[INSTANCE=1, RESOURCE_ID=com.zhihu.android:id/tab_title]
[36minfo[39m: [debug] [BOOTSTRAP] [debug] Element[] is null: (2)
[36minfo[39m: [debug] [BOOTSTRAP] [debug] getElements tmp selector:UiSelector[INSTANCE=2, RESOURCE_ID=com.zhihu.android:id/tab_title]
[36minfo[39m: [debug] [BOOTSTRAP] [debug] Element[] is null: (3)
[36minfo[39m: [debug] [BOOTSTRAP] [debug] getElements tmp selector:UiSelector[INSTANCE=3, RESOURCE_ID=com.zhihu.android:id/tab_title]
[36minfo[39m: [debug] [BOOTSTRAP] [debug] Element[] is null: (4)
[36minfo[39m: [debug] [BOOTSTRAP] [debug] getElements tmp selector:UiSelector[INSTANCE=4, RESOURCE_ID=com.zhihu.android:id/tab_title]
[36minfo[39m: [debug] [BOOTSTRAP] [debug] Returning result: {"status":0,"value":[{"ELEMENT":"1"},{"ELEMENT":"2"},{"ELEMENT":"3"},{"ELEMENT":"4"}]}
[36minfo[39m: [debug] Responding to client with success: {"status":0,"value":[{"ELEMENT":"1"},{"ELEMENT":"2"},{"ELEMENT":"3"},{"ELEMENT":"4"}],"sessionId":"1542f81c-a925-437a-95d6-d1fd0106a341"}
[36minfo[39m: [37m<-- POST /wd/hub/session/1542f81c-a925-437a-95d6-d1fd0106a341/elements [39m[32m200[39m[90m 14318.765 ms - 137[39m [90m{"status":0,"value":[{"ELEMENT":"1"},{"ELEMENT":"2"},{"ELEMENT":"3"},{"ELEMENT":"4"}],"sessionId":"1542f81c-a925-437a-95d6-d1fd0106a341"}[39m
[36minfo[39m: [37m-->[39m [37mGET[39m [37m/wd/hub/session/1542f81c-a925-437a-95d6-d1fd0106a341/element/1/text[39m [90m{}[39m
[36minfo[39m: [debug] Pushing command to appium work queue: ["element:getText",{"elementId":"1"}]
[36minfo[39m: [debug] [BOOTSTRAP] [debug] Got data from client: {"cmd":"action","action":"element:getText","params":{"elementId":"1"}}
[36minfo[39m: [debug] [BOOTSTRAP] [debug] Got command of type ACTION
[36minfo[39m: [debug] [BOOTSTRAP] [debug] Got command action: getText
[36minfo[39m: [debug] [BOOTSTRAP] [debug] Returning result: {"status":0,"value":"é¦–é¡µ"}
[36minfo[39m: [debug] Responding to client with success: {"status":0,"value":"é¦–é¡µ","sessionId":"1542f81c-a925-437a-95d6-d1fd0106a341"}
[36minfo[39m: [37m<-- GET /wd/hub/session/1542f81c-a925-437a-95d6-d1fd0106a341/element/1/text [39m[32m200[39m[90m 54.007 ms - 80[39m [90m{"status":0,"value":"é¦–é¡µ","sessionId":"1542f81c-a925-437a-95d6-d1fd0106a341"}[39m
[36minfo[39m: [37m-->[39m [37mGET[39m [37m/wd/hub/session/1542f81c-a925-437a-95d6-d1fd0106a341/element/2/text[39m [90m{}[39m
[36minfo[39m: [debug] Pushing command to appium work queue: ["element:getText",{"elementId":"2"}]
[36minfo[39m: [debug] [BOOTSTRAP] [debug] Got data from client: {"cmd":"action","action":"element:getText","params":{"elementId":"2"}}
[36minfo[39m: [debug] [BOOTSTRAP] [debug] Got command of type ACTION
[36minfo[39m: [debug] [BOOTSTRAP] [debug] Got command action: getText
[36minfo[39m: [debug] [BOOTSTRAP] [debug] Returning result: {"status":0,"value":"ä¼šå‘˜"}
[36minfo[39m: [debug] Responding to client with success: {"status":0,"value":"ä¼šå‘˜","sessionId":"1542f81c-a925-437a-95d6-d1fd0106a341"}
[36minfo[39m: [37m<-- GET /wd/hub/session/1542f81c-a925-437a-95d6-d1fd0106a341/element/2/text [39m[32m200[39m[90m 47.713 ms - 80[39m [90m{"status":0,"value":"ä¼šå‘˜","sessionId":"1542f81c-a925-437a-95d6-d1fd0106a341"}[39m
[36minfo[39m: [37m-->[39m [37mGET[39m [37m/wd/hub/session/1542f81c-a925-437a-95d6-d1fd0106a341/element/3/text[39m [90m{}[39m
[36minfo[39m: [debug] Pushing command to appium work queue: ["element:getText",{"elementId":"3"}]
[36minfo[39m: [debug] [BOOTSTRAP] [debug] Got data from client: {"cmd":"action","action":"element:getText","params":{"elementId":"3"}}
[36minfo[39m: [debug] [BOOTSTRAP] [debug] Got command of type ACTION
[36minfo[39m: [debug] [BOOTSTRAP] [debug] Got command action: getText
[36minfo[39m: [debug] [BOOTSTRAP] [debug] Returning result: {"status":0,"value":"é€šçŸ¥"}
[36minfo[39m: [debug] Responding to client with success: {"status":0,"value":"é€šçŸ¥","sessionId":"1542f81c-a925-437a-95d6-d1fd0106a341"}
[36minfo[39m: [37m<-- GET /wd/hub/session/1542f81c-a925-437a-95d6-d1fd0106a341/element/3/text [39m[32m200[39m[90m 64.042 ms - 80[39m [90m{"status":0,"value":"é€šçŸ¥","sessionId":"1542f81c-a925-437a-95d6-d1fd0106a341"}[39m
[36minfo[39m: [37m-->[39m [37mGET[39m [37m/wd/hub/session/1542f81c-a925-437a-95d6-d1fd0106a341/element/4/text[39m [90m{}[39m
[36minfo[39m: [debug] Pushing command to appium work queue: ["element:getText",{"elementId":"4"}]
[36minfo[39m: [debug] [BOOTSTRAP] [debug] Got data from client: {"cmd":"action","action":"element:getText","params":{"elementId":"4"}}
[36minfo[39m: [debug] [BOOTSTRAP] [debug] Got command of type ACTION
[36minfo[39m: [debug] [BOOTSTRAP] [debug] Got command action: getText
[36minfo[39m: [debug] [BOOTSTRAP] [debug] Returning result: {"status":0,"value":"æœªç™»å½•"}
[36minfo[39m: [debug] Responding to client with success: {"status":0,"value":"æœªç™»å½•","sessionId":"1542f81c-a925-437a-95d6-d1fd0106a341"}
[36minfo[39m: [37m<-- GET /wd/hub/session/1542f81c-a925-437a-95d6-d1fd0106a341/element/4/text [39m[32m200[39m[90m 104.332 ms - 83[39m [90m{"status":0,"value":"æœªç™»å½•","sessionId":"1542f81c-a925-437a-95d6-d1fd0106a341"}[39m
[36minfo[39m: [37m-->[39m [37mPOST[39m [37m/wd/hub/session/1542f81c-a925-437a-95d6-d1fd0106a341/timeouts[39m [90m{"type":"implicit","ms":10000}[39m
[36minfo[39m: [debug] Set Android implicit wait to 10000ms
[36minfo[39m: [debug] Responding to client with success: {"status":0,"value":null,"sessionId":"1542f81c-a925-437a-95d6-d1fd0106a341"}
[36minfo[39m: [37m<-- POST /wd/hub/session/1542f81c-a925-437a-95d6-d1fd0106a341/timeouts [39m[32m200[39m[90m 2.715 ms - 76[39m [90m{"status":0,"value":null,"sessionId":"1542f81c-a925-437a-95d6-d1fd0106a341"}[39m
[36minfo[39m: [37m-->[39m [37mPOST[39m [37m/wd/hub/session/1542f81c-a925-437a-95d6-d1fd0106a341/element[39m [90m{"using":"name","value":"æˆ‘çš„"}[39m
[33mwarn[39m: [DEPRECATED] The name locator strategy has been deprecated and will be removed.  Please use the accessibility id locator strategy instead.
[36minfo[39m: [debug] Waiting up to 10000ms for condition
[36minfo[39m: [debug] Pushing command to appium work queue: ["find",{"strategy":"name","selector":"æˆ‘çš„","context":"","multiple":false}]
[36minfo[39m: [debug] [BOOTSTRAP] [debug] Got data from client: {"cmd":"action","action":"find","params":{"strategy":"name","selector":"æˆ‘çš„","context":"","multiple":false}}
[36minfo[39m: [debug] [BOOTSTRAP] [debug] Got command of type ACTION
[36minfo[39m: [debug] [BOOTSTRAP] [debug] Got command action: find
[36minfo[39m: [debug] [BOOTSTRAP] [debug] Finding æˆ‘çš„ using NAME with the contextId:  multiple: false
[36minfo[39m: [debug] [BOOTSTRAP] [debug] Using: UiSelector[DESCRIPTION=æˆ‘çš„, INSTANCE=0]
[36minfo[39m: [debug] [BOOTSTRAP] [debug] Using: UiSelector[TEXT=æˆ‘çš„, INSTANCE=0]
[36minfo[39m: [debug] [BOOTSTRAP] [debug] Failed to locate element. Clearing Accessibility cache and retrying.
[36minfo[39m: [debug] [BOOTSTRAP] [debug] Finding æˆ‘çš„ using NAME with the contextId:  multiple: false
[36minfo[39m: [debug] [BOOTSTRAP] [debug] Using: UiSelector[DESCRIPTION=æˆ‘çš„, INSTANCE=0]
[36minfo[39m: [debug] [BOOTSTRAP] [debug] Using: UiSelector[TEXT=æˆ‘çš„, INSTANCE=0]
[36minfo[39m: [debug] [BOOTSTRAP] [debug] Returning result: {"status":7,"value":"No element found"}
[36minfo[39m: [debug] Waited for 653ms so far
[36minfo[39m: [debug] Pushing command to appium work queue: ["find",{"strategy":"name","selector":"æˆ‘çš„","context":"","multiple":false}]
[36minfo[39m: [debug] [BOOTSTRAP] [debug] Got data from client: {"cmd":"action","action":"find","params":{"strategy":"name","selector":"æˆ‘çš„","context":"","multiple":false}}
[36minfo[39m: [debug] [BOOTSTRAP] [debug] Got command of type ACTION
[36minfo[39m: [debug] [BOOTSTRAP] [debug] Got command action: find
[36minfo[39m: [debug] [BOOTSTRAP] [debug] Finding æˆ‘çš„ using NAME with the contextId:  multiple: false
[36minfo[39m: [debug] [BOOTSTRAP] [debug] Using: UiSelector[DESCRIPTION=æˆ‘çš„, INSTANCE=0]
[36minfo[39m: [debug] [BOOTSTRAP] [debug] Using: UiSelector[TEXT=æˆ‘çš„, INSTANCE=0]
[36minfo[39m: [debug] [BOOTSTRAP] [debug] Failed to locate element. Clearing Accessibility cache and retrying.
[36minfo[39m: [debug] [BOOTSTRAP] [debug] Finding æˆ‘çš„ using NAME with the contextId:  multiple: false
[36minfo[39m: [debug] [BOOTSTRAP] [debug] Using: UiSelector[DESCRIPTION=æˆ‘çš„, INSTANCE=0]
[36minfo[39m: [debug] [BOOTSTRAP] [debug] Using: UiSelector[TEXT=æˆ‘çš„, INSTANCE=0]
[36minfo[39m: [debug] [BOOTSTRAP] [debug] Returning result: {"status":7,"value":"No element found"}
[36minfo[39m: [debug] Waited for 1731ms so far
[36minfo[39m: [debug] Pushing command to appium work queue: ["find",{"strategy":"name","selector":"æˆ‘çš„","context":"","multiple":false}]
[36minfo[39m: [debug] [BOOTSTRAP] [debug] Got data from client: {"cmd":"action","action":"find","params":{"strategy":"name","selector":"æˆ‘çš„","context":"","multiple":false}}
[36minfo[39m: [debug] [BOOTSTRAP] [debug] Got command of type ACTION
[36minfo[39m: [debug] [BOOTSTRAP] [debug] Got command action: find
[36minfo[39m: [debug] [BOOTSTRAP] [debug] Finding æˆ‘çš„ using NAME with the contextId:  multiple: false
[36minfo[39m: [debug] [BOOTSTRAP] [debug] Using: UiSelector[DESCRIPTION=æˆ‘çš„, INSTANCE=0]
[36minfo[39m: [debug] [BOOTSTRAP] [debug] Using: UiSelector[TEXT=æˆ‘çš„, INSTANCE=0]
[36minfo[39m: [debug] [BOOTSTRAP] [debug] Failed to locate element. Clearing Accessibility cache and retrying.
[36minfo[39m: [debug] [BOOTSTRAP] [debug] Finding æˆ‘çš„ using NAME with the contextId:  multiple: false
[36minfo[39m: [debug] [BOOTSTRAP] [debug] Using: UiSelector[DESCRIPTION=æˆ‘çš„, INSTANCE=0]
[36minfo[39m: [debug] [BOOTSTRAP] [debug] Using: UiSelector[TEXT=æˆ‘çš„, INSTANCE=0]
[36minfo[39m: [debug] [BOOTSTRAP] [debug] Returning result: {"status":7,"value":"No element found"}
[36minfo[39m: [debug] Waited for 2685ms so far
[36minfo[39m: [debug] Pushing command to appium work queue: ["find",{"strategy":"name","selector":"æˆ‘çš„","context":"","multiple":false}]
[36minfo[39m: [debug] [BOOTSTRAP] [debug] Got data from client: {"cmd":"action","action":"find","params":{"strategy":"name","selector":"æˆ‘çš„","context":"","multiple":false}}
[36minfo[39m: [debug] [BOOTSTRAP] [debug] Got command of type ACTION
[36minfo[39m: [debug] [BOOTSTRAP] [debug] Got command action: find
[36minfo[39m: [debug] [BOOTSTRAP] [debug] Finding æˆ‘çš„ using NAME with the contextId:  multiple: false
[36minfo[39m: [debug] [BOOTSTRAP] [debug] Using: UiSelector[DESCRIPTION=æˆ‘çš„, INSTANCE=0]
[36minfo[39m: [debug] [BOOTSTRAP] [debug] Using: UiSelector[TEXT=æˆ‘çš„, INSTANCE=0]
[36minfo[39m: [debug] [BOOTSTRAP] [debug] Failed to locate element. Clearing Accessibility cache and retrying.
[36minfo[39m: [debug] [BOOTSTRAP] [debug] Finding æˆ‘çš„ using NAME with the contextId:  multiple: false
[36minfo[39m: [debug] [BOOTSTRAP] [debug] Using: UiSelector[DESCRIPTION=æˆ‘çš„, INSTANCE=0]
[36minfo[39m: [debug] [BOOTSTRAP] [debug] Using: UiSelector[TEXT=æˆ‘çš„, INSTANCE=0]
[36minfo[39m: [debug] [BOOTSTRAP] [debug] Returning result: {"status":7,"value":"No element found"}
[36minfo[39m: [debug] Waited for 3599ms so far
[36minfo[39m: [debug] Pushing command to appium work queue: ["find",{"strategy":"name","selector":"æˆ‘çš„","context":"","multiple":false}]
[36minfo[39m: [debug] [BOOTSTRAP] [debug] Got data from client: {"cmd":"action","action":"find","params":{"strategy":"name","selector":"æˆ‘çš„","context":"","multiple":false}}
[36minfo[39m: [debug] [BOOTSTRAP] [debug] Got command of type ACTION
[36minfo[39m: [debug] [BOOTSTRAP] [debug] Got command action: find
[36minfo[39m: [debug] [BOOTSTRAP] [debug] Finding æˆ‘çš„ using NAME with the contextId:  multiple: false
[36minfo[39m: [debug] [BOOTSTRAP] [debug] Using: UiSelector[DESCRIPTION=æˆ‘çš„, INSTANCE=0]
[36minfo[39m: [debug] [BOOTSTRAP] [debug] Using: UiSelector[TEXT=æˆ‘çš„, INSTANCE=0]
[36minfo[39m: [debug] [BOOTSTRAP] [debug] Failed to locate element. Clearing Accessibility cache and retrying.
[36minfo[39m: [debug] [BOOTSTRAP] [debug] Finding æˆ‘çš„ using NAME with the contextId:  multiple: false
[36minfo[39m: [debug] [BOOTSTRAP] [debug] Using: UiSelector[DESCRIPTION=æˆ‘çš„, INSTANCE=0]
[36minfo[39m: [debug] [BOOTSTRAP] [debug] Using: UiSelector[TEXT=æˆ‘çš„, INSTANCE=0]
[36minfo[39m: [debug] [BOOTSTRAP] [debug] Returning result: {"status":7,"value":"No element found"}
[36minfo[39m: [debug] Waited for 4371ms so far
[36minfo[39m: [debug] Pushing command to appium work queue: ["find",{"strategy":"name","selector":"æˆ‘çš„","context":"","multiple":false}]
[36minfo[39m: [debug] [BOOTSTRAP] [debug] Got data from client: {"cmd":"action","action":"find","params":{"strategy":"name","selector":"æˆ‘çš„","context":"","multiple":false}}
[36minfo[39m: [debug] [BOOTSTRAP] [debug] Got command of type ACTION
[36minfo[39m: [debug] [BOOTSTRAP] [debug] Got command action: find
[36minfo[39m: [debug] [BOOTSTRAP] [debug] Finding æˆ‘çš„ using NAME with the contextId:  multiple: false
[36minfo[39m: [debug] [BOOTSTRAP] [debug] Using: UiSelector[DESCRIPTION=æˆ‘çš„, INSTANCE=0]
[36minfo[39m: [debug] [BOOTSTRAP] [debug] Using: UiSelector[TEXT=æˆ‘çš„, INSTANCE=0]
[36minfo[39m: [debug] [BOOTSTRAP] [debug] Failed to locate element. Clearing Accessibility cache and retrying.
[36minfo[39m: [debug] [BOOTSTRAP] [debug] Finding æˆ‘çš„ using NAME with the contextId:  multiple: false
[36minfo[39m: [debug] [BOOTSTRAP] [debug] Using: UiSelector[DESCRIPTION=æˆ‘çš„, INSTANCE=0]
[36minfo[39m: [debug] [BOOTSTRAP] [debug] Using: UiSelector[TEXT=æˆ‘çš„, INSTANCE=0]
[36minfo[39m: [debug] [BOOTSTRAP] [debug] Returning result: {"status":7,"value":"No element found"}
[36minfo[39m: [debug] Waited for 5404ms so far
[36minfo[39m: [debug] Pushing command to appium work queue: ["find",{"strategy":"name","selector":"æˆ‘çš„","context":"","multiple":false}]
[36minfo[39m: [debug] [BOOTSTRAP] [debug] Got data from client: {"cmd":"action","action":"find","params":{"strategy":"name","selector":"æˆ‘çš„","context":"","multiple":false}}
[36minfo[39m: [debug] [BOOTSTRAP] [debug] Got command of type ACTION
[36minfo[39m: [debug] [BOOTSTRAP] [debug] Got command action: find
[36minfo[39m: [debug] [BOOTSTRAP] [debug] Finding æˆ‘çš„ using NAME with the contextId:  multiple: false
[36minfo[39m: [debug] [BOOTSTRAP] [debug] Using: UiSelector[DESCRIPTION=æˆ‘çš„, INSTANCE=0]
[36minfo[39m: [debug] [BOOTSTRAP] [debug] Using: UiSelector[TEXT=æˆ‘çš„, INSTANCE=0]
[36minfo[39m: [debug] [BOOTSTRAP] [debug] Failed to locate element. Clearing Accessibility cache and retrying.
[36minfo[39m: [debug] [BOOTSTRAP] [debug] Finding æˆ‘çš„ using NAME with the contextId:  multiple: false
[36minfo[39m: [debug] [BOOTSTRAP] [debug] Using: UiSelector[DESCRIPTION=æˆ‘çš„, INSTANCE=0]
[36minfo[39m: [debug] [BOOTSTRAP] [debug] Using: UiSelector[TEXT=æˆ‘çš„, INSTANCE=0]
[36minfo[39m: [debug] [BOOTSTRAP] [debug] Returning result: {"status":7,"value":"No element found"}
[36minfo[39m: [debug] Waited for 6337ms so far
[36minfo[39m: [debug] Pushing command to appium work queue: ["find",{"strategy":"name","selector":"æˆ‘çš„","context":"","multiple":false}]
[36minfo[39m: [debug] [BOOTSTRAP] [debug] Got data from client: {"cmd":"action","action":"find","params":{"strategy":"name","selector":"æˆ‘çš„","context":"","multiple":false}}
[36minfo[39m: [debug] [BOOTSTRAP] [debug] Got command of type ACTION
[36minfo[39m: [debug] [BOOTSTRAP] [debug] Got command action: find
[36minfo[39m: [debug] [BOOTSTRAP] [debug] Finding æˆ‘çš„ using NAME with the contextId:  multiple: false
[36minfo[39m: [debug] [BOOTSTRAP] [debug] Using: UiSelector[DESCRIPTION=æˆ‘çš„, INSTANCE=0]
[36minfo[39m: [debug] [BOOTSTRAP] [debug] Using: UiSelector[TEXT=æˆ‘çš„, INSTANCE=0]
[36minfo[39m: [debug] [BOOTSTRAP] [debug] Failed to locate element. Clearing Accessibility cache and retrying.
[36minfo[39m: [debug] [BOOTSTRAP] [debug] Finding æˆ‘çš„ using NAME with the contextId:  multiple: false
[36minfo[39m: [debug] [BOOTSTRAP] [debug] Using: UiSelector[DESCRIPTION=æˆ‘çš„, INSTANCE=0]
[36minfo[39m: [debug] [BOOTSTRAP] [debug] Using: UiSelector[TEXT=æˆ‘çš„, INSTANCE=0]
[36minfo[39m: [debug] [BOOTSTRAP] [debug] Returning result: {"status":7,"value":"No element found"}
[36minfo[39m: [debug] Waited for 7081ms so far
[36minfo[39m: [debug] Pushing command to appium work queue: ["find",{"strategy":"name","selector":"æˆ‘çš„","context":"","multiple":false}]
[36minfo[39m: [debug] [BOOTSTRAP] [debug] Got data from client: {"cmd":"action","action":"find","params":{"strategy":"name","selector":"æˆ‘çš„","context":"","multiple":false}}
[36minfo[39m: [debug] [BOOTSTRAP] [debug] Got command of type ACTION
[36minfo[39m: [debug] [BOOTSTRAP] [debug] Got command action: find
[36minfo[39m: [debug] [BOOTSTRAP] [debug] Finding æˆ‘çš„ using NAME with the contextId:  multiple: false
[36minfo[39m: [debug] [BOOTSTRAP] [debug] Using: UiSelector[DESCRIPTION=æˆ‘çš„, INSTANCE=0]
[36minfo[39m: [debug] [BOOTSTRAP] [debug] Using: UiSelector[TEXT=æˆ‘çš„, INSTANCE=0]
[36minfo[39m: [debug] [BOOTSTRAP] [debug] Failed to locate element. Clearing Accessibility cache and retrying.
[36minfo[39m: [debug] [BOOTSTRAP] [debug] Finding æˆ‘çš„ using NAME with the contextId:  multiple: false
[36minfo[39m: [debug] [BOOTSTRAP] [debug] Using: UiSelector[DESCRIPTION=æˆ‘çš„, INSTANCE=0]
[36minfo[39m: [debug] [BOOTSTRAP] [debug] Using: UiSelector[TEXT=æˆ‘çš„, INSTANCE=0]
[36minfo[39m: [debug] [BOOTSTRAP] [debug] Returning result: {"status":7,"value":"No element found"}
[36minfo[39m: [debug] Waited for 7998ms so far
[36minfo[39m: [debug] Pushing command to appium work queue: ["find",{"strategy":"name","selector":"æˆ‘çš„","context":"","multiple":false}]
[36minfo[39m: [debug] [BOOTSTRAP] [debug] Got data from client: {"cmd":"action","action":"find","params":{"strategy":"name","selector":"æˆ‘çš„","context":"","multiple":false}}
[36minfo[39m: [debug] [BOOTSTRAP] [debug] Got command of type ACTION
[36minfo[39m: [debug] [BOOTSTRAP] [debug] Got command action: find
[36minfo[39m: [debug] [BOOTSTRAP] [debug] Finding æˆ‘çš„ using NAME with the contextId:  multiple: false
[36minfo[39m: [debug] [BOOTSTRAP] [debug] Using: UiSelector[DESCRIPTION=æˆ‘çš„, INSTANCE=0]
[36minfo[39m: [debug] [BOOTSTRAP] [debug] Using: UiSelector[TEXT=æˆ‘çš„, INSTANCE=0]
[36minfo[39m: [debug] [BOOTSTRAP] [debug] Failed to locate element. Clearing Accessibility cache and retrying.
[36minfo[39m: [debug] [BOOTSTRAP] [debug] Finding æˆ‘çš„ using NAME with the contextId:  multiple: false
[36minfo[39m: [debug] [BOOTSTRAP] [debug] Using: UiSelector[DESCRIPTION=æˆ‘çš„, INSTANCE=0]
[36minfo[39m: [debug] [BOOTSTRAP] [debug] Using: UiSelector[TEXT=æˆ‘çš„, INSTANCE=0]
[36minfo[39m: [debug] [BOOTSTRAP] [debug] Returning result: {"status":7,"value":"No element found"}
[36minfo[39m: [debug] Waited for 8937ms so far
[36minfo[39m: [debug] Pushing command to appium work queue: ["find",{"strategy":"name","selector":"æˆ‘çš„","context":"","multiple":false}]
[36minfo[39m: [debug] [BOOTSTRAP] [debug] Got data from client: {"cmd":"action","action":"find","params":{"strategy":"name","selector":"æˆ‘çš„","context":"","multiple":false}}
[36minfo[39m: [debug] [BOOTSTRAP] [debug] Got command of type ACTION
[36minfo[39m: [debug] [BOOTSTRAP] [debug] Got command action: find
[36minfo[39m: [debug] [BOOTSTRAP] [debug] Finding æˆ‘çš„ using NAME with the contextId:  multiple: false
[36minfo[39m: [debug] [BOOTSTRAP] [debug] Using: UiSelector[DESCRIPTION=æˆ‘çš„, INSTANCE=0]
[36minfo[39m: [debug] [BOOTSTRAP] [debug] Using: UiSelector[TEXT=æˆ‘çš„, INSTANCE=0]
[36minfo[39m: [debug] [BOOTSTRAP] [debug] Failed to locate element. Clearing Accessibility cache and retrying.
[36minfo[39m: [debug] [BOOTSTRAP] [debug] Finding æˆ‘çš„ using NAME with the contextId:  multiple: false
[36minfo[39m: [debug] [BOOTSTRAP] [debug] Using: UiSelector[DESCRIPTION=æˆ‘çš„, INSTANCE=0]
[36minfo[39m: [debug] [BOOTSTRAP] [debug] Using: UiSelector[TEXT=æˆ‘çš„, INSTANCE=0]
[36minfo[39m: [debug] [BOOTSTRAP] [debug] Returning result: {"status":7,"value":"No element found"}
[36minfo[39m: [debug] Waited for 9855ms so far
[36minfo[39m: [debug] Pushing command to appium work queue: ["find",{"strategy":"name","selector":"æˆ‘çš„","context":"","multiple":false}]
[36minfo[39m: [debug] [BOOTSTRAP] [debug] Got data from client: {"cmd":"action","action":"find","params":{"strategy":"name","selector":"æˆ‘çš„","context":"","multiple":false}}
[36minfo[39m: [debug] [BOOTSTRAP] [debug] Got command of type ACTION
[36minfo[39m: [debug] [BOOTSTRAP] [debug] Got command action: find
[36minfo[39m: [debug] [BOOTSTRAP] [debug] Finding æˆ‘çš„ using NAME with the contextId:  multiple: false
[36minfo[39m: [debug] [BOOTSTRAP] [debug] Using: UiSelector[DESCRIPTION=æˆ‘çš„, INSTANCE=0]
[36minfo[39m: [debug] [BOOTSTRAP] [debug] Using: UiSelector[TEXT=æˆ‘çš„, INSTANCE=0]
[36minfo[39m: [debug] [BOOTSTRAP] [debug] Failed to locate element. Clearing Accessibility cache and retrying.
[36minfo[39m: [debug] [BOOTSTRAP] [debug] Finding æˆ‘çš„ using NAME with the contextId:  multiple: false
[36minfo[39m: [debug] [BOOTSTRAP] [debug] Using: UiSelector[DESCRIPTION=æˆ‘çš„, INSTANCE=0]
[36minfo[39m: [debug] [BOOTSTRAP] [debug] Using: UiSelector[TEXT=æˆ‘çš„, INSTANCE=0]
[36minfo[39m: [debug] [BOOTSTRAP] [debug] Returning result: {"status":7,"value":"No element found"}
[36minfo[39m: [debug] Condition unmet after 11081ms. Timing out.
[36minfo[39m: [debug] Responding to client with error: {"status":7,"value":{"message":"An element could not be located on the page using the given search parameters.","origValue":"No element found"},"sessionId":"1542f81c-a925-437a-95d6-d1fd0106a341"}
[36minfo[39m: [37m<-- POST /wd/hub/session/1542f81c-a925-437a-95d6-d1fd0106a341/element [39m[31m500[39m[90m 11096.759 ms - 195[39m [90m[39m
[36minfo[39m: [37m-->[39m [37mPOST[39m [37m/wd/hub/session/1542f81c-a925-437a-95d6-d1fd0106a341/timeouts[39m [90m{"type":"implicit","ms":10000}[39m
[36minfo[39m: [debug] Set Android implicit wait to 10000ms
[36minfo[39m: [debug] Responding to client with success: {"status":0,"value":null,"sessionId":"1542f81c-a925-437a-95d6-d1fd0106a341"}
[36minfo[39m: [37m<-- POST /wd/hub/session/1542f81c-a925-437a-95d6-d1fd0106a341/timeouts [39m[32m200[39m[90m 2.193 ms - 76[39m [90m{"status":0,"value":null,"sessionId":"1542f81c-a925-437a-95d6-d1fd0106a341"}[39m
[36minfo[39m: [37m-->[39m [37mPOST[39m [37m/wd/hub/session/1542f81c-a925-437a-95d6-d1fd0106a341/element[39m [90m{"using":"id","value":"com.zhihu.android:id/setting_btn"}[39m
[36minfo[39m: [debug] Waiting up to 10000ms for condition
[36minfo[39m: [debug] Pushing command to appium work queue: ["find",{"strategy":"id","selector":"com.zhihu.android:id/setting_btn","context":"","multiple":false}]
[36minfo[39m: [debug] [BOOTSTRAP] [debug] Got data from client: {"cmd":"action","action":"find","params":{"strategy":"id","selector":"com.zhihu.android:id/setting_btn","context":"","multiple":false}}
[36minfo[39m: [debug] [BOOTSTRAP] [debug] Got command of type ACTION
[36minfo[39m: [debug] [BOOTSTRAP] [debug] Got command action: find
[36minfo[39m: [debug] [BOOTSTRAP] [debug] Finding com.zhihu.android:id/setting_btn using ID with the contextId:  multiple: false
[36minfo[39m: [debug] [BOOTSTRAP] [debug] Using: UiSelector[INSTANCE=0, RESOURCE_ID=com.zhihu.android:id/setting_btn]
[36minfo[39m: [debug] [BOOTSTRAP] [debug] Failed to locate element. Clearing Accessibility cache and retrying.
[36minfo[39m: [debug] [BOOTSTRAP] [debug] Finding com.zhihu.android:id/setting_btn using ID with the contextId:  multiple: false
[36minfo[39m: [debug] [BOOTSTRAP] [debug] Using: UiSelector[INSTANCE=0, RESOURCE_ID=com.zhihu.android:id/setting_btn]
[36minfo[39m: [debug] [BOOTSTRAP] [debug] Returning result: {"status":7,"value":"No element found"}
[36minfo[39m: [debug] Waited for 175ms so far
[36minfo[39m: [debug] Pushing command to appium work queue: ["find",{"strategy":"id","selector":"com.zhihu.android:id/setting_btn","context":"","multiple":false}]
[36minfo[39m: [debug] [BOOTSTRAP] [debug] Got data from client: {"cmd":"action","action":"find","params":{"strategy":"id","selector":"com.zhihu.android:id/setting_btn","context":"","multiple":false}}
[36minfo[39m: [debug] [BOOTSTRAP] [debug] Got command of type ACTION
[36minfo[39m: [debug] [BOOTSTRAP] [debug] Got command action: find
[36minfo[39m: [debug] [BOOTSTRAP] [debug] Finding com.zhihu.android:id/setting_btn using ID with the contextId:  multiple: false
[36minfo[39m: [debug] [BOOTSTRAP] [debug] Using: UiSelector[INSTANCE=0, RESOURCE_ID=com.zhihu.android:id/setting_btn]
[36minfo[39m: [debug] [BOOTSTRAP] [debug] Failed to locate element. Clearing Accessibility cache and retrying.
[36minfo[39m: [debug] [BOOTSTRAP] [debug] Finding com.zhihu.android:id/setting_btn using ID with the contextId:  multiple: false
[36minfo[39m: [debug] [BOOTSTRAP] [debug] Using: UiSelector[INSTANCE=0, RESOURCE_ID=com.zhihu.android:id/setting_btn]
[36minfo[39m: [debug] [BOOTSTRAP] [debug] Returning result: {"status":7,"value":"No element found"}
[36minfo[39m: [debug] Waited for 910ms so far
[36minfo[39m: [debug] Pushing command to appium work queue: ["find",{"strategy":"id","selector":"com.zhihu.android:id/setting_btn","context":"","multiple":false}]
[36minfo[39m: [debug] [BOOTSTRAP] [debug] Got data from client: {"cmd":"action","action":"find","params":{"strategy":"id","selector":"com.zhihu.android:id/setting_btn","context":"","multiple":false}}
[36minfo[39m: [debug] [BOOTSTRAP] [debug] Got command of type ACTION
[36minfo[39m: [debug] [BOOTSTRAP] [debug] Got command action: find
[36minfo[39m: [debug] [BOOTSTRAP] [debug] Finding com.zhihu.android:id/setting_btn using ID with the contextId:  multiple: false
[36minfo[39m: [debug] [BOOTSTRAP] [debug] Using: UiSelector[INSTANCE=0, RESOURCE_ID=com.zhihu.android:id/setting_btn]
[36minfo[39m: [debug] [BOOTSTRAP] [debug] Failed to locate element. Clearing Accessibility cache and retrying.
[36minfo[39m: [debug] [BOOTSTRAP] [debug] Finding com.zhihu.android:id/setting_btn using ID with the contextId:  multiple: false
[36minfo[39m: [debug] [BOOTSTRAP] [debug] Using: UiSelector[INSTANCE=0, RESOURCE_ID=com.zhihu.android:id/setting_btn]
[36minfo[39m: [debug] [BOOTSTRAP] [debug] Returning result: {"status":7,"value":"No element found"}
[36minfo[39m: [debug] Waited for 1745ms so far
[36minfo[39m: [debug] Pushing command to appium work queue: ["find",{"strategy":"id","selector":"com.zhihu.android:id/setting_btn","context":"","multiple":false}]
[36minfo[39m: [debug] [BOOTSTRAP] [debug] Got data from client: {"cmd":"action","action":"find","params":{"strategy":"id","selector":"com.zhihu.android:id/setting_btn","context":"","multiple":false}}
[36minfo[39m: [debug] [BOOTSTRAP] [debug] Got command of type ACTION
[36minfo[39m: [debug] [BOOTSTRAP] [debug] Got command action: find
[36minfo[39m: [debug] [BOOTSTRAP] [debug] Finding com.zhihu.android:id/setting_btn using ID with the contextId:  multiple: false
[36minfo[39m: [debug] [BOOTSTRAP] [debug] Using: UiSelector[INSTANCE=0, RESOURCE_ID=com.zhihu.android:id/setting_btn]
[36minfo[39m: [debug] [BOOTSTRAP] [debug] Failed to locate element. Clearing Accessibility cache and retrying.
[36minfo[39m: [debug] [BOOTSTRAP] [debug] Finding com.zhihu.android:id/setting_btn using ID with the contextId:  multiple: false
[36minfo[39m: [debug] [BOOTSTRAP] [debug] Using: UiSelector[INSTANCE=0, RESOURCE_ID=com.zhihu.android:id/setting_btn]
[36minfo[39m: [debug] [BOOTSTRAP] [debug] Returning result: {"status":7,"value":"No element found"}
[36minfo[39m: [debug] Waited for 3134ms so far
[36minfo[39m: [debug] Pushing command to appium work queue: ["find",{"strategy":"id","selector":"com.zhihu.android:id/setting_btn","context":"","multiple":false}]
[36minfo[39m: [debug] [BOOTSTRAP] [debug] Got data from client: {"cmd":"action","action":"find","params":{"strategy":"id","selector":"com.zhihu.android:id/setting_btn","context":"","multiple":false}}
[36minfo[39m: [debug] [BOOTSTRAP] [debug] Got command of type ACTION
[36minfo[39m: [debug] [BOOTSTRAP] [debug] Got command action: find
[36minfo[39m: [debug] [BOOTSTRAP] [debug] Finding com.zhihu.android:id/setting_btn using ID with the contextId:  multiple: false
[36minfo[39m: [debug] [BOOTSTRAP] [debug] Using: UiSelector[INSTANCE=0, RESOURCE_ID=com.zhihu.android:id/setting_btn]
[36minfo[39m: [debug] [BOOTSTRAP] [debug] Failed to locate element. Clearing Accessibility cache and retrying.
[36minfo[39m: [debug] [BOOTSTRAP] [debug] Finding com.zhihu.android:id/setting_btn using ID with the contextId:  multiple: false
[36minfo[39m: [debug] [BOOTSTRAP] [debug] Using: UiSelector[INSTANCE=0, RESOURCE_ID=com.zhihu.android:id/setting_btn]
[36minfo[39m: [debug] [BOOTSTRAP] [debug] Returning result: {"status":7,"value":"No element found"}
[36minfo[39m: [debug] Waited for 3980ms so far
[36minfo[39m: [debug] Pushing command to appium work queue: ["find",{"strategy":"id","selector":"com.zhihu.android:id/setting_btn","context":"","multiple":false}]
[36minfo[39m: [debug] [BOOTSTRAP] [debug] Got data from client: {"cmd":"action","action":"find","params":{"strategy":"id","selector":"com.zhihu.android:id/setting_btn","context":"","multiple":false}}
[36minfo[39m: [debug] [BOOTSTRAP] [debug] Got command of type ACTION
[36minfo[39m: [debug] [BOOTSTRAP] [debug] Got command action: find
[36minfo[39m: [debug] [BOOTSTRAP] [debug] Finding com.zhihu.android:id/setting_btn using ID with the contextId:  multiple: false
[36minfo[39m: [debug] [BOOTSTRAP] [debug] Using: UiSelector[INSTANCE=0, RESOURCE_ID=com.zhihu.android:id/setting_btn]
[36minfo[39m: [debug] [BOOTSTRAP] [debug] Failed to locate element. Clearing Accessibility cache and retrying.
[36minfo[39m: [debug] [BOOTSTRAP] [debug] Finding com.zhihu.android:id/setting_btn using ID with the contextId:  multiple: false
[36minfo[39m: [debug] [BOOTSTRAP] [debug] Using: UiSelector[INSTANCE=0, RESOURCE_ID=com.zhihu.android:id/setting_btn]
[36minfo[39m: [debug] [BOOTSTRAP] [debug] Returning result: {"status":7,"value":"No element found"}
[36minfo[39m: [debug] Waited for 4691ms so far
[36minfo[39m: [debug] Pushing command to appium work queue: ["find",{"strategy":"id","selector":"com.zhihu.android:id/setting_btn","context":"","multiple":false}]
[36minfo[39m: [debug] [BOOTSTRAP] [debug] Got data from client: {"cmd":"action","action":"find","params":{"strategy":"id","selector":"com.zhihu.android:id/setting_btn","context":"","multiple":false}}
[36minfo[39m: [debug] [BOOTSTRAP] [debug] Got command of type ACTION
[36minfo[39m: [debug] [BOOTSTRAP] [debug] Got command action: find
[36minfo[39m: [debug] [BOOTSTRAP] [debug] Finding com.zhihu.android:id/setting_btn using ID with the contextId:  multiple: false
[36minfo[39m: [debug] [BOOTSTRAP] [debug] Using: UiSelector[INSTANCE=0, RESOURCE_ID=com.zhihu.android:id/setting_btn]
[36minfo[39m: [debug] [BOOTSTRAP] [debug] Failed to locate element. Clearing Accessibility cache and retrying.
[36minfo[39m: [debug] [BOOTSTRAP] [debug] Finding com.zhihu.android:id/setting_btn using ID with the contextId:  multiple: false
[36minfo[39m: [debug] [BOOTSTRAP] [debug] Using: UiSelector[INSTANCE=0, RESOURCE_ID=com.zhihu.android:id/setting_btn]
[36minfo[39m: [debug] [BOOTSTRAP] [debug] Returning result: {"status":7,"value":"No element found"}
[36minfo[39m: [debug] Waited for 5370ms so far
[36minfo[39m: [debug] Pushing command to appium work queue: ["find",{"strategy":"id","selector":"com.zhihu.android:id/setting_btn","context":"","multiple":false}]
[36minfo[39m: [debug] [BOOTSTRAP] [debug] Got data from client: {"cmd":"action","action":"find","params":{"strategy":"id","selector":"com.zhihu.android:id/setting_btn","context":"","multiple":false}}
[36minfo[39m: [debug] [BOOTSTRAP] [debug] Got command of type ACTION
[36minfo[39m: [debug] [BOOTSTRAP] [debug] Got command action: find
[36minfo[39m: [debug] [BOOTSTRAP] [debug] Finding com.zhihu.android:id/setting_btn using ID with the contextId:  multiple: false
[36minfo[39m: [debug] [BOOTSTRAP] [debug] Using: UiSelector[INSTANCE=0, RESOURCE_ID=com.zhihu.android:id/setting_btn]
[36minfo[39m: [debug] [BOOTSTRAP] [debug] Failed to locate element. Clearing Accessibility cache and retrying.
[36minfo[39m: [debug] [BOOTSTRAP] [debug] Finding com.zhihu.android:id/setting_btn using ID with the contextId:  multiple: false
[36minfo[39m: [debug] [BOOTSTRAP] [debug] Using: UiSelector[INSTANCE=0, RESOURCE_ID=com.zhihu.android:id/setting_btn]
[36minfo[39m: [debug] [BOOTSTRAP] [debug] Returning result: {"status":7,"value":"No element found"}
[36minfo[39m: [debug] Waited for 6084ms so far
[36minfo[39m: [debug] Pushing command to appium work queue: ["find",{"strategy":"id","selector":"com.zhihu.android:id/setting_btn","context":"","multiple":false}]
[36minfo[39m: [debug] [BOOTSTRAP] [debug] Got data from client: {"cmd":"action","action":"find","params":{"strategy":"id","selector":"com.zhihu.android:id/setting_btn","context":"","multiple":false}}
[36minfo[39m: [debug] [BOOTSTRAP] [debug] Got command of type ACTION
[36minfo[39m: [debug] [BOOTSTRAP] [debug] Got command action: find
[36minfo[39m: [debug] [BOOTSTRAP] [debug] Finding com.zhihu.android:id/setting_btn using ID with the contextId:  multiple: false
[36minfo[39m: [debug] [BOOTSTRAP] [debug] Using: UiSelector[INSTANCE=0, RESOURCE_ID=com.zhihu.android:id/setting_btn]
[36minfo[39m: [debug] [BOOTSTRAP] [debug] Failed to locate element. Clearing Accessibility cache and retrying.
[36minfo[39m: [debug] [BOOTSTRAP] [debug] Finding com.zhihu.android:id/setting_btn using ID with the contextId:  multiple: false
[36minfo[39m: [debug] [BOOTSTRAP] [debug] Using: UiSelector[INSTANCE=0, RESOURCE_ID=com.zhihu.android:id/setting_btn]
[36minfo[39m: [debug] [BOOTSTRAP] [debug] Returning result: {"status":7,"value":"No element found"}
[36minfo[39m: [debug] Waited for 6753ms so far
[36minfo[39m: [debug] Pushing command to appium work queue: ["find",{"strategy":"id","selector":"com.zhihu.android:id/setting_btn","context":"","multiple":false}]
[36minfo[39m: [debug] [BOOTSTRAP] [debug] Got data from client: {"cmd":"action","action":"find","params":{"strategy":"id","selector":"com.zhihu.android:id/setting_btn","context":"","multiple":false}}
[36minfo[39m: [debug] [BOOTSTRAP] [debug] Got command of type ACTION
[36minfo[39m: [debug] [BOOTSTRAP] [debug] Got command action: find
[36minfo[39m: [debug] [BOOTSTRAP] [debug] Finding com.zhihu.android:id/setting_btn using ID with the contextId:  multiple: false
[36minfo[39m: [debug] [BOOTSTRAP] [debug] Using: UiSelector[INSTANCE=0, RESOURCE_ID=com.zhihu.android:id/setting_btn]
[36minfo[39m: [debug] [BOOTSTRAP] [debug] Failed to locate element. Clearing Accessibility cache and retrying.
[36minfo[39m: [debug] [BOOTSTRAP] [debug] Finding com.zhihu.android:id/setting_btn using ID with the contextId:  multiple: false
[36minfo[39m: [debug] [BOOTSTRAP] [debug] Using: UiSelector[INSTANCE=0, RESOURCE_ID=com.zhihu.android:id/setting_btn]
[36minfo[39m: [debug] [BOOTSTRAP] [debug] Returning result: {"status":7,"value":"No element found"}
[36minfo[39m: [debug] Waited for 7572ms so far
[36minfo[39m: [debug] Pushing command to appium work queue: ["find",{"strategy":"id","selector":"com.zhihu.android:id/setting_btn","context":"","multiple":false}]
[36minfo[39m: [debug] [BOOTSTRAP] [debug] Got data from client: {"cmd":"action","action":"find","params":{"strategy":"id","selector":"com.zhihu.android:id/setting_btn","context":"","multiple":false}}
[36minfo[39m: [debug] [BOOTSTRAP] [debug] Got command of type ACTION
[36minfo[39m: [debug] [BOOTSTRAP] [debug] Got command action: find
[36minfo[39m: [debug] [BOOTSTRAP] [debug] Finding com.zhihu.android:id/setting_btn using ID with the contextId:  multiple: false
[36minfo[39m: [debug] [BOOTSTRAP] [debug] Using: UiSelector[INSTANCE=0, RESOURCE_ID=com.zhihu.android:id/setting_btn]
[36minfo[39m: [debug] [BOOTSTRAP] [debug] Failed to locate element. Clearing Accessibility cache and retrying.
[36minfo[39m: [debug] [BOOTSTRAP] [debug] Finding com.zhihu.android:id/setting_btn using ID with the contextId:  multiple: false
[36minfo[39m: [debug] [BOOTSTRAP] [debug] Using: UiSelector[INSTANCE=0, RESOURCE_ID=com.zhihu.android:id/setting_btn]
[36minfo[39m: [debug] [BOOTSTRAP] [debug] Returning result: {"status":7,"value":"No element found"}
[36minfo[39m: [debug] Waited for 8373ms so far
[36minfo[39m: [debug] Pushing command to appium work queue: ["find",{"strategy":"id","selector":"com.zhihu.android:id/setting_btn","context":"","multiple":false}]
[36minfo[39m: [debug] [BOOTSTRAP] [debug] Got data from client: {"cmd":"action","action":"find","params":{"strategy":"id","selector":"com.zhihu.android:id/setting_btn","context":"","multiple":false}}
[36minfo[39m: [debug] [BOOTSTRAP] [debug] Got command of type ACTION
[36minfo[39m: [debug] [BOOTSTRAP] [debug] Got command action: find
[36minfo[39m: [debug] [BOOTSTRAP] [debug] Finding com.zhihu.android:id/setting_btn using ID with the contextId:  multiple: false
[36minfo[39m: [debug] [BOOTSTRAP] [debug] Using: UiSelector[INSTANCE=0, RESOURCE_ID=com.zhihu.android:id/setting_btn]
[36minfo[39m: [debug] [BOOTSTRAP] [debug] Failed to locate element. Clearing Accessibility cache and retrying.
[36minfo[39m: [debug] [BOOTSTRAP] [debug] Finding com.zhihu.android:id/setting_btn using ID with the contextId:  multiple: false
[36minfo[39m: [debug] [BOOTSTRAP] [debug] Using: UiSelector[INSTANCE=0, RESOURCE_ID=com.zhihu.android:id/setting_btn]
[36minfo[39m: [debug] [BOOTSTRAP] [debug] Returning result: {"status":7,"value":"No element found"}
[36minfo[39m: [debug] Waited for 8978ms so far
[36minfo[39m: [debug] Pushing command to appium work queue: ["find",{"strategy":"id","selector":"com.zhihu.android:id/setting_btn","context":"","multiple":false}]
[36minfo[39m: [debug] [BOOTSTRAP] [debug] Got data from client: {"cmd":"action","action":"find","params":{"strategy":"id","selector":"com.zhihu.android:id/setting_btn","context":"","multiple":false}}
[36minfo[39m: [debug] [BOOTSTRAP] [debug] Got command of type ACTION
[36minfo[39m: [debug] [BOOTSTRAP] [debug] Got command action: find
[36minfo[39m: [debug] [BOOTSTRAP] [debug] Finding com.zhihu.android:id/setting_btn using ID with the contextId:  multiple: false
[36minfo[39m: [debug] [BOOTSTRAP] [debug] Using: UiSelector[INSTANCE=0, RESOURCE_ID=com.zhihu.android:id/setting_btn]
[36minfo[39m: [debug] [BOOTSTRAP] [debug] Failed to locate element. Clearing Accessibility cache and retrying.
[36minfo[39m: [debug] [BOOTSTRAP] [debug] Finding com.zhihu.android:id/setting_btn using ID with the contextId:  multiple: false
[36minfo[39m: [debug] [BOOTSTRAP] [debug] Using: UiSelector[INSTANCE=0, RESOURCE_ID=com.zhihu.android:id/setting_btn]
[36minfo[39m: [debug] [BOOTSTRAP] [debug] Returning result: {"status":7,"value":"No element found"}
[36minfo[39m: [debug] Waited for 9597ms so far
[36minfo[39m: [debug] Pushing command to appium work queue: ["find",{"strategy":"id","selector":"com.zhihu.android:id/setting_btn","context":"","multiple":false}]
[36minfo[39m: [debug] [BOOTSTRAP] [debug] Got data from client: {"cmd":"action","action":"find","params":{"strategy":"id","selector":"com.zhihu.android:id/setting_btn","context":"","multiple":false}}
[36minfo[39m: [debug] [BOOTSTRAP] [debug] Got command of type ACTION
[36minfo[39m: [debug] [BOOTSTRAP] [debug] Got command action: find
[36minfo[39m: [debug] [BOOTSTRAP] [debug] Finding com.zhihu.android:id/setting_btn using ID with the contextId:  multiple: false
[36minfo[39m: [debug] [BOOTSTRAP] [debug] Using: UiSelector[INSTANCE=0, RESOURCE_ID=com.zhihu.android:id/setting_btn]
[36minfo[39m: [debug] [BOOTSTRAP] [debug] Failed to locate element. Clearing Accessibility cache and retrying.
[36minfo[39m: [debug] [BOOTSTRAP] [debug] Finding com.zhihu.android:id/setting_btn using ID with the contextId:  multiple: false
[36minfo[39m: [debug] [BOOTSTRAP] [debug] Using: UiSelector[INSTANCE=0, RESOURCE_ID=com.zhihu.android:id/setting_btn]
[36minfo[39m: [debug] [BOOTSTRAP] [debug] Returning result: {"status":7,"value":"No element found"}
[36minfo[39m: [debug] Condition unmet after 10181ms. Timing out.
[36minfo[39m: [debug] Responding to client with error: {"status":7,"value":{"message":"An element could not be located on the page using the given search parameters.","origValue":"No element found"},"sessionId":"1542f81c-a925-437a-95d6-d1fd0106a341"}
[36minfo[39m: [37m<-- POST /wd/hub/session/1542f81c-a925-437a-95d6-d1fd0106a341/element [39m[31m500[39m[90m 10191.524 ms - 195[39m [90m[39m
[36minfo[39m: [37m-->[39m [37mGET[39m [37m/wd/hub/session/1542f81c-a925-437a-95d6-d1fd0106a341/window/current/size[39m [90m{}[39m
[36minfo[39m: [debug] Pushing command to appium work queue: ["getDeviceSize"]
[36minfo[39m: [debug] [BOOTSTRAP] [debug] Got data from client: {"cmd":"action","action":"getDeviceSize","params":{}}
[36minfo[39m: [debug] [BOOTSTRAP] [debug] Got command of type ACTION
[36minfo[39m: [debug] [BOOTSTRAP] [debug] Got command action: getDeviceSize
[36minfo[39m: [debug] [BOOTSTRAP] [debug] Returning result: {"status":0,"value":{"height":1280,"width":720}}
[36minfo[39m: [debug] Responding to client with success: {"status":0,"value":{"height":1280,"width":720},"sessionId":"1542f81c-a925-437a-95d6-d1fd0106a341"}
[36minfo[39m: [37m<-- GET /wd/hub/session/1542f81c-a925-437a-95d6-d1fd0106a341/window/current/size [39m[32m200[39m[90m 15.347 ms - 99[39m [90m{"status":0,"value":{"height":1280,"width":720},"sessionId":"1542f81c-a925-437a-95d6-d1fd0106a341"}[39m
[36minfo[39m: [37m-->[39m [37mGET[39m [37m/wd/hub/session/1542f81c-a925-437a-95d6-d1fd0106a341/window/current/size[39m [90m{}[39m
[36minfo[39m: [debug] Pushing command to appium work queue: ["getDeviceSize"]
[36minfo[39m: [debug] [BOOTSTRAP] [debug] Got data from client: {"cmd":"action","action":"getDeviceSize","params":{}}
[36minfo[39m: [debug] [BOOTSTRAP] [debug] Got command of type ACTION
[36minfo[39m: [debug] [BOOTSTRAP] [debug] Got command action: getDeviceSize
[36minfo[39m: [debug] Responding to client with success: {"status":0,"value":{"height":1280,"width":720},"sessionId":"1542f81c-a925-437a-95d6-d1fd0106a341"}
[36minfo[39m: [37m<-- GET /wd/hub/session/1542f81c-a925-437a-95d6-d1fd0106a341/window/current/size [39m[32m200[39m[90m 6.257 ms - 99[39m [90m{"status":0,"value":{"height":1280,"width":720},"sessionId":"1542f81c-a925-437a-95d6-d1fd0106a341"}[39m
[36minfo[39m: [debug] [BOOTSTRAP] [debug] Returning result: {"status":0,"value":{"height":1280,"width":720}}
[36minfo[39m: [37m-->[39m [37mGET[39m [37m/wd/hub/session/1542f81c-a925-437a-95d6-d1fd0106a341/window/current/size[39m [90m{}[39m
[36minfo[39m: [debug] Pushing command to appium work queue: ["getDeviceSize"]
[36minfo[39m: [debug] [BOOTSTRAP] [debug] Got data from client: {"cmd":"action","action":"getDeviceSize","params":{}}
[36minfo[39m: [debug] [BOOTSTRAP] [debug] Got command of type ACTION
[36minfo[39m: [debug] [BOOTSTRAP] [debug] Got command action: getDeviceSize
[36minfo[39m: [debug] Responding to client with success: {"status":0,"value":{"height":1280,"width":720},"sessionId":"1542f81c-a925-437a-95d6-d1fd0106a341"}
[36minfo[39m: [37m<-- GET /wd/hub/session/1542f81c-a925-437a-95d6-d1fd0106a341/window/current/size [39m[32m200[39m[90m 6.387 ms - 99[39m [90m{"status":0,"value":{"height":1280,"width":720},"sessionId":"1542f81c-a925-437a-95d6-d1fd0106a341"}[39m
[36minfo[39m: [debug] [BOOTSTRAP] [debug] Returning result: {"status":0,"value":{"height":1280,"width":720}}
[36minfo[39m: [37m-->[39m [37mGET[39m [37m/wd/hub/session/1542f81c-a925-437a-95d6-d1fd0106a341/window/current/size[39m [90m{}[39m
[36minfo[39m: [debug] Pushing command to appium work queue: ["getDeviceSize"]
[36minfo[39m: [debug] [BOOTSTRAP] [debug] Got data from client: {"cmd":"action","action":"getDeviceSize","params":{}}
[36minfo[39m: [debug] [BOOTSTRAP] [debug] Got command of type ACTION
[36minfo[39m: [debug] [BOOTSTRAP] [debug] Got command action: getDeviceSize
[36minfo[39m: [debug] [BOOTSTRAP] [debug] Returning result: {"status":0,"value":{"height":1280,"width":720}}
[36minfo[39m: [debug] Responding to client with success: {"status":0,"value":{"height":1280,"width":720},"sessionId":"1542f81c-a925-437a-95d6-d1fd0106a341"}
[36minfo[39m: [37m<-- GET /wd/hub/session/1542f81c-a925-437a-95d6-d1fd0106a341/window/current/size [39m[32m200[39m[90m 13.539 ms - 99[39m [90m{"status":0,"value":{"height":1280,"width":720},"sessionId":"1542f81c-a925-437a-95d6-d1fd0106a341"}[39m
[36minfo[39m: [37m-->[39m [37mGET[39m [37m/wd/hub/session/1542f81c-a925-437a-95d6-d1fd0106a341/window/current/size[39m [90m{}[39m
[36minfo[39m: [debug] Pushing command to appium work queue: ["getDeviceSize"]
[36minfo[39m: [debug] [BOOTSTRAP] [debug] Got data from client: {"cmd":"action","action":"getDeviceSize","params":{}}
[36minfo[39m: [debug] [BOOTSTRAP] [debug] Got command of type ACTION
[36minfo[39m: [debug] [BOOTSTRAP] [debug] Got command action: getDeviceSize
[36minfo[39m: [debug] [BOOTSTRAP] [debug] Returning result: {"status":0,"value":{"height":1280,"width":720}}
[36minfo[39m: [debug] Responding to client with success: {"status":0,"value":{"height":1280,"width":720},"sessionId":"1542f81c-a925-437a-95d6-d1fd0106a341"}
[36minfo[39m: [37m<-- GET /wd/hub/session/1542f81c-a925-437a-95d6-d1fd0106a341/window/current/size [39m[32m200[39m[90m 5.242 ms - 99[39m [90m{"status":0,"value":{"height":1280,"width":720},"sessionId":"1542f81c-a925-437a-95d6-d1fd0106a341"}[39m
[36minfo[39m: [37m-->[39m [37mGET[39m [37m/wd/hub/session/1542f81c-a925-437a-95d6-d1fd0106a341/window/current/size[39m [90m{}[39m
[36minfo[39m: [debug] Pushing command to appium work queue: ["getDeviceSize"]
[36minfo[39m: [debug] [BOOTSTRAP] [debug] Got data from client: {"cmd":"action","action":"getDeviceSize","params":{}}
[36minfo[39m: [debug] [BOOTSTRAP] [debug] Got command of type ACTION
[36minfo[39m: [debug] [BOOTSTRAP] [debug] Got command action: getDeviceSize
[36minfo[39m: [debug] Responding to client with success: {"status":0,"value":{"height":1280,"width":720},"sessionId":"1542f81c-a925-437a-95d6-d1fd0106a341"}
[36minfo[39m: [37m<-- GET /wd/hub/session/1542f81c-a925-437a-95d6-d1fd0106a341/window/current/size [39m[32m200[39m[90m 6.007 ms - 99[39m [90m{"status":0,"value":{"height":1280,"width":720},"sessionId":"1542f81c-a925-437a-95d6-d1fd0106a341"}[39m
[36minfo[39m: [debug] [BOOTSTRAP] [debug] Returning result: {"status":0,"value":{"height":1280,"width":720}}
[36minfo[39m: [37m-->[39m [37mGET[39m [37m/wd/hub/session/1542f81c-a925-437a-95d6-d1fd0106a341/window/current/size[39m [90m{}[39m
[36minfo[39m: [debug] Pushing command to appium work queue: ["getDeviceSize"]
[36minfo[39m: [debug] [BOOTSTRAP] [debug] Got data from client: {"cmd":"action","action":"getDeviceSize","params":{}}
[36minfo[39m: [debug] [BOOTSTRAP] [debug] Got command of type ACTION
[36minfo[39m: [debug] [BOOTSTRAP] [debug] Got command action: getDeviceSize
[36minfo[39m: [debug] Responding to client with success: {"status":0,"value":{"height":1280,"width":720},"sessionId":"1542f81c-a925-437a-95d6-d1fd0106a341"}
[36minfo[39m: [37m<-- GET /wd/hub/session/1542f81c-a925-437a-95d6-d1fd0106a341/window/current/size [39m[32m200[39m[90m 7.250 ms - 99[39m [90m{"status":0,"value":{"height":1280,"width":720},"sessionId":"1542f81c-a925-437a-95d6-d1fd0106a341"}[39m
[36minfo[39m: [debug] [BOOTSTRAP] [debug] Returning result: {"status":0,"value":{"height":1280,"width":720}}
[36minfo[39m: [37m-->[39m [37mGET[39m [37m/wd/hub/session/1542f81c-a925-437a-95d6-d1fd0106a341/window/current/size[39m [90m{}[39m
[36minfo[39m: [debug] Pushing command to appium work queue: ["getDeviceSize"]
[36minfo[39m: [debug] [BOOTSTRAP] [debug] Got data from client: {"cmd":"action","action":"getDeviceSize","params":{}}
[36minfo[39m: [debug] [BOOTSTRAP] [debug] Got command of type ACTION
[36minfo[39m: [debug] [BOOTSTRAP] [debug] Got command action: getDeviceSize
[36minfo[39m: [debug] [BOOTSTRAP] [debug] Returning result: {"status":0,"value":{"height":1280,"width":720}}
[36minfo[39m: [debug] Responding to client with success: {"status":0,"value":{"height":1280,"width":720},"sessionId":"1542f81c-a925-437a-95d6-d1fd0106a341"}
[36minfo[39m: [37m<-- GET /wd/hub/session/1542f81c-a925-437a-95d6-d1fd0106a341/window/current/size [39m[32m200[39m[90m 8.626 ms - 99[39m [90m{"status":0,"value":{"height":1280,"width":720},"sessionId":"1542f81c-a925-437a-95d6-d1fd0106a341"}[39m
[36minfo[39m: [37m-->[39m [37mPOST[39m [37m/wd/hub/session/1542f81c-a925-437a-95d6-d1fd0106a341/touch/perform[39m [90m{"actions":[{"action":"press","options":{"x":360,"y":914}},{"action":"wait","options":{"ms":1000}},{"action":"moveTo","options":{"x":360,"y":182}},{"action":"release","options":{}}]}[39m
[36minfo[39m: [debug] Pushing command to appium work queue: ["swipe",{"startX":360,"startY":914,"endX":360,"endY":182,"steps":28}]
[36minfo[39m: [debug] [BOOTSTRAP] [debug] Got data from client: {"cmd":"action","action":"swipe","params":{"startX":360,"startY":914,"endX":360,"endY":182,"steps":28}}
[36minfo[39m: [debug] [BOOTSTRAP] [debug] Got command of type ACTION
[36minfo[39m: [debug] [BOOTSTRAP] [debug] Got command action: swipe
[36minfo[39m: [debug] [BOOTSTRAP] [debug] Display bounds: [0,0][720,1280]
[36minfo[39m: [debug] [BOOTSTRAP] [debug] Display bounds: [0,0][720,1280]
[36minfo[39m: [debug] [BOOTSTRAP] [debug] Swiping from [x=360.0, y=914.0] to [x=360.0, y=182.0] with steps: 28
[36minfo[39m: [debug] [BOOTSTRAP] [debug] Returning result: {"status":0,"value":true}
[36minfo[39m: [debug] Responding to client with success: {"status":0,"value":true,"sessionId":"1542f81c-a925-437a-95d6-d1fd0106a341"}
[36minfo[39m: [37m<-- POST /wd/hub/session/1542f81c-a925-437a-95d6-d1fd0106a341/touch/perform [39m[32m200[39m[90m 849.908 ms - 76[39m [90m{"status":0,"value":true,"sessionId":"1542f81c-a925-437a-95d6-d1fd0106a341"}[39m
[36minfo[39m: [37m-->[39m [37mPOST[39m [37m/wd/hub/session/1542f81c-a925-437a-95d6-d1fd0106a341/timeouts[39m [90m{"type":"implicit","ms":10000}[39m
[36minfo[39m: [debug] Set Android implicit wait to 10000ms
[36minfo[39m: [debug] Responding to client with success: {"status":0,"value":null,"sessionId":"1542f81c-a925-437a-95d6-d1fd0106a341"}
[36minfo[39m: [37m<-- POST /wd/hub/session/1542f81c-a925-437a-95d6-d1fd0106a341/timeouts [39m[32m200[39m[90m 3.147 ms - 76[39m [90m{"status":0,"value":null,"sessionId":"1542f81c-a925-437a-95d6-d1fd0106a341"}[39m
[36minfo[39m: [37m-->[39m [37mPOST[39m [37m/wd/hub/session/1542f81c-a925-437a-95d6-d1fd0106a341/element[39m [90m{"using":"name","value":"é€€å‡ºè´¦å·"}[39m
[36minfo[39m: [debug] Waiting up to 10000ms for condition
[36minfo[39m: [debug] Pushing command to appium work queue: ["find",{"strategy":"name","selector":"é€€å‡ºè´¦å·","context":"","multiple":false}]
[36minfo[39m: [debug] [BOOTSTRAP] [debug] Got data from client: {"cmd":"action","action":"find","params":{"strategy":"name","selector":"é€€å‡ºè´¦å·","context":"","multiple":false}}
[36minfo[39m: [debug] [BOOTSTRAP] [debug] Got command of type ACTION
[36minfo[39m: [debug] [BOOTSTRAP] [debug] Got command action: find
[36minfo[39m: [debug] [BOOTSTRAP] [debug] Finding é€€å‡ºè´¦å· using NAME with the contextId:  multiple: false
[36minfo[39m: [debug] [BOOTSTRAP] [debug] Using: UiSelector[DESCRIPTION=é€€å‡ºè´¦å·, INSTANCE=0]
[36minfo[39m: [debug] [BOOTSTRAP] [debug] Using: UiSelector[TEXT=é€€å‡ºè´¦å·, INSTANCE=0]
[36minfo[39m: [debug] [BOOTSTRAP] [debug] Failed to locate element. Clearing Accessibility cache and retrying.
[36minfo[39m: [debug] [BOOTSTRAP] [debug] Finding é€€å‡ºè´¦å· using NAME with the contextId:  multiple: false
[36minfo[39m: [debug] [BOOTSTRAP] [debug] Using: UiSelector[DESCRIPTION=é€€å‡ºè´¦å·, INSTANCE=0]
[36minfo[39m: [debug] [BOOTSTRAP] [debug] Using: UiSelector[TEXT=é€€å‡ºè´¦å·, INSTANCE=0]
[36minfo[39m: [debug] [BOOTSTRAP] [debug] Returning result: {"status":7,"value":"No element found"}
[36minfo[39m: [debug] Waited for 914ms so far
[36minfo[39m: [debug] Pushing command to appium work queue: ["find",{"strategy":"name","selector":"é€€å‡ºè´¦å·","context":"","multiple":false}]
[36minfo[39m: [debug] [BOOTSTRAP] [debug] Got data from client: {"cmd":"action","action":"find","params":{"strategy":"name","selector":"é€€å‡ºè´¦å·","context":"","multiple":false}}
[36minfo[39m: [debug] [BOOTSTRAP] [debug] Got command of type ACTION
[36minfo[39m: [debug] [BOOTSTRAP] [debug] Got command action: find
[36minfo[39m: [debug] [BOOTSTRAP] [debug] Finding é€€å‡ºè´¦å· using NAME with the contextId:  multiple: false
[36minfo[39m: [debug] [BOOTSTRAP] [debug] Using: UiSelector[DESCRIPTION=é€€å‡ºè´¦å·, INSTANCE=0]
[36minfo[39m: [debug] [BOOTSTRAP] [debug] Using: UiSelector[TEXT=é€€å‡ºè´¦å·, INSTANCE=0]
[36minfo[39m: [debug] [BOOTSTRAP] [debug] Failed to locate element. Clearing Accessibility cache and retrying.
[36minfo[39m: [debug] [BOOTSTRAP] [debug] Finding é€€å‡ºè´¦å· using NAME with the contextId:  multiple: false
[36minfo[39m: [debug] [BOOTSTRAP] [debug] Using: UiSelector[DESCRIPTION=é€€å‡ºè´¦å·, INSTANCE=0]
[36minfo[39m: [debug] [BOOTSTRAP] [debug] Using: UiSelector[TEXT=é€€å‡ºè´¦å·, INSTANCE=0]
[36minfo[39m: [debug] [BOOTSTRAP] [debug] Returning result: {"status":7,"value":"No element found"}
[36minfo[39m: [debug] Waited for 1740ms so far
[36minfo[39m: [debug] Pushing command to appium work queue: ["find",{"strategy":"name","selector":"é€€å‡ºè´¦å·","context":"","multiple":false}]
[36minfo[39m: [debug] [BOOTSTRAP] [debug] Got data from client: {"cmd":"action","action":"find","params":{"strategy":"name","selector":"é€€å‡ºè´¦å·","context":"","multiple":false}}
[36minfo[39m: [debug] [BOOTSTRAP] [debug] Got command of type ACTION
[36minfo[39m: [debug] [BOOTSTRAP] [debug] Got command action: find
[36minfo[39m: [debug] [BOOTSTRAP] [debug] Finding é€€å‡ºè´¦å· using NAME with the contextId:  multiple: false
[36minfo[39m: [debug] [BOOTSTRAP] [debug] Using: UiSelector[DESCRIPTION=é€€å‡ºè´¦å·, INSTANCE=0]
[36minfo[39m: [debug] [BOOTSTRAP] [debug] Using: UiSelector[TEXT=é€€å‡ºè´¦å·, INSTANCE=0]
[36minfo[39m: [debug] [BOOTSTRAP] [debug] Failed to locate element. Clearing Accessibility cache and retrying.
[36minfo[39m: [debug] [BOOTSTRAP] [debug] Finding é€€å‡ºè´¦å· using NAME with the contextId:  multiple: false
[36minfo[39m: [debug] [BOOTSTRAP] [debug] Using: UiSelector[DESCRIPTION=é€€å‡ºè´¦å·, INSTANCE=0]
[36minfo[39m: [debug] [BOOTSTRAP] [debug] Using: UiSelector[TEXT=é€€å‡ºè´¦å·, INSTANCE=0]
[36minfo[39m: [debug] [BOOTSTRAP] [debug] Returning result: {"status":7,"value":"No element found"}
[36minfo[39m: [debug] Waited for 2674ms so far
[36minfo[39m: [debug] Pushing command to appium work queue: ["find",{"strategy":"name","selector":"é€€å‡ºè´¦å·","context":"","multiple":false}]
[36minfo[39m: [debug] [BOOTSTRAP] [debug] Got data from client: {"cmd":"action","action":"find","params":{"strategy":"name","selector":"é€€å‡ºè´¦å·","context":"","multiple":false}}
[36minfo[39m: [debug] [BOOTSTRAP] [debug] Got command of type ACTION
[36minfo[39m: [debug] [BOOTSTRAP] [debug] Got command action: find
[36minfo[39m: [debug] [BOOTSTRAP] [debug] Finding é€€å‡ºè´¦å· using NAME with the contextId:  multiple: false
[36minfo[39m: [debug] [BOOTSTRAP] [debug] Using: UiSelector[DESCRIPTION=é€€å‡ºè´¦å·, INSTANCE=0]
[36minfo[39m: [debug] [BOOTSTRAP] [debug] Using: UiSelector[TEXT=é€€å‡ºè´¦å·, INSTANCE=0]
[36minfo[39m: [debug] [BOOTSTRAP] [debug] Failed to locate element. Clearing Accessibility cache and retrying.
[36minfo[39m: [debug] [BOOTSTRAP] [debug] Finding é€€å‡ºè´¦å· using NAME with the contextId:  multiple: false
[36minfo[39m: [debug] [BOOTSTRAP] [debug] Using: UiSelector[DESCRIPTION=é€€å‡ºè´¦å·, INSTANCE=0]
[36minfo[39m: [debug] [BOOTSTRAP] [debug] Using: UiSelector[TEXT=é€€å‡ºè´¦å·, INSTANCE=0]
[36minfo[39m: [debug] [BOOTSTRAP] [debug] Returning result: {"status":7,"value":"No element found"}
[36minfo[39m: [debug] Waited for 3507ms so far
[36minfo[39m: [debug] Pushing command to appium work queue: ["find",{"strategy":"name","selector":"é€€å‡ºè´¦å·","context":"","multiple":false}]
[36minfo[39m: [debug] [BOOTSTRAP] [debug] Got data from client: {"cmd":"action","action":"find","params":{"strategy":"name","selector":"é€€å‡ºè´¦å·","context":"","multiple":false}}
[36minfo[39m: [debug] [BOOTSTRAP] [debug] Got command of type ACTION
[36minfo[39m: [debug] [BOOTSTRAP] [debug] Got command action: find
[36minfo[39m: [debug] [BOOTSTRAP] [debug] Finding é€€å‡ºè´¦å· using NAME with the contextId:  multiple: false
[36minfo[39m: [debug] [BOOTSTRAP] [debug] Using: UiSelector[DESCRIPTION=é€€å‡ºè´¦å·, INSTANCE=0]
[36minfo[39m: [debug] [BOOTSTRAP] [debug] Using: UiSelector[TEXT=é€€å‡ºè´¦å·, INSTANCE=0]
[36minfo[39m: [debug] [BOOTSTRAP] [debug] Failed to locate element. Clearing Accessibility cache and retrying.
[36minfo[39m: [debug] [BOOTSTRAP] [debug] Finding é€€å‡ºè´¦å· using NAME with the contextId:  multiple: false
[36minfo[39m: [debug] [BOOTSTRAP] [debug] Using: UiSelector[DESCRIPTION=é€€å‡ºè´¦å·, INSTANCE=0]
[36minfo[39m: [debug] [BOOTSTRAP] [debug] Using: UiSelector[TEXT=é€€å‡ºè´¦å·, INSTANCE=0]
[36minfo[39m: [debug] [BOOTSTRAP] [debug] Returning result: {"status":7,"value":"No element found"}
[36minfo[39m: [debug] Waited for 4318ms so far
[36minfo[39m: [debug] Pushing command to appium work queue: ["find",{"strategy":"name","selector":"é€€å‡ºè´¦å·","context":"","multiple":false}]
[36minfo[39m: [debug] [BOOTSTRAP] [debug] Got data from client: {"cmd":"action","action":"find","params":{"strategy":"name","selector":"é€€å‡ºè´¦å·","context":"","multiple":false}}
[36minfo[39m: [debug] [BOOTSTRAP] [debug] Got command of type ACTION
[36minfo[39m: [debug] [BOOTSTRAP] [debug] Got command action: find
[36minfo[39m: [debug] [BOOTSTRAP] [debug] Finding é€€å‡ºè´¦å· using NAME with the contextId:  multiple: false
[36minfo[39m: [debug] [BOOTSTRAP] [debug] Using: UiSelector[DESCRIPTION=é€€å‡ºè´¦å·, INSTANCE=0]
[36minfo[39m: [debug] [BOOTSTRAP] [debug] Using: UiSelector[TEXT=é€€å‡ºè´¦å·, INSTANCE=0]
[36minfo[39m: [debug] [BOOTSTRAP] [debug] Failed to locate element. Clearing Accessibility cache and retrying.
[36minfo[39m: [debug] [BOOTSTRAP] [debug] Finding é€€å‡ºè´¦å· using NAME with the contextId:  multiple: false
[36minfo[39m: [debug] [BOOTSTRAP] [debug] Using: UiSelector[DESCRIPTION=é€€å‡ºè´¦å·, INSTANCE=0]
[36minfo[39m: [debug] [BOOTSTRAP] [debug] Using: UiSelector[TEXT=é€€å‡ºè´¦å·, INSTANCE=0]
[36minfo[39m: [debug] [BOOTSTRAP] [debug] Returning result: {"status":7,"value":"No element found"}
[36minfo[39m: [debug] Waited for 5011ms so far
[36minfo[39m: [debug] Pushing command to appium work queue: ["find",{"strategy":"name","selector":"é€€å‡ºè´¦å·","context":"","multiple":false}]
[36minfo[39m: [debug] [BOOTSTRAP] [debug] Got data from client: {"cmd":"action","action":"find","params":{"strategy":"name","selector":"é€€å‡ºè´¦å·","context":"","multiple":false}}
[36minfo[39m: [debug] [BOOTSTRAP] [debug] Got command of type ACTION
[36minfo[39m: [debug] [BOOTSTRAP] [debug] Got command action: find
[36minfo[39m: [debug] [BOOTSTRAP] [debug] Finding é€€å‡ºè´¦å· using NAME with the contextId:  multiple: false
[36minfo[39m: [debug] [BOOTSTRAP] [debug] Using: UiSelector[DESCRIPTION=é€€å‡ºè´¦å·, INSTANCE=0]
[36minfo[39m: [debug] [BOOTSTRAP] [debug] Using: UiSelector[TEXT=é€€å‡ºè´¦å·, INSTANCE=0]
[36minfo[39m: [debug] [BOOTSTRAP] [debug] Failed to locate element. Clearing Accessibility cache and retrying.
[36minfo[39m: [debug] [BOOTSTRAP] [debug] Finding é€€å‡ºè´¦å· using NAME with the contextId:  multiple: false
[36minfo[39m: [debug] [BOOTSTRAP] [debug] Using: UiSelector[DESCRIPTION=é€€å‡ºè´¦å·, INSTANCE=0]
[36minfo[39m: [debug] [BOOTSTRAP] [debug] Using: UiSelector[TEXT=é€€å‡ºè´¦å·, INSTANCE=0]
[36minfo[39m: [debug] [BOOTSTRAP] [debug] Returning result: {"status":7,"value":"No element found"}
[36minfo[39m: [debug] Waited for 5886ms so far
[36minfo[39m: [debug] Pushing command to appium work queue: ["find",{"strategy":"name","selector":"é€€å‡ºè´¦å·","context":"","multiple":false}]
[36minfo[39m: [debug] [BOOTSTRAP] [debug] Got data from client: {"cmd":"action","action":"find","params":{"strategy":"name","selector":"é€€å‡ºè´¦å·","context":"","multiple":false}}
[36minfo[39m: [debug] [BOOTSTRAP] [debug] Got command of type ACTION
[36minfo[39m: [debug] [BOOTSTRAP] [debug] Got command action: find
[36minfo[39m: [debug] [BOOTSTRAP] [debug] Finding é€€å‡ºè´¦å· using NAME with the contextId:  multiple: false
[36minfo[39m: [debug] [BOOTSTRAP] [debug] Using: UiSelector[DESCRIPTION=é€€å‡ºè´¦å·, INSTANCE=0]
[36minfo[39m: [debug] [BOOTSTRAP] [debug] Using: UiSelector[TEXT=é€€å‡ºè´¦å·, INSTANCE=0]
[36minfo[39m: [debug] [BOOTSTRAP] [debug] Failed to locate element. Clearing Accessibility cache and retrying.
[36minfo[39m: [debug] [BOOTSTRAP] [debug] Finding é€€å‡ºè´¦å· using NAME with the contextId:  multiple: false
[36minfo[39m: [debug] [BOOTSTRAP] [debug] Using: UiSelector[DESCRIPTION=é€€å‡ºè´¦å·, INSTANCE=0]
[36minfo[39m: [debug] [BOOTSTRAP] [debug] Using: UiSelector[TEXT=é€€å‡ºè´¦å·, INSTANCE=0]
[36minfo[39m: [debug] [BOOTSTRAP] [debug] Returning result: {"status":7,"value":"No element found"}
[36minfo[39m: [debug] Waited for 6715ms so far
[36minfo[39m: [debug] Pushing command to appium work queue: ["find",{"strategy":"name","selector":"é€€å‡ºè´¦å·","context":"","multiple":false}]
[36minfo[39m: [debug] [BOOTSTRAP] [debug] Got data from client: {"cmd":"action","action":"find","params":{"strategy":"name","selector":"é€€å‡ºè´¦å·","context":"","multiple":false}}
[36minfo[39m: [debug] [BOOTSTRAP] [debug] Got command of type ACTION
[36minfo[39m: [debug] [BOOTSTRAP] [debug] Got command action: find
[36minfo[39m: [debug] [BOOTSTRAP] [debug] Finding é€€å‡ºè´¦å· using NAME with the contextId:  multiple: false
[36minfo[39m: [debug] [BOOTSTRAP] [debug] Using: UiSelector[DESCRIPTION=é€€å‡ºè´¦å·, INSTANCE=0]
[36minfo[39m: [debug] [BOOTSTRAP] [debug] Using: UiSelector[TEXT=é€€å‡ºè´¦å·, INSTANCE=0]
[36minfo[39m: [debug] [BOOTSTRAP] [debug] Failed to locate element. Clearing Accessibility cache and retrying.
[36minfo[39m: [debug] [BOOTSTRAP] [debug] Finding é€€å‡ºè´¦å· using NAME with the contextId:  multiple: false
[36minfo[39m: [debug] [BOOTSTRAP] [debug] Using: UiSelector[DESCRIPTION=é€€å‡ºè´¦å·, INSTANCE=0]
[36minfo[39m: [debug] [BOOTSTRAP] [debug] Using: UiSelector[TEXT=é€€å‡ºè´¦å·, INSTANCE=0]
[36minfo[39m: [debug] [BOOTSTRAP] [debug] Returning result: {"status":7,"value":"No element found"}
[36minfo[39m: [debug] Waited for 7519ms so far
[36minfo[39m: [debug] Pushing command to appium work queue: ["find",{"strategy":"name","selector":"é€€å‡ºè´¦å·","context":"","multiple":false}]
[36minfo[39m: [37m<-- POST /wd/hub/session/1542f81c-a925-437a-95d6-d1fd0106a341/element [39m[32m-[39m[90m - ms - -[39m [90m[39m
[36minfo[39m: [debug] [BOOTSTRAP] [debug] Got data from client: {"cmd":"action","action":"find","params":{"strategy":"name","selector":"é€€å‡ºè´¦å·","context":"","multiple":false}}
[36minfo[39m: [debug] [BOOTSTRAP] [debug] Got command of type ACTION
[36minfo[39m: [debug] [BOOTSTRAP] [debug] Got command action: find
[36minfo[39m: [debug] [BOOTSTRAP] [debug] Finding é€€å‡ºè´¦å· using NAME with the contextId:  multiple: false
[36minfo[39m: [debug] [BOOTSTRAP] [debug] Using: UiSelector[DESCRIPTION=é€€å‡ºè´¦å·, INSTANCE=0]
[36minfo[39m: [debug] [BOOTSTRAP] [debug] Using: UiSelector[TEXT=é€€å‡ºè´¦å·, INSTANCE=0]
[36minfo[39m: [debug] [BOOTSTRAP] [debug] Failed to locate element. Clearing Accessibility cache and retrying.
[36minfo[39m: [debug] [BOOTSTRAP] [debug] Finding é€€å‡ºè´¦å· using NAME with the contextId:  multiple: false
[36minfo[39m: [debug] [BOOTSTRAP] [debug] Using: UiSelector[DESCRIPTION=é€€å‡ºè´¦å·, INSTANCE=0]
[36minfo[39m: [debug] [BOOTSTRAP] [debug] Using: UiSelector[TEXT=é€€å‡ºè´¦å·, INSTANCE=0]
[36minfo[39m: [debug] [BOOTSTRAP] [debug] Returning result: {"status":7,"value":"No element found"}
[36minfo[39m: [debug] Waited for 8241ms so far
[36minfo[39m: [debug] Pushing command to appium work queue: ["find",{"strategy":"name","selector":"é€€å‡ºè´¦å·","context":"","multiple":false}]
[36minfo[39m: [debug] [BOOTSTRAP] [debug] Got data from client: {"cmd":"action","action":"find","params":{"strategy":"name","selector":"é€€å‡ºè´¦å·","context":"","multiple":false}}
[36minfo[39m: [debug] [BOOTSTRAP] [debug] Got command of type ACTION
[36minfo[39m: [debug] [BOOTSTRAP] [debug] Got command action: find
[36minfo[39m: [debug] [BOOTSTRAP] [debug] Finding é€€å‡ºè´¦å· using NAME with the contextId:  multiple: false
[36minfo[39m: [debug] [BOOTSTRAP] [debug] Using: UiSelector[DESCRIPTION=é€€å‡ºè´¦å·, INSTANCE=0]
[36minfo[39m: [debug] [BOOTSTRAP] [debug] Using: UiSelector[TEXT=é€€å‡ºè´¦å·, INSTANCE=0]
[36minfo[39m: [debug] [BOOTSTRAP] [debug] Failed to locate element. Clearing Accessibility cache and retrying.
[36minfo[39m: [debug] [BOOTSTRAP] [debug] Finding é€€å‡ºè´¦å· using NAME with the contextId:  multiple: false
[36minfo[39m: [debug] [BOOTSTRAP] [debug] Using: UiSelector[DESCRIPTION=é€€å‡ºè´¦å·, INSTANCE=0]
[36minfo[39m: [debug] [BOOTSTRAP] [debug] Using: UiSelector[TEXT=é€€å‡ºè´¦å·, INSTANCE=0]
[36minfo[39m: [debug] [BOOTSTRAP] [debug] Returning result: {"status":7,"value":"No element found"}
[36minfo[39m: [debug] Waited for 8905ms so far
[36minfo[39m: [debug] Pushing command to appium work queue: ["find",{"strategy":"name","selector":"é€€å‡ºè´¦å·","context":"","multiple":false}]
[36minfo[39m: [debug] [BOOTSTRAP] [debug] Got data from client: {"cmd":"action","action":"find","params":{"strategy":"name","selector":"é€€å‡ºè´¦å·","context":"","multiple":false}}
[36minfo[39m: [debug] [BOOTSTRAP] [debug] Got command of type ACTION
[36minfo[39m: [debug] [BOOTSTRAP] [debug] Got command action: find
[36minfo[39m: [debug] [BOOTSTRAP] [debug] Finding é€€å‡ºè´¦å· using NAME with the contextId:  multiple: false
[36minfo[39m: [debug] [BOOTSTRAP] [debug] Using: UiSelector[DESCRIPTION=é€€å‡ºè´¦å·, INSTANCE=0]
[36minfo[39m: [debug] [BOOTSTRAP] [debug] Using: UiSelector[TEXT=é€€å‡ºè´¦å·, INSTANCE=0]
[36minfo[39m: [debug] [BOOTSTRAP] [debug] Failed to locate element. Clearing Accessibility cache and retrying.
[36minfo[39m: [debug] [BOOTSTRAP] [debug] Finding é€€å‡ºè´¦å· using NAME with the contextId:  multiple: false
[36minfo[39m: [debug] [BOOTSTRAP] [debug] Using: UiSelector[DESCRIPTION=é€€å‡ºè´¦å·, INSTANCE=0]
[36minfo[39m: [debug] [BOOTSTRAP] [debug] Using: UiSelector[TEXT=é€€å‡ºè´¦å·, INSTANCE=0]
[36minfo[39m: [debug] [BOOTSTRAP] [debug] Returning result: {"status":7,"value":"No element found"}
[36minfo[39m: [debug] Waited for 9755ms so far
[36minfo[39m: [debug] Pushing command to appium work queue: ["find",{"strategy":"name","selector":"é€€å‡ºè´¦å·","context":"","multiple":false}]
[36minfo[39m: [debug] [BOOTSTRAP] [debug] Got data from client: {"cmd":"action","action":"find","params":{"strategy":"name","selector":"é€€å‡ºè´¦å·","context":"","multiple":false}}
[36minfo[39m: [debug] [BOOTSTRAP] [debug] Got command of type ACTION
[36minfo[39m: [debug] [BOOTSTRAP] [debug] Got command action: find
[36minfo[39m: [debug] [BOOTSTRAP] [debug] Finding é€€å‡ºè´¦å· using NAME with the contextId:  multiple: false
[36minfo[39m: [debug] [BOOTSTRAP] [debug] Using: UiSelector[DESCRIPTION=é€€å‡ºè´¦å·, INSTANCE=0]
[36minfo[39m: [debug] [BOOTSTRAP] [debug] Using: UiSelector[TEXT=é€€å‡ºè´¦å·, INSTANCE=0]
[36minfo[39m: [debug] [BOOTSTRAP] [debug] Failed to locate element. Clearing Accessibility cache and retrying.
[36minfo[39m: [debug] [BOOTSTRAP] [debug] Finding é€€å‡ºè´¦å· using NAME with the contextId:  multiple: false
[36minfo[39m: [debug] [BOOTSTRAP] [debug] Using: UiSelector[DESCRIPTION=é€€å‡ºè´¦å·, INSTANCE=0]
[36minfo[39m: [debug] [BOOTSTRAP] [debug] Using: UiSelector[TEXT=é€€å‡ºè´¦å·, INSTANCE=0]
[36minfo[39m: [debug] [BOOTSTRAP] [debug] Returning result: {"status":7,"value":"No element found"}
[36minfo[39m: [debug] Condition unmet after 10474ms. Timing out.
[36minfo[39m: [debug] Responding to client with error: {"status":7,"value":{"message":"An element could not be located on the page using the given search parameters.","origValue":"No element found"},"sessionId":"1542f81c-a925-437a-95d6-d1fd0106a341"}
