[36minfo[39m: Welcome to Appium v1.4.16 (REV ae6877eff263066b26328d457bd285c0cc62430d)
[36minfo[39m: Appium REST http interface listener started on 0.0.0.0:9755
[36minfo[39m: [debug] Non-default server args: {"udid":"88MFBML3H4MH","port":9755,"bootstrapPort":9756}
[36minfo[39m: Console LogLevel: debug
[36minfo[39m: [37m-->[39m [37mPOST[39m [37m/wd/hub/session[39m [90m{"desiredCapabilities":{"appPackage":"com.zhihu.android","appActivity":"com.zhihu.android.app.ui.activity.LauncherActivity","resetKeyBoard":true,"noSign":true,"newCommandTimeout":600,"unicodeKeyBoard":true,"udid":"88MFBML3H4MH","platformName":"Android","deviceName":"Android"}}[39m
[36minfo[39m: Client User-Agent string: Apache-HttpClient/4.5.2 (Java/1.8.0_191)
[36minfo[39m: [debug] The following desired capabilities were provided, but not recognized by appium. They will be passed on to any other services running on this server. : resetKeyBoard, unicodeKeyBoard
[36minfo[39m: [debug] Didn't get app but did get Android package, will attempt to launch it on the device
[36minfo[39m: [debug] Creating new appium session 4be842fa-0fc6-44af-acea-b15cecfa7d39
[36minfo[39m: Starting android appium
[36minfo[39m: [debug] Getting Java version
[36minfo[39m: Java version is: 1.8.0_191
[36minfo[39m: [debug] Checking whether adb is present
[36minfo[39m: [debug] Using adb from E:\adt-bundle\sdk\platform-tools\adb.exe
[33mwarn[39m: No app capability, can't parse package/activity
[36minfo[39m: [debug] Using fast reset? true
[36minfo[39m: [debug] Preparing device for session
[36minfo[39m: [debug] Not checking whether app is present since we are assuming it's already on the device
[36minfo[39m: Retrieving device
[36minfo[39m: [debug] Trying to find a connected android device
[36minfo[39m: [debug] Getting connected devices...
[36minfo[39m: [debug] executing cmd: E:\adt-bundle\sdk\platform-tools\adb.exe devices
[36minfo[39m: [debug] 1 device(s) connected
[36minfo[39m: Found device 88MFBML3H4MH
[36minfo[39m: [debug] Setting device id to 88MFBML3H4MH
[36minfo[39m: [debug] Waiting for device to be ready and to respond to shell commands (timeout = 5)
[36minfo[39m: [debug] executing cmd: E:\adt-bundle\sdk\platform-tools\adb.exe -s 88MFBML3H4MH wait-for-device
[36minfo[39m: [debug] executing cmd: E:\adt-bundle\sdk\platform-tools\adb.exe -s 88MFBML3H4MH shell "echo 'ready'"
[36minfo[39m: [debug] Starting logcat capture
[36minfo[39m: [debug] Getting device API level
[36minfo[39m: [debug] executing cmd: E:\adt-bundle\sdk\platform-tools\adb.exe -s 88MFBML3H4MH shell "getprop ro.build.version.sdk"
[36minfo[39m: [debug] Device is at API Level 22
[36minfo[39m: Device API level is: 22
[36minfo[39m: [debug] Extracting strings for language: default
[36minfo[39m: [debug] Apk doesn't exist locally
[36minfo[39m: [debug] Could not get strings, but it looks like we had an old strings file anyway, so ignoring
[36minfo[39m: [debug] executing cmd: E:\adt-bundle\sdk\platform-tools\adb.exe -s 88MFBML3H4MH shell "rm -rf /data/local/tmp/strings.json"
[36minfo[39m: [debug] Not uninstalling app since server not started with --full-reset
[36minfo[39m: [debug] Skipping install since we launched with a package instead of an app path
[36minfo[39m: [debug] Forwarding system:9756 to device:4724
[36minfo[39m: [debug] executing cmd: E:\adt-bundle\sdk\platform-tools\adb.exe -s 88MFBML3H4MH forward tcp:9756 tcp:4724
[36minfo[39m: [debug] Pushing appium bootstrap to device...
[36minfo[39m: [debug] executing cmd: E:\adt-bundle\sdk\platform-tools\adb.exe -s 88MFBML3H4MH push "D:\\Program Files (x86)\\Appium\\node_modules\\appium\\build\\android_bootstrap\\AppiumBootstrap.jar" /data/local/tmp/
[36minfo[39m: [debug] Pushing settings apk to device...
[36minfo[39m: [debug] executing cmd: E:\adt-bundle\sdk\platform-tools\adb.exe -s 88MFBML3H4MH install "D:\Program Files (x86)\Appium\node_modules\appium\build\settings_apk\settings_apk-debug.apk"
[36minfo[39m: [debug] Pushing unlock helper app to device...
[36minfo[39m: [debug] executing cmd: E:\adt-bundle\sdk\platform-tools\adb.exe -s 88MFBML3H4MH install "D:\Program Files (x86)\Appium\node_modules\appium\build\unlock_apk\unlock_apk-debug.apk"
[36minfo[39m: Starting App
[36minfo[39m: [debug] Attempting to kill all 'uiautomator' processes
[36minfo[39m: [debug] Getting all processes with 'uiautomator'
[36minfo[39m: [debug] executing cmd: E:\adt-bundle\sdk\platform-tools\adb.exe -s 88MFBML3H4MH shell "ps 'uiautomator'"
[36minfo[39m: [debug] No matching processes found
[36minfo[39m: [debug] Running bootstrap
[36minfo[39m: [debug] spawning: E:\adt-bundle\sdk\platform-tools\adb.exe -s 88MFBML3H4MH shell uiautomator runtest AppiumBootstrap.jar -c io.appium.android.bootstrap.Bootstrap -e pkg com.zhihu.android -e disableAndroidWatchers false
[36minfo[39m: [debug] [90m[UIAUTOMATOR STDOUT] INSTRUMENTATION_STATUS: numtests=1[39m
[36minfo[39m: [debug] [90m[UIAUTOMATOR STDOUT] INSTRUMENTATION_STATUS: stream=[39m
[36minfo[39m: [debug] [90m[UIAUTOMATOR STDOUT] io.appium.android.bootstrap.Bootstrap:[39m
[36minfo[39m: [debug] [90m[UIAUTOMATOR STDOUT] INSTRUMENTATION_STATUS: id=UiAutomatorTestRunner[39m
[36minfo[39m: [debug] [90m[UIAUTOMATOR STDOUT] INSTRUMENTATION_STATUS: test=testRunServer[39m
[36minfo[39m: [debug] [90m[UIAUTOMATOR STDOUT] INSTRUMENTATION_STATUS: class=io.appium.android.bootstrap.Bootstrap[39m
[36minfo[39m: [debug] [90m[UIAUTOMATOR STDOUT] INSTRUMENTATION_STATUS: current=1[39m
[36minfo[39m: [debug] [90m[UIAUTOMATOR STDOUT] INSTRUMENTATION_STATUS_CODE: 1[39m
[36minfo[39m: [debug] [BOOTSTRAP] [debug] Socket opened on port 4724
[36minfo[39m: [debug] [BOOTSTRAP] [debug] Appium Socket Server Ready
[36minfo[39m: [debug] [BOOTSTRAP] [debug] Loading json...
[36minfo[39m: [debug] [BOOTSTRAP] [debug] Registered crash watchers.
[36minfo[39m: [debug] Waking up device if it's not alive
[36minfo[39m: [debug] Pushing command to appium work queue: ["wake",{}]
[36minfo[39m: [debug] [BOOTSTRAP] [debug] Client connected
[36minfo[39m: [debug] [BOOTSTRAP] [debug] Got data from client: {"cmd":"action","action":"wake","params":{}}
[36minfo[39m: [debug] [BOOTSTRAP] [debug] Got command of type ACTION
[36minfo[39m: [debug] [BOOTSTRAP] [debug] Got command action: wake
[36minfo[39m: [debug] [BOOTSTRAP] [debug] Returning result: {"status":0,"value":true}
[36minfo[39m: [debug] executing cmd: E:\adt-bundle\sdk\platform-tools\adb.exe -s 88MFBML3H4MH shell "dumpsys window"
[36minfo[39m: [debug] Screen already unlocked, continuing.
[36minfo[39m: [debug] Pushing command to appium work queue: ["getDataDir",{}]
[36minfo[39m: [debug] dataDir set to: /data/local/tmp
[36minfo[39m: [debug] Pushing command to appium work queue: ["compressedLayoutHierarchy",{"compressLayout":false}]
[36minfo[39m: [debug] [BOOTSTRAP] [debug] Got data from client: {"cmd":"action","action":"getDataDir","params":{}}
[36minfo[39m: [debug] [BOOTSTRAP] [debug] Got command of type ACTION
[36minfo[39m: [debug] [BOOTSTRAP] [debug] Got command action: getDataDir
[36minfo[39m: [debug] [BOOTSTRAP] [debug] Returning result: {"status":0,"value":"\/data\/local\/tmp"}
[36minfo[39m: [debug] [BOOTSTRAP] [debug] Got data from client: {"cmd":"action","action":"compressedLayoutHierarchy","params":{"compressLayout":false}}
[36minfo[39m: [debug] [BOOTSTRAP] [debug] Got command of type ACTION
[36minfo[39m: [debug] [BOOTSTRAP] [debug] Got command action: compressedLayoutHierarchy
[36minfo[39m: [debug] Getting device API level
[36minfo[39m: [debug] executing cmd: E:\adt-bundle\sdk\platform-tools\adb.exe -s 88MFBML3H4MH shell "getprop ro.build.version.sdk"
[36minfo[39m: [debug] [BOOTSTRAP] [debug] Returning result: {"status":0,"value":false}
[36minfo[39m: [debug] Device is at API Level 22
[36minfo[39m: [debug] executing cmd: E:\adt-bundle\sdk\platform-tools\adb.exe -s 88MFBML3H4MH shell "am start -S -a android.intent.action.MAIN -c android.intent.category.LAUNCHER -f 0x10200000 -n com.zhihu.android/com.zhihu.android.app.ui.activity.LauncherActivity"
[36minfo[39m: [debug] Waiting for pkg "com.zhihu.android" and activity "com.zhihu.android.app.ui.activity.LauncherActivity" to be focused
[36minfo[39m: [debug] Getting focused package and activity
[36minfo[39m: [debug] executing cmd: E:\adt-bundle\sdk\platform-tools\adb.exe -s 88MFBML3H4MH shell "dumpsys window windows"
[36minfo[39m: [debug] executing cmd: E:\adt-bundle\sdk\platform-tools\adb.exe -s 88MFBML3H4MH shell "getprop ro.build.version.release"
[36minfo[39m: [debug] Device is at release version 5.1
[36minfo[39m: [debug] Device launched! Ready for commands
[36minfo[39m: [debug] Setting command timeout to 600 secs
[36minfo[39m: [debug] Appium session started with sessionId 4be842fa-0fc6-44af-acea-b15cecfa7d39
[36minfo[39m: [37m<-- POST /wd/hub/session [39m[36m303[39m[90m 5676.491 ms - 74[39m [90m[39m
[36minfo[39m: [37m-->[39m [37mGET[39m [37m/wd/hub/session/4be842fa-0fc6-44af-acea-b15cecfa7d39[39m [90m{}[39m
[36minfo[39m: [debug] Responding to client with success: {"status":0,"value":{"platform":"LINUX","browserName":"Android","platformVersion":"5.1","webStorageEnabled":false,"takesScreenshot":true,"javascriptEnabled":true,"databaseEnabled":false,"networkConnectionEnabled":true,"locationContextEnabled":false,"warnings":{},"desired":{"appPackage":"com.zhihu.android","appActivity":"com.zhihu.android.app.ui.activity.LauncherActivity","resetKeyBoard":true,"noSign":true,"newCommandTimeout":600,"unicodeKeyBoard":true,"udid":"88MFBML3H4MH","platformName":"Android","deviceName":"Android"},"appPackage":"com.zhihu.android","appActivity":"com.zhihu.android.app.ui.activity.LauncherActivity","resetKeyBoard":true,"noSign":true,"newCommandTimeout":600,"unicodeKeyBoard":true,"udid":"88MFBML3H4MH","platformName":"Android","deviceName":"88MFBML3H4MH"},"sessionId":"4be842fa-0fc6-44af-acea-b15cecfa7d39"}
[36minfo[39m: [37m<-- GET /wd/hub/session/4be842fa-0fc6-44af-acea-b15cecfa7d39 [39m[32m200[39m[90m 5.470 ms - 836[39m [90m{"status":0,"value":{"platform":"LINUX","browserName":"Android","platformVersion":"5.1","webStorageEnabled":false,"takesScreenshot":true,"javascriptEnabled":true,"databaseEnabled":false,"networkConnectionEnabled":true,"locationContextEnabled":false,"warnings":{},"desired":{"appPackage":"com.zhihu.android","appActivity":"com.zhihu.android.app.ui.activity.LauncherActivity","resetKeyBoard":true,"noSign":true,"newCommandTimeout":600,"unicodeKeyBoard":true,"udid":"88MFBML3H4MH","platformName":"Android","deviceName":"Android"},"appPackage":"com.zhihu.android","appActivity":"com.zhihu.android.app.ui.activity.LauncherActivity","resetKeyBoard":true,"noSign":true,"newCommandTimeout":600,"unicodeKeyBoard":true,"udid":"88MFBML3H4MH","platformName":"Android","deviceName":"88MFBML3H4MH"},"sessionId":"4be842fa-0fc6-44af-acea-b15cecfa7d39"}[39m
[36minfo[39m: [37m-->[39m [37mPOST[39m [37m/wd/hub/session/4be842fa-0fc6-44af-acea-b15cecfa7d39/timeouts[39m [90m{"type":"implicit","ms":15000}[39m
[36minfo[39m: [debug] Set Android implicit wait to 15000ms
[36minfo[39m: [debug] Responding to client with success: {"status":0,"value":null,"sessionId":"4be842fa-0fc6-44af-acea-b15cecfa7d39"}
[36minfo[39m: [37m<-- POST /wd/hub/session/4be842fa-0fc6-44af-acea-b15cecfa7d39/timeouts [39m[32m200[39m[90m 5.475 ms - 76[39m [90m{"status":0,"value":null,"sessionId":"4be842fa-0fc6-44af-acea-b15cecfa7d39"}[39m
[36minfo[39m: [37m-->[39m [37mPOST[39m [37m/wd/hub/session/4be842fa-0fc6-44af-acea-b15cecfa7d39/elements[39m [90m{"using":"id","value":"com.zhihu.android:id/tab_title"}[39m
[36minfo[39m: [debug] Waiting up to 15000ms for condition
[36minfo[39m: [debug] Pushing command to appium work queue: ["find",{"strategy":"id","selector":"com.zhihu.android:id/tab_title","context":"","multiple":true}]
[36minfo[39m: [debug] [BOOTSTRAP] [debug] Got data from client: {"cmd":"action","action":"find","params":{"strategy":"id","selector":"com.zhihu.android:id/tab_title","context":"","multiple":true}}
[36minfo[39m: [debug] [BOOTSTRAP] [debug] Got command of type ACTION
[36minfo[39m: [debug] [BOOTSTRAP] [debug] Got command action: find
[36minfo[39m: [debug] [BOOTSTRAP] [debug] Finding com.zhihu.android:id/tab_title using ID with the contextId:  multiple: true
[36minfo[39m: [debug] [BOOTSTRAP] [debug] Using: UiSelector[RESOURCE_ID=com.zhihu.android:id/tab_title]
[36minfo[39m: [debug] [BOOTSTRAP] [debug] getElements selector:UiSelector[RESOURCE_ID=com.zhihu.android:id/tab_title]
[36minfo[39m: [debug] [BOOTSTRAP] [debug] Element[] is null: (0)
[36minfo[39m: [debug] [BOOTSTRAP] [debug] getElements tmp selector:UiSelector[INSTANCE=0, RESOURCE_ID=com.zhihu.android:id/tab_title]
[36minfo[39m: [debug] [BOOTSTRAP] [debug] Failed to locate element. Clearing Accessibility cache and retrying.
[36minfo[39m: [debug] [BOOTSTRAP] [debug] Finding com.zhihu.android:id/tab_title using ID with the contextId:  multiple: true
[36minfo[39m: [debug] [BOOTSTRAP] [debug] Using: UiSelector[RESOURCE_ID=com.zhihu.android:id/tab_title]
[36minfo[39m: [debug] [BOOTSTRAP] [debug] getElements selector:UiSelector[RESOURCE_ID=com.zhihu.android:id/tab_title]
[36minfo[39m: [debug] [BOOTSTRAP] [debug] Element[] is null: (0)
[36minfo[39m: [debug] [BOOTSTRAP] [debug] getElements tmp selector:UiSelector[INSTANCE=0, RESOURCE_ID=com.zhihu.android:id/tab_title]
[36minfo[39m: [debug] Waited for 2601ms so far
[36minfo[39m: [debug] [BOOTSTRAP] [debug] Returning result: {"status":0,"value":[]}
[36minfo[39m: [debug] Pushing command to appium work queue: ["find",{"strategy":"id","selector":"com.zhihu.android:id/tab_title","context":"","multiple":true}]
[36minfo[39m: [debug] [BOOTSTRAP] [debug] Got data from client: {"cmd":"action","action":"find","params":{"strategy":"id","selector":"com.zhihu.android:id/tab_title","context":"","multiple":true}}
[36minfo[39m: [debug] [BOOTSTRAP] [debug] Got command of type ACTION
[36minfo[39m: [debug] [BOOTSTRAP] [debug] Got command action: find
[36minfo[39m: [debug] [BOOTSTRAP] [debug] Finding com.zhihu.android:id/tab_title using ID with the contextId:  multiple: true
[36minfo[39m: [debug] [BOOTSTRAP] [debug] Using: UiSelector[RESOURCE_ID=com.zhihu.android:id/tab_title]
[36minfo[39m: [debug] [BOOTSTRAP] [debug] getElements selector:UiSelector[RESOURCE_ID=com.zhihu.android:id/tab_title]
[36minfo[39m: [debug] [BOOTSTRAP] [debug] Element[] is null: (0)
[36minfo[39m: [debug] [BOOTSTRAP] [debug] getElements tmp selector:UiSelector[INSTANCE=0, RESOURCE_ID=com.zhihu.android:id/tab_title]
[36minfo[39m: [debug] [BOOTSTRAP] [debug] Failed to locate element. Clearing Accessibility cache and retrying.
[36minfo[39m: [debug] [BOOTSTRAP] [debug] Finding com.zhihu.android:id/tab_title using ID with the contextId:  multiple: true
[36minfo[39m: [debug] [BOOTSTRAP] [debug] Using: UiSelector[RESOURCE_ID=com.zhihu.android:id/tab_title]
[36minfo[39m: [debug] [BOOTSTRAP] [debug] getElements selector:UiSelector[RESOURCE_ID=com.zhihu.android:id/tab_title]
[36minfo[39m: [debug] [BOOTSTRAP] [debug] Element[] is null: (0)
[36minfo[39m: [debug] [BOOTSTRAP] [debug] getElements tmp selector:UiSelector[INSTANCE=0, RESOURCE_ID=com.zhihu.android:id/tab_title]
[36minfo[39m: [debug] Waited for 3122ms so far
[36minfo[39m: [debug] [BOOTSTRAP] [debug] Returning result: {"status":0,"value":[]}
[36minfo[39m: [debug] Pushing command to appium work queue: ["find",{"strategy":"id","selector":"com.zhihu.android:id/tab_title","context":"","multiple":true}]
[36minfo[39m: [debug] [BOOTSTRAP] [debug] Got data from client: {"cmd":"action","action":"find","params":{"strategy":"id","selector":"com.zhihu.android:id/tab_title","context":"","multiple":true}}
[36minfo[39m: [debug] [BOOTSTRAP] [debug] Got command of type ACTION
[36minfo[39m: [debug] [BOOTSTRAP] [debug] Got command action: find
[36minfo[39m: [debug] [BOOTSTRAP] [debug] Finding com.zhihu.android:id/tab_title using ID with the contextId:  multiple: true
[36minfo[39m: [debug] [BOOTSTRAP] [debug] Using: UiSelector[RESOURCE_ID=com.zhihu.android:id/tab_title]
[36minfo[39m: [debug] [BOOTSTRAP] [debug] getElements selector:UiSelector[RESOURCE_ID=com.zhihu.android:id/tab_title]
[36minfo[39m: [debug] [BOOTSTRAP] [debug] Element[] is null: (0)
[36minfo[39m: [debug] [BOOTSTRAP] [debug] getElements tmp selector:UiSelector[INSTANCE=0, RESOURCE_ID=com.zhihu.android:id/tab_title]
[36minfo[39m: [debug] [BOOTSTRAP] [debug] Failed to locate element. Clearing Accessibility cache and retrying.
[36minfo[39m: [debug] [BOOTSTRAP] [debug] Finding com.zhihu.android:id/tab_title using ID with the contextId:  multiple: true
[36minfo[39m: [debug] [BOOTSTRAP] [debug] Using: UiSelector[RESOURCE_ID=com.zhihu.android:id/tab_title]
[36minfo[39m: [debug] [BOOTSTRAP] [debug] getElements selector:UiSelector[RESOURCE_ID=com.zhihu.android:id/tab_title]
[36minfo[39m: [debug] [BOOTSTRAP] [debug] Element[] is null: (0)
[36minfo[39m: [debug] [BOOTSTRAP] [debug] getElements tmp selector:UiSelector[INSTANCE=0, RESOURCE_ID=com.zhihu.android:id/tab_title]
[36minfo[39m: [debug] [BOOTSTRAP] [debug] Returning result: {"status":0,"value":[]}
[36minfo[39m: [debug] Waited for 3692ms so far
[36minfo[39m: [debug] Pushing command to appium work queue: ["find",{"strategy":"id","selector":"com.zhihu.android:id/tab_title","context":"","multiple":true}]
[36minfo[39m: [debug] [BOOTSTRAP] [debug] Got data from client: {"cmd":"action","action":"find","params":{"strategy":"id","selector":"com.zhihu.android:id/tab_title","context":"","multiple":true}}
[36minfo[39m: [debug] [BOOTSTRAP] [debug] Got command of type ACTION
[36minfo[39m: [debug] [BOOTSTRAP] [debug] Got command action: find
[36minfo[39m: [debug] [BOOTSTRAP] [debug] Finding com.zhihu.android:id/tab_title using ID with the contextId:  multiple: true
[36minfo[39m: [debug] [BOOTSTRAP] [debug] Using: UiSelector[RESOURCE_ID=com.zhihu.android:id/tab_title]
[36minfo[39m: [debug] [BOOTSTRAP] [debug] getElements selector:UiSelector[RESOURCE_ID=com.zhihu.android:id/tab_title]
[36minfo[39m: [debug] [BOOTSTRAP] [debug] Element[] is null: (0)
[36minfo[39m: [debug] [BOOTSTRAP] [debug] getElements tmp selector:UiSelector[INSTANCE=0, RESOURCE_ID=com.zhihu.android:id/tab_title]
[36minfo[39m: [debug] [BOOTSTRAP] [debug] Failed to locate element. Clearing Accessibility cache and retrying.
[36minfo[39m: [debug] [BOOTSTRAP] [debug] Finding com.zhihu.android:id/tab_title using ID with the contextId:  multiple: true
[36minfo[39m: [debug] [BOOTSTRAP] [debug] Using: UiSelector[RESOURCE_ID=com.zhihu.android:id/tab_title]
[36minfo[39m: [debug] [BOOTSTRAP] [debug] getElements selector:UiSelector[RESOURCE_ID=com.zhihu.android:id/tab_title]
[36minfo[39m: [debug] [BOOTSTRAP] [debug] Element[] is null: (0)
[36minfo[39m: [debug] [BOOTSTRAP] [debug] getElements tmp selector:UiSelector[INSTANCE=0, RESOURCE_ID=com.zhihu.android:id/tab_title]
[36minfo[39m: [debug] [BOOTSTRAP] [debug] Element[] is null: (1)
[36minfo[39m: [debug] [BOOTSTRAP] [debug] getElements tmp selector:UiSelector[INSTANCE=1, RESOURCE_ID=com.zhihu.android:id/tab_title]
[36minfo[39m: [debug] [BOOTSTRAP] [debug] Element[] is null: (2)
[36minfo[39m: [debug] [BOOTSTRAP] [debug] getElements tmp selector:UiSelector[INSTANCE=2, RESOURCE_ID=com.zhihu.android:id/tab_title]
[36minfo[39m: [debug] [BOOTSTRAP] [debug] Element[] is null: (3)
[36minfo[39m: [debug] [BOOTSTRAP] [debug] getElements tmp selector:UiSelector[INSTANCE=3, RESOURCE_ID=com.zhihu.android:id/tab_title]
[36minfo[39m: [debug] [BOOTSTRAP] [debug] Element[] is null: (4)
[36minfo[39m: [debug] [BOOTSTRAP] [debug] getElements tmp selector:UiSelector[INSTANCE=4, RESOURCE_ID=com.zhihu.android:id/tab_title]
[36minfo[39m: [debug] [BOOTSTRAP] [debug] Returning result: {"status":0,"value":[{"ELEMENT":"1"},{"ELEMENT":"2"},{"ELEMENT":"3"},{"ELEMENT":"4"}]}
[36minfo[39m: [debug] Responding to client with success: {"status":0,"value":[{"ELEMENT":"1"},{"ELEMENT":"2"},{"ELEMENT":"3"},{"ELEMENT":"4"}],"sessionId":"4be842fa-0fc6-44af-acea-b15cecfa7d39"}
[36minfo[39m: [37m<-- POST /wd/hub/session/4be842fa-0fc6-44af-acea-b15cecfa7d39/elements [39m[32m200[39m[90m 8603.725 ms - 137[39m [90m{"status":0,"value":[{"ELEMENT":"1"},{"ELEMENT":"2"},{"ELEMENT":"3"},{"ELEMENT":"4"}],"sessionId":"4be842fa-0fc6-44af-acea-b15cecfa7d39"}[39m
[36minfo[39m: [37m-->[39m [37mGET[39m [37m/wd/hub/session/4be842fa-0fc6-44af-acea-b15cecfa7d39/element/1/text[39m [90m{}[39m
[36minfo[39m: [debug] Pushing command to appium work queue: ["element:getText",{"elementId":"1"}]
[36minfo[39m: [debug] [BOOTSTRAP] [debug] Got data from client: {"cmd":"action","action":"element:getText","params":{"elementId":"1"}}
[36minfo[39m: [debug] [BOOTSTRAP] [debug] Got command of type ACTION
[36minfo[39m: [debug] [BOOTSTRAP] [debug] Got command action: getText
[36minfo[39m: [debug] [BOOTSTRAP] [debug] Returning result: {"status":0,"value":"首页"}
[36minfo[39m: [debug] Responding to client with success: {"status":0,"value":"首页","sessionId":"4be842fa-0fc6-44af-acea-b15cecfa7d39"}
[36minfo[39m: [37m<-- GET /wd/hub/session/4be842fa-0fc6-44af-acea-b15cecfa7d39/element/1/text [39m[32m200[39m[90m 116.212 ms - 80[39m [90m{"status":0,"value":"首页","sessionId":"4be842fa-0fc6-44af-acea-b15cecfa7d39"}[39m
[36minfo[39m: [37m-->[39m [37mGET[39m [37m/wd/hub/session/4be842fa-0fc6-44af-acea-b15cecfa7d39/element/2/text[39m [90m{}[39m
[36minfo[39m: [debug] Pushing command to appium work queue: ["element:getText",{"elementId":"2"}]
[36minfo[39m: [debug] [BOOTSTRAP] [debug] Got data from client: {"cmd":"action","action":"element:getText","params":{"elementId":"2"}}
[36minfo[39m: [debug] [BOOTSTRAP] [debug] Got command of type ACTION
[36minfo[39m: [debug] [BOOTSTRAP] [debug] Got command action: getText
[36minfo[39m: [debug] Responding to client with success: {"status":0,"value":"会员","sessionId":"4be842fa-0fc6-44af-acea-b15cecfa7d39"}
[36minfo[39m: [37m<-- GET /wd/hub/session/4be842fa-0fc6-44af-acea-b15cecfa7d39/element/2/text [39m[32m200[39m[90m 47.715 ms - 80[39m [90m{"status":0,"value":"会员","sessionId":"4be842fa-0fc6-44af-acea-b15cecfa7d39"}[39m
[36minfo[39m: [debug] [BOOTSTRAP] [debug] Returning result: {"status":0,"value":"会员"}
[36minfo[39m: [37m-->[39m [37mGET[39m [37m/wd/hub/session/4be842fa-0fc6-44af-acea-b15cecfa7d39/element/3/text[39m [90m{}[39m
[36minfo[39m: [debug] Pushing command to appium work queue: ["element:getText",{"elementId":"3"}]
[36minfo[39m: [debug] [BOOTSTRAP] [debug] Got data from client: {"cmd":"action","action":"element:getText","params":{"elementId":"3"}}
[36minfo[39m: [debug] [BOOTSTRAP] [debug] Got command of type ACTION
[36minfo[39m: [debug] [BOOTSTRAP] [debug] Got command action: getText
[36minfo[39m: [debug] Responding to client with success: {"status":0,"value":"通知","sessionId":"4be842fa-0fc6-44af-acea-b15cecfa7d39"}
[36minfo[39m: [37m<-- GET /wd/hub/session/4be842fa-0fc6-44af-acea-b15cecfa7d39/element/3/text [39m[32m200[39m[90m 66.856 ms - 80[39m [90m{"status":0,"value":"通知","sessionId":"4be842fa-0fc6-44af-acea-b15cecfa7d39"}[39m
[36minfo[39m: [debug] [BOOTSTRAP] [debug] Returning result: {"status":0,"value":"通知"}
[36minfo[39m: [37m-->[39m [37mGET[39m [37m/wd/hub/session/4be842fa-0fc6-44af-acea-b15cecfa7d39/element/4/text[39m [90m{}[39m
[36minfo[39m: [debug] Pushing command to appium work queue: ["element:getText",{"elementId":"4"}]
[36minfo[39m: [debug] [BOOTSTRAP] [debug] Got data from client: {"cmd":"action","action":"element:getText","params":{"elementId":"4"}}
[36minfo[39m: [debug] [BOOTSTRAP] [debug] Got command of type ACTION
[36minfo[39m: [debug] [BOOTSTRAP] [debug] Got command action: getText
[36minfo[39m: [debug] [BOOTSTRAP] [debug] Returning result: {"status":0,"value":"未登录"}
[36minfo[39m: [debug] Responding to client with success: {"status":0,"value":"未登录","sessionId":"4be842fa-0fc6-44af-acea-b15cecfa7d39"}
[36minfo[39m: [37m<-- GET /wd/hub/session/4be842fa-0fc6-44af-acea-b15cecfa7d39/element/4/text [39m[32m200[39m[90m 75.984 ms - 83[39m [90m{"status":0,"value":"未登录","sessionId":"4be842fa-0fc6-44af-acea-b15cecfa7d39"}[39m
[36minfo[39m: [37m-->[39m [37mPOST[39m [37m/wd/hub/session/4be842fa-0fc6-44af-acea-b15cecfa7d39/timeouts[39m [90m{"type":"implicit","ms":15000}[39m
[36minfo[39m: [debug] Set Android implicit wait to 15000ms
[36minfo[39m: [debug] Responding to client with success: {"status":0,"value":null,"sessionId":"4be842fa-0fc6-44af-acea-b15cecfa7d39"}
[36minfo[39m: [37m<-- POST /wd/hub/session/4be842fa-0fc6-44af-acea-b15cecfa7d39/timeouts [39m[32m200[39m[90m 3.224 ms - 76[39m [90m{"status":0,"value":null,"sessionId":"4be842fa-0fc6-44af-acea-b15cecfa7d39"}[39m
[36minfo[39m: [37m-->[39m [37mPOST[39m [37m/wd/hub/session/4be842fa-0fc6-44af-acea-b15cecfa7d39/element[39m [90m{"using":"name","value":"未登录"}[39m
[33mwarn[39m: [DEPRECATED] The name locator strategy has been deprecated and will be removed.  Please use the accessibility id locator strategy instead.
[36minfo[39m: [debug] Waiting up to 15000ms for condition
[36minfo[39m: [debug] Pushing command to appium work queue: ["find",{"strategy":"name","selector":"未登录","context":"","multiple":false}]
[36minfo[39m: [debug] [BOOTSTRAP] [debug] Got data from client: {"cmd":"action","action":"find","params":{"strategy":"name","selector":"未登录","context":"","multiple":false}}
[36minfo[39m: [debug] [BOOTSTRAP] [debug] Got command of type ACTION
[36minfo[39m: [debug] [BOOTSTRAP] [debug] Got command action: find
[36minfo[39m: [debug] [BOOTSTRAP] [debug] Finding 未登录 using NAME with the contextId:  multiple: false
[36minfo[39m: [debug] [BOOTSTRAP] [debug] Using: UiSelector[DESCRIPTION=未登录, INSTANCE=0]
[36minfo[39m: [debug] [BOOTSTRAP] [debug] Using: UiSelector[TEXT=未登录, INSTANCE=0]
[36minfo[39m: [debug] Responding to client with success: {"status":0,"value":{"ELEMENT":"5"},"sessionId":"4be842fa-0fc6-44af-acea-b15cecfa7d39"}
[36minfo[39m: [37m<-- POST /wd/hub/session/4be842fa-0fc6-44af-acea-b15cecfa7d39/element [39m[32m200[39m[90m 348.481 ms - 87[39m [90m{"status":0,"value":{"ELEMENT":"5"},"sessionId":"4be842fa-0fc6-44af-acea-b15cecfa7d39"}[39m
[36minfo[39m: [debug] [BOOTSTRAP] [debug] Returning result: {"status":0,"value":{"ELEMENT":"5"}}
[36minfo[39m: [37m-->[39m [37mPOST[39m [37m/wd/hub/session/4be842fa-0fc6-44af-acea-b15cecfa7d39/element/5/click[39m [90m{"id":"5"}[39m
[36minfo[39m: [debug] Pushing command to appium work queue: ["element:click",{"elementId":"5"}]
[36minfo[39m: [debug] [BOOTSTRAP] [debug] Got data from client: {"cmd":"action","action":"element:click","params":{"elementId":"5"}}
[36minfo[39m: [debug] [BOOTSTRAP] [debug] Got command of type ACTION
[36minfo[39m: [debug] [BOOTSTRAP] [debug] Got command action: click
[36minfo[39m: [debug] Responding to client with success: {"status":0,"value":true,"sessionId":"4be842fa-0fc6-44af-acea-b15cecfa7d39"}
[36minfo[39m: [37m<-- POST /wd/hub/session/4be842fa-0fc6-44af-acea-b15cecfa7d39/element/5/click [39m[32m200[39m[90m 1938.880 ms - 76[39m [90m{"status":0,"value":true,"sessionId":"4be842fa-0fc6-44af-acea-b15cecfa7d39"}[39m
[36minfo[39m: [debug] [BOOTSTRAP] [debug] Returning result: {"status":0,"value":true}
[36minfo[39m: [37m-->[39m [37mPOST[39m [37m/wd/hub/session/4be842fa-0fc6-44af-acea-b15cecfa7d39/timeouts[39m [90m{"type":"implicit","ms":15000}[39m
[36minfo[39m: [debug] Set Android implicit wait to 15000ms
[36minfo[39m: [debug] Responding to client with success: {"status":0,"value":null,"sessionId":"4be842fa-0fc6-44af-acea-b15cecfa7d39"}
[36minfo[39m: [37m<-- POST /wd/hub/session/4be842fa-0fc6-44af-acea-b15cecfa7d39/timeouts [39m[32m200[39m[90m 3.715 ms - 76[39m [90m{"status":0,"value":null,"sessionId":"4be842fa-0fc6-44af-acea-b15cecfa7d39"}[39m
[36minfo[39m: [37m-->[39m [37mPOST[39m [37m/wd/hub/session/4be842fa-0fc6-44af-acea-b15cecfa7d39/element[39m [90m{"using":"name","value":"其他方式登录"}[39m
[36minfo[39m: [debug] Waiting up to 15000ms for condition
[36minfo[39m: [debug] Pushing command to appium work queue: ["find",{"strategy":"name","selector":"其他方式登录","context":"","multiple":false}]
[36minfo[39m: [debug] [BOOTSTRAP] [debug] Got data from client: {"cmd":"action","action":"find","params":{"strategy":"name","selector":"其他方式登录","context":"","multiple":false}}
[36minfo[39m: [debug] [BOOTSTRAP] [debug] Got command of type ACTION
[36minfo[39m: [debug] [BOOTSTRAP] [debug] Got command action: find
[36minfo[39m: [debug] [BOOTSTRAP] [debug] Finding 其他方式登录 using NAME with the contextId:  multiple: false
[36minfo[39m: [debug] [BOOTSTRAP] [debug] Using: UiSelector[DESCRIPTION=其他方式登录, INSTANCE=0]
[36minfo[39m: [debug] [BOOTSTRAP] [debug] Using: UiSelector[TEXT=其他方式登录, INSTANCE=0]
[36minfo[39m: [debug] Responding to client with success: {"status":0,"value":{"ELEMENT":"6"},"sessionId":"4be842fa-0fc6-44af-acea-b15cecfa7d39"}
[36minfo[39m: [37m<-- POST /wd/hub/session/4be842fa-0fc6-44af-acea-b15cecfa7d39/element [39m[32m200[39m[90m 756.870 ms - 87[39m [90m{"status":0,"value":{"ELEMENT":"6"},"sessionId":"4be842fa-0fc6-44af-acea-b15cecfa7d39"}[39m
[36minfo[39m: [debug] [BOOTSTRAP] [debug] Returning result: {"status":0,"value":{"ELEMENT":"6"}}
[36minfo[39m: [37m-->[39m [37mPOST[39m [37m/wd/hub/session/4be842fa-0fc6-44af-acea-b15cecfa7d39/element/6/click[39m [90m{"id":"6"}[39m
[36minfo[39m: [debug] Pushing command to appium work queue: ["element:click",{"elementId":"6"}]
[36minfo[39m: [debug] [BOOTSTRAP] [debug] Got data from client: {"cmd":"action","action":"element:click","params":{"elementId":"6"}}
[36minfo[39m: [debug] [BOOTSTRAP] [debug] Got command of type ACTION
[36minfo[39m: [debug] [BOOTSTRAP] [debug] Got command action: click
[36minfo[39m: [debug] Responding to client with success: {"status":0,"value":true,"sessionId":"4be842fa-0fc6-44af-acea-b15cecfa7d39"}
[36minfo[39m: [37m<-- POST /wd/hub/session/4be842fa-0fc6-44af-acea-b15cecfa7d39/element/6/click [39m[32m200[39m[90m 1392.993 ms - 76[39m [90m{"status":0,"value":true,"sessionId":"4be842fa-0fc6-44af-acea-b15cecfa7d39"}[39m
[36minfo[39m: [debug] [BOOTSTRAP] [debug] Returning result: {"status":0,"value":true}
[36minfo[39m: [37m-->[39m [37mPOST[39m [37m/wd/hub/session/4be842fa-0fc6-44af-acea-b15cecfa7d39/timeouts[39m [90m{"type":"implicit","ms":15000}[39m
[36minfo[39m: [debug] Set Android implicit wait to 15000ms
[36minfo[39m: [debug] Responding to client with success: {"status":0,"value":null,"sessionId":"4be842fa-0fc6-44af-acea-b15cecfa7d39"}
[36minfo[39m: [37m<-- POST /wd/hub/session/4be842fa-0fc6-44af-acea-b15cecfa7d39/timeouts [39m[32m200[39m[90m 7.224 ms - 76[39m [90m{"status":0,"value":null,"sessionId":"4be842fa-0fc6-44af-acea-b15cecfa7d39"}[39m
[36minfo[39m: [37m-->[39m [37mPOST[39m [37m/wd/hub/session/4be842fa-0fc6-44af-acea-b15cecfa7d39/element[39m [90m{"using":"id","value":"com.zhihu.android:id/email_input_view"}[39m
[36minfo[39m: [debug] Waiting up to 15000ms for condition
[36minfo[39m: [debug] Pushing command to appium work queue: ["find",{"strategy":"id","selector":"com.zhihu.android:id/email_input_view","context":"","multiple":false}]
[36minfo[39m: [debug] [BOOTSTRAP] [debug] Got data from client: {"cmd":"action","action":"find","params":{"strategy":"id","selector":"com.zhihu.android:id/email_input_view","context":"","multiple":false}}
[36minfo[39m: [debug] [BOOTSTRAP] [debug] Got command of type ACTION
[36minfo[39m: [debug] [BOOTSTRAP] [debug] Got command action: find
[36minfo[39m: [debug] [BOOTSTRAP] [debug] Finding com.zhihu.android:id/email_input_view using ID with the contextId:  multiple: false
[36minfo[39m: [debug] [BOOTSTRAP] [debug] Using: UiSelector[INSTANCE=0, RESOURCE_ID=com.zhihu.android:id/email_input_view]
[36minfo[39m: [debug] Responding to client with success: {"status":0,"value":{"ELEMENT":"7"},"sessionId":"4be842fa-0fc6-44af-acea-b15cecfa7d39"}
[36minfo[39m: [37m<-- POST /wd/hub/session/4be842fa-0fc6-44af-acea-b15cecfa7d39/element [39m[32m200[39m[90m 279.797 ms - 87[39m [90m{"status":0,"value":{"ELEMENT":"7"},"sessionId":"4be842fa-0fc6-44af-acea-b15cecfa7d39"}[39m
[36minfo[39m: [debug] [BOOTSTRAP] [debug] Returning result: {"status":0,"value":{"ELEMENT":"7"}}
[36minfo[39m: [37m-->[39m [37mPOST[39m [37m/wd/hub/session/4be842fa-0fc6-44af-acea-b15cecfa7d39/element/7/clear[39m [90m{"id":"7"}[39m
[36minfo[39m: [debug] Pushing command to appium work queue: ["element:clear",{"elementId":"7"}]
[36minfo[39m: [debug] [BOOTSTRAP] [debug] Got data from client: {"cmd":"action","action":"element:clear","params":{"elementId":"7"}}
[36minfo[39m: [debug] [BOOTSTRAP] [debug] Got command of type ACTION
[36minfo[39m: [debug] [BOOTSTRAP] [debug] Got command action: clear
[36minfo[39m: [debug] [BOOTSTRAP] [debug] Attempting to clear using UiObject.clearText().
[36minfo[39m: [debug] Responding to client with success: {"status":0,"value":true,"sessionId":"4be842fa-0fc6-44af-acea-b15cecfa7d39"}
[36minfo[39m: [37m<-- POST /wd/hub/session/4be842fa-0fc6-44af-acea-b15cecfa7d39/element/7/clear [39m[32m200[39m[90m 2747.363 ms - 76[39m [90m{"status":0,"value":true,"sessionId":"4be842fa-0fc6-44af-acea-b15cecfa7d39"}[39m
[36minfo[39m: [debug] [BOOTSTRAP] [debug] Text remains after clearing, but it appears to be hint text.
[36minfo[39m: [debug] [BOOTSTRAP] [debug] Returning result: {"status":0,"value":true}
[36minfo[39m: [37m-->[39m [37mPOST[39m [37m/wd/hub/session/4be842fa-0fc6-44af-acea-b15cecfa7d39/element/7/value[39m [90m{"id":"7","value":["11221514596"]}[39m
[36minfo[39m: [debug] Pushing command to appium work queue: ["element:setText",{"elementId":"7","text":"11221514596","replace":false}]
[36minfo[39m: [debug] [BOOTSTRAP] [debug] Got data from client: {"cmd":"action","action":"element:setText","params":{"elementId":"7","text":"11221514596","replace":false}}
[36minfo[39m: [debug] [BOOTSTRAP] [debug] Got command of type ACTION
[36minfo[39m: [debug] [BOOTSTRAP] [debug] Got command action: setText
[36minfo[39m: [debug] [BOOTSTRAP] [debug] Using element passed in.
[36minfo[39m: [debug] [BOOTSTRAP] [debug] Attempting to clear using UiObject.clearText().
[36minfo[39m: [debug] [BOOTSTRAP] [debug] Text remains after clearing, but it appears to be hint text.
[36minfo[39m: [debug] [BOOTSTRAP] [debug] Text not cleared. Assuming remainder is hint text.
[36minfo[39m: [debug] [BOOTSTRAP] [debug] Sending plain text to element: 11221514596
[36minfo[39m: [debug] Responding to client with success: {"status":0,"value":true,"sessionId":"4be842fa-0fc6-44af-acea-b15cecfa7d39"}
[36minfo[39m: [37m<-- POST /wd/hub/session/4be842fa-0fc6-44af-acea-b15cecfa7d39/element/7/value [39m[32m200[39m[90m 6302.845 ms - 76[39m [90m{"status":0,"value":true,"sessionId":"4be842fa-0fc6-44af-acea-b15cecfa7d39"}[39m
[36minfo[39m: [37m-->[39m [37mPOST[39m [37m/wd/hub/session/4be842fa-0fc6-44af-acea-b15cecfa7d39/timeouts[39m [90m{"type":"implicit","ms":15000}[39m
[36minfo[39m: [debug] Set Android implicit wait to 15000ms
[36minfo[39m: [debug] Responding to client with success: {"status":0,"value":null,"sessionId":"4be842fa-0fc6-44af-acea-b15cecfa7d39"}
[36minfo[39m: [37m<-- POST /wd/hub/session/4be842fa-0fc6-44af-acea-b15cecfa7d39/timeouts [39m[32m200[39m[90m 4.026 ms - 76[39m [90m{"status":0,"value":null,"sessionId":"4be842fa-0fc6-44af-acea-b15cecfa7d39"}[39m
[36minfo[39m: [debug] [BOOTSTRAP] [debug] Returning result: {"status":0,"value":true}
[36minfo[39m: [37m-->[39m [37mPOST[39m [37m/wd/hub/session/4be842fa-0fc6-44af-acea-b15cecfa7d39/element[39m [90m{"using":"id","value":"com.zhihu.android:id/password"}[39m
[36minfo[39m: [debug] Waiting up to 15000ms for condition
[36minfo[39m: [debug] Pushing command to appium work queue: ["find",{"strategy":"id","selector":"com.zhihu.android:id/password","context":"","multiple":false}]
[36minfo[39m: [debug] [BOOTSTRAP] [debug] Got data from client: {"cmd":"action","action":"find","params":{"strategy":"id","selector":"com.zhihu.android:id/password","context":"","multiple":false}}
[36minfo[39m: [debug] [BOOTSTRAP] [debug] Got command of type ACTION
[36minfo[39m: [debug] [BOOTSTRAP] [debug] Got command action: find
[36minfo[39m: [debug] [BOOTSTRAP] [debug] Finding com.zhihu.android:id/password using ID with the contextId:  multiple: false
[36minfo[39m: [debug] [BOOTSTRAP] [debug] Using: UiSelector[INSTANCE=0, RESOURCE_ID=com.zhihu.android:id/password]
[36minfo[39m: [debug] Responding to client with success: {"status":0,"value":{"ELEMENT":"8"},"sessionId":"4be842fa-0fc6-44af-acea-b15cecfa7d39"}
[36minfo[39m: [37m<-- POST /wd/hub/session/4be842fa-0fc6-44af-acea-b15cecfa7d39/element [39m[32m200[39m[90m 444.488 ms - 87[39m [90m{"status":0,"value":{"ELEMENT":"8"},"sessionId":"4be842fa-0fc6-44af-acea-b15cecfa7d39"}[39m
[36minfo[39m: [debug] [BOOTSTRAP] [debug] Returning result: {"status":0,"value":{"ELEMENT":"8"}}
[36minfo[39m: [37m-->[39m [37mPOST[39m [37m/wd/hub/session/4be842fa-0fc6-44af-acea-b15cecfa7d39/element/8/clear[39m [90m{"id":"8"}[39m
[36minfo[39m: [debug] Pushing command to appium work queue: ["element:clear",{"elementId":"8"}]
[36minfo[39m: [debug] [BOOTSTRAP] [debug] Got data from client: {"cmd":"action","action":"element:clear","params":{"elementId":"8"}}
[36minfo[39m: [debug] [BOOTSTRAP] [debug] Got command of type ACTION
[36minfo[39m: [debug] [BOOTSTRAP] [debug] Got command action: clear
[36minfo[39m: [debug] [BOOTSTRAP] [debug] Attempting to clear using UiObject.clearText().
[36minfo[39m: [debug] Responding to client with success: {"status":0,"value":true,"sessionId":"4be842fa-0fc6-44af-acea-b15cecfa7d39"}
[36minfo[39m: [37m<-- POST /wd/hub/session/4be842fa-0fc6-44af-acea-b15cecfa7d39/element/8/clear [39m[32m200[39m[90m 2872.246 ms - 76[39m [90m{"status":0,"value":true,"sessionId":"4be842fa-0fc6-44af-acea-b15cecfa7d39"}[39m
[36minfo[39m: [debug] [BOOTSTRAP] [debug] Returning result: {"status":0,"value":true}
[36minfo[39m: [37m-->[39m [37mPOST[39m [37m/wd/hub/session/4be842fa-0fc6-44af-acea-b15cecfa7d39/element/8/value[39m [90m{"id":"8","value":["1122334455"]}[39m
[36minfo[39m: [debug] Pushing command to appium work queue: ["element:setText",{"elementId":"8","text":"1122334455","replace":false}]
[36minfo[39m: [debug] [BOOTSTRAP] [debug] Got data from client: {"cmd":"action","action":"element:setText","params":{"elementId":"8","text":"1122334455","replace":false}}
[36minfo[39m: [debug] [BOOTSTRAP] [debug] Got command of type ACTION
[36minfo[39m: [debug] [BOOTSTRAP] [debug] Got command action: setText
[36minfo[39m: [debug] [BOOTSTRAP] [debug] Using element passed in.
[36minfo[39m: [debug] [BOOTSTRAP] [debug] Attempting to clear using UiObject.clearText().
[36minfo[39m: [debug] [BOOTSTRAP] [debug] Sending plain text to element: 1122334455
[36minfo[39m: [debug] [BOOTSTRAP] [debug] Returning result: {"status":0,"value":true}
[36minfo[39m: [debug] Responding to client with success: {"status":0,"value":true,"sessionId":"4be842fa-0fc6-44af-acea-b15cecfa7d39"}
[36minfo[39m: [37m<-- POST /wd/hub/session/4be842fa-0fc6-44af-acea-b15cecfa7d39/element/8/value [39m[32m200[39m[90m 5118.322 ms - 76[39m [90m{"status":0,"value":true,"sessionId":"4be842fa-0fc6-44af-acea-b15cecfa7d39"}[39m
[36minfo[39m: [37m-->[39m [37mPOST[39m [37m/wd/hub/session/4be842fa-0fc6-44af-acea-b15cecfa7d39/timeouts[39m [90m{"type":"implicit","ms":15000}[39m
[36minfo[39m: [debug] Set Android implicit wait to 15000ms
[36minfo[39m: [debug] Responding to client with success: {"status":0,"value":null,"sessionId":"4be842fa-0fc6-44af-acea-b15cecfa7d39"}
[36minfo[39m: [37m<-- POST /wd/hub/session/4be842fa-0fc6-44af-acea-b15cecfa7d39/timeouts [39m[32m200[39m[90m 4.568 ms - 76[39m [90m{"status":0,"value":null,"sessionId":"4be842fa-0fc6-44af-acea-b15cecfa7d39"}[39m
[36minfo[39m: [37m-->[39m [37mPOST[39m [37m/wd/hub/session/4be842fa-0fc6-44af-acea-b15cecfa7d39/element[39m [90m{"using":"name","value":"登录"}[39m
[36minfo[39m: [debug] Waiting up to 15000ms for condition
[36minfo[39m: [debug] Pushing command to appium work queue: ["find",{"strategy":"name","selector":"登录","context":"","multiple":false}]
[36minfo[39m: [debug] [BOOTSTRAP] [debug] Got data from client: {"cmd":"action","action":"find","params":{"strategy":"name","selector":"登录","context":"","multiple":false}}
[36minfo[39m: [debug] [BOOTSTRAP] [debug] Got command of type ACTION
[36minfo[39m: [debug] [BOOTSTRAP] [debug] Got command action: find
[36minfo[39m: [debug] [BOOTSTRAP] [debug] Finding 登录 using NAME with the contextId:  multiple: false
[36minfo[39m: [debug] [BOOTSTRAP] [debug] Using: UiSelector[DESCRIPTION=登录, INSTANCE=0]
[36minfo[39m: [debug] [BOOTSTRAP] [debug] Using: UiSelector[TEXT=登录, INSTANCE=0]
[36minfo[39m: [debug] Responding to client with success: {"status":0,"value":{"ELEMENT":"9"},"sessionId":"4be842fa-0fc6-44af-acea-b15cecfa7d39"}
[36minfo[39m: [37m<-- POST /wd/hub/session/4be842fa-0fc6-44af-acea-b15cecfa7d39/element [39m[32m200[39m[90m 484.759 ms - 87[39m [90m{"status":0,"value":{"ELEMENT":"9"},"sessionId":"4be842fa-0fc6-44af-acea-b15cecfa7d39"}[39m
[36minfo[39m: [debug] [BOOTSTRAP] [debug] Returning result: {"status":0,"value":{"ELEMENT":"9"}}
[36minfo[39m: [37m-->[39m [37mPOST[39m [37m/wd/hub/session/4be842fa-0fc6-44af-acea-b15cecfa7d39/element/9/click[39m [90m{"id":"9"}[39m
[36minfo[39m: [debug] Pushing command to appium work queue: ["element:click",{"elementId":"9"}]
[36minfo[39m: [debug] [BOOTSTRAP] [debug] Got data from client: {"cmd":"action","action":"element:click","params":{"elementId":"9"}}
[36minfo[39m: [debug] [BOOTSTRAP] [debug] Got command of type ACTION
[36minfo[39m: [debug] [BOOTSTRAP] [debug] Got command action: click
[36minfo[39m: [debug] Responding to client with success: {"status":0,"value":true,"sessionId":"4be842fa-0fc6-44af-acea-b15cecfa7d39"}
[36minfo[39m: [37m<-- POST /wd/hub/session/4be842fa-0fc6-44af-acea-b15cecfa7d39/element/9/click [39m[32m200[39m[90m 177.014 ms - 76[39m [90m{"status":0,"value":true,"sessionId":"4be842fa-0fc6-44af-acea-b15cecfa7d39"}[39m
[36minfo[39m: [debug] [BOOTSTRAP] [debug] Returning result: {"status":0,"value":true}
[36minfo[39m: [37m-->[39m [37mPOST[39m [37m/wd/hub/session/4be842fa-0fc6-44af-acea-b15cecfa7d39/timeouts[39m [90m{"type":"implicit","ms":15000}[39m
[36minfo[39m: [debug] Set Android implicit wait to 15000ms
[36minfo[39m: [debug] Responding to client with success: {"status":0,"value":null,"sessionId":"4be842fa-0fc6-44af-acea-b15cecfa7d39"}
[36minfo[39m: [37m<-- POST /wd/hub/session/4be842fa-0fc6-44af-acea-b15cecfa7d39/timeouts [39m[32m200[39m[90m 4.804 ms - 76[39m [90m{"status":0,"value":null,"sessionId":"4be842fa-0fc6-44af-acea-b15cecfa7d39"}[39m
[36minfo[39m: [37m-->[39m [37mPOST[39m [37m/wd/hub/session/4be842fa-0fc6-44af-acea-b15cecfa7d39/element[39m [90m{"using":"xpath","value":"//*[contains(text(),\"登录\")]"}[39m
[36minfo[39m: [debug] Waiting up to 15000ms for condition
[36minfo[39m: [debug] Pushing command to appium work queue: ["find",{"strategy":"xpath","selector":"//*[contains(text(),\"登录\")]","context":"","multiple":false}]
[36minfo[39m: [debug] [BOOTSTRAP] [debug] Got data from client: {"cmd":"action","action":"find","params":{"strategy":"xpath","selector":"//*[contains(text(),\"登录\")]","context":"","multiple":false}}
[36minfo[39m: [debug] [BOOTSTRAP] [debug] Got command of type ACTION
[36minfo[39m: [debug] [BOOTSTRAP] [debug] Got command action: find
[36minfo[39m: [debug] [BOOTSTRAP] [debug] Finding //*[contains(text(),"登录")] using XPATH with the contextId:  multiple: false
[36minfo[39m: [debug] [BOOTSTRAP] [debug] Returning result: {"status":7,"value":"Could not find an element using supplied strategy. "}
[36minfo[39m: [debug] Waited for 218ms so far
[36minfo[39m: [debug] Pushing command to appium work queue: ["find",{"strategy":"xpath","selector":"//*[contains(text(),\"登录\")]","context":"","multiple":false}]
[36minfo[39m: [debug] [BOOTSTRAP] [debug] Got data from client: {"cmd":"action","action":"find","params":{"strategy":"xpath","selector":"//*[contains(text(),\"登录\")]","context":"","multiple":false}}
[36minfo[39m: [debug] [BOOTSTRAP] [debug] Got command of type ACTION
[36minfo[39m: [debug] [BOOTSTRAP] [debug] Got command action: find
[36minfo[39m: [debug] [BOOTSTRAP] [debug] Finding //*[contains(text(),"登录")] using XPATH with the contextId:  multiple: false
[36minfo[39m: [debug] [BOOTSTRAP] [debug] Returning result: {"status":7,"value":"Could not find an element using supplied strategy. "}
[36minfo[39m: [debug] Waited for 911ms so far
[36minfo[39m: [debug] Pushing command to appium work queue: ["find",{"strategy":"xpath","selector":"//*[contains(text(),\"登录\")]","context":"","multiple":false}]
[36minfo[39m: [debug] [BOOTSTRAP] [debug] Got data from client: {"cmd":"action","action":"find","params":{"strategy":"xpath","selector":"//*[contains(text(),\"登录\")]","context":"","multiple":false}}
[36minfo[39m: [debug] [BOOTSTRAP] [debug] Got command of type ACTION
[36minfo[39m: [debug] [BOOTSTRAP] [debug] Got command action: find
[36minfo[39m: [debug] [BOOTSTRAP] [debug] Finding //*[contains(text(),"登录")] using XPATH with the contextId:  multiple: false
[36minfo[39m: [debug] [BOOTSTRAP] [debug] Returning result: {"status":7,"value":"Could not find an element using supplied strategy. "}
[36minfo[39m: [debug] Waited for 1526ms so far
[36minfo[39m: [debug] Pushing command to appium work queue: ["find",{"strategy":"xpath","selector":"//*[contains(text(),\"登录\")]","context":"","multiple":false}]
[36minfo[39m: [debug] [BOOTSTRAP] [debug] Got data from client: {"cmd":"action","action":"find","params":{"strategy":"xpath","selector":"//*[contains(text(),\"登录\")]","context":"","multiple":false}}
[36minfo[39m: [debug] [BOOTSTRAP] [debug] Got command of type ACTION
[36minfo[39m: [debug] [BOOTSTRAP] [debug] Got command action: find
[36minfo[39m: [debug] [BOOTSTRAP] [debug] Finding //*[contains(text(),"登录")] using XPATH with the contextId:  multiple: false
[36minfo[39m: [debug] [BOOTSTRAP] [debug] Returning result: {"status":7,"value":"Could not find an element using supplied strategy. "}
[36minfo[39m: [debug] Waited for 2125ms so far
[36minfo[39m: [debug] Pushing command to appium work queue: ["find",{"strategy":"xpath","selector":"//*[contains(text(),\"登录\")]","context":"","multiple":false}]
[36minfo[39m: [debug] [BOOTSTRAP] [debug] Got data from client: {"cmd":"action","action":"find","params":{"strategy":"xpath","selector":"//*[contains(text(),\"登录\")]","context":"","multiple":false}}
[36minfo[39m: [debug] [BOOTSTRAP] [debug] Got command of type ACTION
[36minfo[39m: [debug] [BOOTSTRAP] [debug] Got command action: find
[36minfo[39m: [debug] [BOOTSTRAP] [debug] Finding //*[contains(text(),"登录")] using XPATH with the contextId:  multiple: false
[36minfo[39m: [debug] [BOOTSTRAP] [debug] Returning result: {"status":7,"value":"Could not find an element using supplied strategy. "}
[36minfo[39m: [debug] Waited for 2703ms so far
[36minfo[39m: [debug] Pushing command to appium work queue: ["find",{"strategy":"xpath","selector":"//*[contains(text(),\"登录\")]","context":"","multiple":false}]
[36minfo[39m: [debug] [BOOTSTRAP] [debug] Got data from client: {"cmd":"action","action":"find","params":{"strategy":"xpath","selector":"//*[contains(text(),\"登录\")]","context":"","multiple":false}}
[36minfo[39m: [debug] [BOOTSTRAP] [debug] Got command of type ACTION
[36minfo[39m: [debug] [BOOTSTRAP] [debug] Got command action: find
[36minfo[39m: [debug] [BOOTSTRAP] [debug] Finding //*[contains(text(),"登录")] using XPATH with the contextId:  multiple: false
[36minfo[39m: [debug] Waited for 3292ms so far
[36minfo[39m: [debug] [BOOTSTRAP] [debug] Returning result: {"status":7,"value":"Could not find an element using supplied strategy. "}
[36minfo[39m: [debug] Pushing command to appium work queue: ["find",{"strategy":"xpath","selector":"//*[contains(text(),\"登录\")]","context":"","multiple":false}]
[36minfo[39m: [debug] [BOOTSTRAP] [debug] Got data from client: {"cmd":"action","action":"find","params":{"strategy":"xpath","selector":"//*[contains(text(),\"登录\")]","context":"","multiple":false}}
[36minfo[39m: [debug] [BOOTSTRAP] [debug] Got command of type ACTION
[36minfo[39m: [debug] [BOOTSTRAP] [debug] Got command action: find
[36minfo[39m: [debug] [BOOTSTRAP] [debug] Finding //*[contains(text(),"登录")] using XPATH with the contextId:  multiple: false
[36minfo[39m: [debug] Waited for 3883ms so far
[36minfo[39m: [debug] [BOOTSTRAP] [debug] Returning result: {"status":7,"value":"Could not find an element using supplied strategy. "}
[36minfo[39m: [debug] Pushing command to appium work queue: ["find",{"strategy":"xpath","selector":"//*[contains(text(),\"登录\")]","context":"","multiple":false}]
[36minfo[39m: [debug] [BOOTSTRAP] [debug] Got data from client: {"cmd":"action","action":"find","params":{"strategy":"xpath","selector":"//*[contains(text(),\"登录\")]","context":"","multiple":false}}
[36minfo[39m: [debug] [BOOTSTRAP] [debug] Got command of type ACTION
[36minfo[39m: [debug] [BOOTSTRAP] [debug] Got command action: find
[36minfo[39m: [debug] [BOOTSTRAP] [debug] Finding //*[contains(text(),"登录")] using XPATH with the contextId:  multiple: false
[36minfo[39m: [debug] [BOOTSTRAP] [debug] Returning result: {"status":7,"value":"Could not find an element using supplied strategy. "}
[36minfo[39m: [debug] Waited for 4591ms so far
[36minfo[39m: [debug] Pushing command to appium work queue: ["find",{"strategy":"xpath","selector":"//*[contains(text(),\"登录\")]","context":"","multiple":false}]
[36minfo[39m: [debug] [BOOTSTRAP] [debug] Got data from client: {"cmd":"action","action":"find","params":{"strategy":"xpath","selector":"//*[contains(text(),\"登录\")]","context":"","multiple":false}}
[36minfo[39m: [debug] [BOOTSTRAP] [debug] Got command of type ACTION
[36minfo[39m: [debug] [BOOTSTRAP] [debug] Got command action: find
[36minfo[39m: [debug] [BOOTSTRAP] [debug] Finding //*[contains(text(),"登录")] using XPATH with the contextId:  multiple: false
[36minfo[39m: [debug] [BOOTSTRAP] [debug] Returning result: {"status":7,"value":"Could not find an element using supplied strategy. "}
[36minfo[39m: [debug] Waited for 5168ms so far
[36minfo[39m: [debug] Pushing command to appium work queue: ["find",{"strategy":"xpath","selector":"//*[contains(text(),\"登录\")]","context":"","multiple":false}]
[36minfo[39m: [debug] [BOOTSTRAP] [debug] Got data from client: {"cmd":"action","action":"find","params":{"strategy":"xpath","selector":"//*[contains(text(),\"登录\")]","context":"","multiple":false}}
[36minfo[39m: [debug] [BOOTSTRAP] [debug] Got command of type ACTION
[36minfo[39m: [debug] [BOOTSTRAP] [debug] Got command action: find
[36minfo[39m: [debug] [BOOTSTRAP] [debug] Finding //*[contains(text(),"登录")] using XPATH with the contextId:  multiple: false
[36minfo[39m: [debug] Waited for 5741ms so far
[36minfo[39m: [debug] [BOOTSTRAP] [debug] Returning result: {"status":7,"value":"Could not find an element using supplied strategy. "}
[36minfo[39m: [debug] Pushing command to appium work queue: ["find",{"strategy":"xpath","selector":"//*[contains(text(),\"登录\")]","context":"","multiple":false}]
[36minfo[39m: [debug] [BOOTSTRAP] [debug] Got data from client: {"cmd":"action","action":"find","params":{"strategy":"xpath","selector":"//*[contains(text(),\"登录\")]","context":"","multiple":false}}
[36minfo[39m: [debug] [BOOTSTRAP] [debug] Got command of type ACTION
[36minfo[39m: [debug] [BOOTSTRAP] [debug] Got command action: find
[36minfo[39m: [debug] [BOOTSTRAP] [debug] Finding //*[contains(text(),"登录")] using XPATH with the contextId:  multiple: false
[36minfo[39m: [debug] [BOOTSTRAP] [debug] Returning result: {"status":7,"value":"Could not find an element using supplied strategy. "}
[36minfo[39m: [debug] Waited for 6330ms so far
[36minfo[39m: [debug] Pushing command to appium work queue: ["find",{"strategy":"xpath","selector":"//*[contains(text(),\"登录\")]","context":"","multiple":false}]
[36minfo[39m: [debug] [BOOTSTRAP] [debug] Got data from client: {"cmd":"action","action":"find","params":{"strategy":"xpath","selector":"//*[contains(text(),\"登录\")]","context":"","multiple":false}}
[36minfo[39m: [debug] [BOOTSTRAP] [debug] Got command of type ACTION
[36minfo[39m: [debug] [BOOTSTRAP] [debug] Got command action: find
[36minfo[39m: [debug] [BOOTSTRAP] [debug] Finding //*[contains(text(),"登录")] using XPATH with the contextId:  multiple: false
[36minfo[39m: [debug] [BOOTSTRAP] [debug] Returning result: {"status":7,"value":"Could not find an element using supplied strategy. "}
[36minfo[39m: [debug] Waited for 6891ms so far
[36minfo[39m: [debug] Pushing command to appium work queue: ["find",{"strategy":"xpath","selector":"//*[contains(text(),\"登录\")]","context":"","multiple":false}]
[36minfo[39m: [debug] [BOOTSTRAP] [debug] Got data from client: {"cmd":"action","action":"find","params":{"strategy":"xpath","selector":"//*[contains(text(),\"登录\")]","context":"","multiple":false}}
[36minfo[39m: [debug] [BOOTSTRAP] [debug] Got command of type ACTION
[36minfo[39m: [debug] [BOOTSTRAP] [debug] Got command action: find
[36minfo[39m: [debug] [BOOTSTRAP] [debug] Finding //*[contains(text(),"登录")] using XPATH with the contextId:  multiple: false
[36minfo[39m: [debug] Waited for 7597ms so far
[36minfo[39m: [debug] [BOOTSTRAP] [debug] Returning result: {"status":7,"value":"Could not find an element using supplied strategy. "}
[36minfo[39m: [debug] Pushing command to appium work queue: ["find",{"strategy":"xpath","selector":"//*[contains(text(),\"登录\")]","context":"","multiple":false}]
[36minfo[39m: [debug] [BOOTSTRAP] [debug] Got data from client: {"cmd":"action","action":"find","params":{"strategy":"xpath","selector":"//*[contains(text(),\"登录\")]","context":"","multiple":false}}
[36minfo[39m: [debug] [BOOTSTRAP] [debug] Got command of type ACTION
[36minfo[39m: [debug] [BOOTSTRAP] [debug] Got command action: find
[36minfo[39m: [debug] [BOOTSTRAP] [debug] Finding //*[contains(text(),"登录")] using XPATH with the contextId:  multiple: false
[36minfo[39m: [debug] [BOOTSTRAP] [debug] Returning result: {"status":7,"value":"Could not find an element using supplied strategy. "}
[36minfo[39m: [debug] Waited for 8179ms so far
[36minfo[39m: [debug] Pushing command to appium work queue: ["find",{"strategy":"xpath","selector":"//*[contains(text(),\"登录\")]","context":"","multiple":false}]
[36minfo[39m: [debug] [BOOTSTRAP] [debug] Got data from client: {"cmd":"action","action":"find","params":{"strategy":"xpath","selector":"//*[contains(text(),\"登录\")]","context":"","multiple":false}}
[36minfo[39m: [debug] [BOOTSTRAP] [debug] Got command of type ACTION
[36minfo[39m: [debug] [BOOTSTRAP] [debug] Got command action: find
[36minfo[39m: [debug] [BOOTSTRAP] [debug] Finding //*[contains(text(),"登录")] using XPATH with the contextId:  multiple: false
[36minfo[39m: [debug] Waited for 8765ms so far
[36minfo[39m: [debug] [BOOTSTRAP] [debug] Returning result: {"status":7,"value":"Could not find an element using supplied strategy. "}
[36minfo[39m: [debug] Pushing command to appium work queue: ["find",{"strategy":"xpath","selector":"//*[contains(text(),\"登录\")]","context":"","multiple":false}]
[36minfo[39m: [debug] [BOOTSTRAP] [debug] Got data from client: {"cmd":"action","action":"find","params":{"strategy":"xpath","selector":"//*[contains(text(),\"登录\")]","context":"","multiple":false}}
[36minfo[39m: [debug] [BOOTSTRAP] [debug] Got command of type ACTION
[36minfo[39m: [debug] [BOOTSTRAP] [debug] Got command action: find
[36minfo[39m: [debug] [BOOTSTRAP] [debug] Finding //*[contains(text(),"登录")] using XPATH with the contextId:  multiple: false
[36minfo[39m: [debug] Waited for 9360ms so far
[36minfo[39m: [debug] [BOOTSTRAP] [debug] Returning result: {"status":7,"value":"Could not find an element using supplied strategy. "}
[36minfo[39m: [debug] Pushing command to appium work queue: ["find",{"strategy":"xpath","selector":"//*[contains(text(),\"登录\")]","context":"","multiple":false}]
[36minfo[39m: [debug] [BOOTSTRAP] [debug] Got data from client: {"cmd":"action","action":"find","params":{"strategy":"xpath","selector":"//*[contains(text(),\"登录\")]","context":"","multiple":false}}
[36minfo[39m: [debug] [BOOTSTRAP] [debug] Got command of type ACTION
[36minfo[39m: [debug] [BOOTSTRAP] [debug] Got command action: find
[36minfo[39m: [debug] [BOOTSTRAP] [debug] Finding //*[contains(text(),"登录")] using XPATH with the contextId:  multiple: false
[36minfo[39m: [debug] [BOOTSTRAP] [debug] Returning result: {"status":7,"value":"Could not find an element using supplied strategy. "}
[36minfo[39m: [debug] Waited for 9971ms so far
[36minfo[39m: [debug] Pushing command to appium work queue: ["find",{"strategy":"xpath","selector":"//*[contains(text(),\"登录\")]","context":"","multiple":false}]
[36minfo[39m: [debug] [BOOTSTRAP] [debug] Got data from client: {"cmd":"action","action":"find","params":{"strategy":"xpath","selector":"//*[contains(text(),\"登录\")]","context":"","multiple":false}}
[36minfo[39m: [debug] [BOOTSTRAP] [debug] Got command of type ACTION
[36minfo[39m: [debug] [BOOTSTRAP] [debug] Got command action: find
[36minfo[39m: [debug] [BOOTSTRAP] [debug] Finding //*[contains(text(),"登录")] using XPATH with the contextId:  multiple: false
[36minfo[39m: [debug] [BOOTSTRAP] [debug] Returning result: {"status":7,"value":"Could not find an element using supplied strategy. "}
[36minfo[39m: [debug] Waited for 10602ms so far
[36minfo[39m: [debug] Pushing command to appium work queue: ["find",{"strategy":"xpath","selector":"//*[contains(text(),\"登录\")]","context":"","multiple":false}]
[36minfo[39m: [debug] [BOOTSTRAP] [debug] Got data from client: {"cmd":"action","action":"find","params":{"strategy":"xpath","selector":"//*[contains(text(),\"登录\")]","context":"","multiple":false}}
[36minfo[39m: [debug] [BOOTSTRAP] [debug] Got command of type ACTION
[36minfo[39m: [debug] [BOOTSTRAP] [debug] Got command action: find
[36minfo[39m: [debug] [BOOTSTRAP] [debug] Finding //*[contains(text(),"登录")] using XPATH with the contextId:  multiple: false
[36minfo[39m: [debug] [BOOTSTRAP] [debug] Returning result: {"status":7,"value":"Could not find an element using supplied strategy. "}
[36minfo[39m: [debug] Waited for 11184ms so far
[36minfo[39m: [debug] Pushing command to appium work queue: ["find",{"strategy":"xpath","selector":"//*[contains(text(),\"登录\")]","context":"","multiple":false}]
[36minfo[39m: [debug] [BOOTSTRAP] [debug] Got data from client: {"cmd":"action","action":"find","params":{"strategy":"xpath","selector":"//*[contains(text(),\"登录\")]","context":"","multiple":false}}
[36minfo[39m: [debug] [BOOTSTRAP] [debug] Got command of type ACTION
[36minfo[39m: [debug] [BOOTSTRAP] [debug] Got command action: find
[36minfo[39m: [debug] [BOOTSTRAP] [debug] Finding //*[contains(text(),"登录")] using XPATH with the contextId:  multiple: false
[36minfo[39m: [debug] [BOOTSTRAP] [debug] Returning result: {"status":7,"value":"Could not find an element using supplied strategy. "}
[36minfo[39m: [debug] Waited for 11767ms so far
[36minfo[39m: [debug] Pushing command to appium work queue: ["find",{"strategy":"xpath","selector":"//*[contains(text(),\"登录\")]","context":"","multiple":false}]
[36minfo[39m: [debug] [BOOTSTRAP] [debug] Got data from client: {"cmd":"action","action":"find","params":{"strategy":"xpath","selector":"//*[contains(text(),\"登录\")]","context":"","multiple":false}}
[36minfo[39m: [debug] [BOOTSTRAP] [debug] Got command of type ACTION
[36minfo[39m: [debug] [BOOTSTRAP] [debug] Got command action: find
[36minfo[39m: [debug] [BOOTSTRAP] [debug] Finding //*[contains(text(),"登录")] using XPATH with the contextId:  multiple: false
[36minfo[39m: [debug] [BOOTSTRAP] [debug] Returning result: {"status":7,"value":"Could not find an element using supplied strategy. "}
[36minfo[39m: [debug] Waited for 12349ms so far
[36minfo[39m: [debug] Pushing command to appium work queue: ["find",{"strategy":"xpath","selector":"//*[contains(text(),\"登录\")]","context":"","multiple":false}]
[36minfo[39m: [debug] [BOOTSTRAP] [debug] Got data from client: {"cmd":"action","action":"find","params":{"strategy":"xpath","selector":"//*[contains(text(),\"登录\")]","context":"","multiple":false}}
[36minfo[39m: [debug] [BOOTSTRAP] [debug] Got command of type ACTION
[36minfo[39m: [debug] [BOOTSTRAP] [debug] Got command action: find
[36minfo[39m: [debug] [BOOTSTRAP] [debug] Finding //*[contains(text(),"登录")] using XPATH with the contextId:  multiple: false
[36minfo[39m: [debug] [BOOTSTRAP] [debug] Returning result: {"status":7,"value":"Could not find an element using supplied strategy. "}
[36minfo[39m: [debug] Waited for 12936ms so far
[36minfo[39m: [debug] Pushing command to appium work queue: ["find",{"strategy":"xpath","selector":"//*[contains(text(),\"登录\")]","context":"","multiple":false}]
[36minfo[39m: [debug] [BOOTSTRAP] [debug] Got data from client: {"cmd":"action","action":"find","params":{"strategy":"xpath","selector":"//*[contains(text(),\"登录\")]","context":"","multiple":false}}
[36minfo[39m: [debug] [BOOTSTRAP] [debug] Got command of type ACTION
[36minfo[39m: [debug] [BOOTSTRAP] [debug] Got command action: find
[36minfo[39m: [debug] [BOOTSTRAP] [debug] Finding //*[contains(text(),"登录")] using XPATH with the contextId:  multiple: false
[36minfo[39m: [debug] [BOOTSTRAP] [debug] Returning result: {"status":7,"value":"Could not find an element using supplied strategy. "}
[36minfo[39m: [debug] Waited for 13534ms so far
[36minfo[39m: [debug] Pushing command to appium work queue: ["find",{"strategy":"xpath","selector":"//*[contains(text(),\"登录\")]","context":"","multiple":false}]
[36minfo[39m: [debug] [BOOTSTRAP] [debug] Got data from client: {"cmd":"action","action":"find","params":{"strategy":"xpath","selector":"//*[contains(text(),\"登录\")]","context":"","multiple":false}}
[36minfo[39m: [debug] [BOOTSTRAP] [debug] Got command of type ACTION
[36minfo[39m: [debug] [BOOTSTRAP] [debug] Got command action: find
[36minfo[39m: [debug] [BOOTSTRAP] [debug] Finding //*[contains(text(),"登录")] using XPATH with the contextId:  multiple: false
[36minfo[39m: [debug] Waited for 14121ms so far
[36minfo[39m: [debug] [BOOTSTRAP] [debug] Returning result: {"status":7,"value":"Could not find an element using supplied strategy. "}
[36minfo[39m: [debug] Pushing command to appium work queue: ["find",{"strategy":"xpath","selector":"//*[contains(text(),\"登录\")]","context":"","multiple":false}]
[36minfo[39m: [debug] [BOOTSTRAP] [debug] Got data from client: {"cmd":"action","action":"find","params":{"strategy":"xpath","selector":"//*[contains(text(),\"登录\")]","context":"","multiple":false}}
[36minfo[39m: [debug] [BOOTSTRAP] [debug] Got command of type ACTION
[36minfo[39m: [debug] [BOOTSTRAP] [debug] Got command action: find
[36minfo[39m: [debug] [BOOTSTRAP] [debug] Finding //*[contains(text(),"登录")] using XPATH with the contextId:  multiple: false
[36minfo[39m: [debug] [BOOTSTRAP] [debug] Returning result: {"status":7,"value":"Could not find an element using supplied strategy. "}
[36minfo[39m: [debug] Waited for 14720ms so far
[36minfo[39m: [debug] Pushing command to appium work queue: ["find",{"strategy":"xpath","selector":"//*[contains(text(),\"登录\")]","context":"","multiple":false}]
[36minfo[39m: [debug] [BOOTSTRAP] [debug] Got data from client: {"cmd":"action","action":"find","params":{"strategy":"xpath","selector":"//*[contains(text(),\"登录\")]","context":"","multiple":false}}
[36minfo[39m: [debug] [BOOTSTRAP] [debug] Got command of type ACTION
[36minfo[39m: [debug] [BOOTSTRAP] [debug] Got command action: find
[36minfo[39m: [debug] [BOOTSTRAP] [debug] Finding //*[contains(text(),"登录")] using XPATH with the contextId:  multiple: false
[36minfo[39m: [debug] [BOOTSTRAP] [debug] Returning result: {"status":7,"value":"Could not find an element using supplied strategy. "}
[36minfo[39m: [debug] Condition unmet after 15306ms. Timing out.
[36minfo[39m: [debug] Responding to client with error: {"status":7,"value":{"message":"An element could not be located on the page using the given search parameters.","origValue":"Could not find an element using supplied strategy. "},"sessionId":"4be842fa-0fc6-44af-acea-b15cecfa7d39"}
[36minfo[39m: [37m<-- POST /wd/hub/session/4be842fa-0fc6-44af-acea-b15cecfa7d39/element [39m[31m500[39m[90m 15312.544 ms - 230[39m [90m[39m
[36minfo[39m: [37m-->[39m [37mPOST[39m [37m/wd/hub/session/4be842fa-0fc6-44af-acea-b15cecfa7d39/timeouts[39m [90m{"type":"implicit","ms":15000}[39m
[36minfo[39m: [debug] Set Android implicit wait to 15000ms
[36minfo[39m: [debug] Responding to client with success: {"status":0,"value":null,"sessionId":"4be842fa-0fc6-44af-acea-b15cecfa7d39"}
[36minfo[39m: [37m<-- POST /wd/hub/session/4be842fa-0fc6-44af-acea-b15cecfa7d39/timeouts [39m[32m200[39m[90m 1.364 ms - 76[39m [90m{"status":0,"value":null,"sessionId":"4be842fa-0fc6-44af-acea-b15cecfa7d39"}[39m
[36minfo[39m: [37m-->[39m [37mPOST[39m [37m/wd/hub/session/4be842fa-0fc6-44af-acea-b15cecfa7d39/element[39m [90m{"using":"xpath","value":"//*[contains(text(),\"登录\")]"}[39m
[36minfo[39m: [debug] Waiting up to 15000ms for condition
[36minfo[39m: [debug] Pushing command to appium work queue: ["find",{"strategy":"xpath","selector":"//*[contains(text(),\"登录\")]","context":"","multiple":false}]
[36minfo[39m: [debug] [BOOTSTRAP] [debug] Got data from client: {"cmd":"action","action":"find","params":{"strategy":"xpath","selector":"//*[contains(text(),\"登录\")]","context":"","multiple":false}}
[36minfo[39m: [debug] [BOOTSTRAP] [debug] Got command of type ACTION
[36minfo[39m: [debug] [BOOTSTRAP] [debug] Got command action: find
[36minfo[39m: [debug] [BOOTSTRAP] [debug] Finding //*[contains(text(),"登录")] using XPATH with the contextId:  multiple: false
[36minfo[39m: [debug] [BOOTSTRAP] [debug] Returning result: {"status":7,"value":"Could not find an element using supplied strategy. "}
[36minfo[39m: [debug] Waited for 75ms so far
[36minfo[39m: [debug] Pushing command to appium work queue: ["find",{"strategy":"xpath","selector":"//*[contains(text(),\"登录\")]","context":"","multiple":false}]
[36minfo[39m: [debug] [BOOTSTRAP] [debug] Got data from client: {"cmd":"action","action":"find","params":{"strategy":"xpath","selector":"//*[contains(text(),\"登录\")]","context":"","multiple":false}}
[36minfo[39m: [debug] [BOOTSTRAP] [debug] Got command of type ACTION
[36minfo[39m: [debug] [BOOTSTRAP] [debug] Got command action: find
[36minfo[39m: [debug] [BOOTSTRAP] [debug] Finding //*[contains(text(),"登录")] using XPATH with the contextId:  multiple: false
[36minfo[39m: [debug] [BOOTSTRAP] [debug] Returning result: {"status":7,"value":"Could not find an element using supplied strategy. "}
[36minfo[39m: [debug] Waited for 666ms so far
[36minfo[39m: [debug] Pushing command to appium work queue: ["find",{"strategy":"xpath","selector":"//*[contains(text(),\"登录\")]","context":"","multiple":false}]
[36minfo[39m: [debug] [BOOTSTRAP] [debug] Got data from client: {"cmd":"action","action":"find","params":{"strategy":"xpath","selector":"//*[contains(text(),\"登录\")]","context":"","multiple":false}}
[36minfo[39m: [debug] [BOOTSTRAP] [debug] Got command of type ACTION
[36minfo[39m: [debug] [BOOTSTRAP] [debug] Got command action: find
[36minfo[39m: [debug] [BOOTSTRAP] [debug] Finding //*[contains(text(),"登录")] using XPATH with the contextId:  multiple: false
[36minfo[39m: [debug] Waited for 1332ms so far
[36minfo[39m: [debug] [BOOTSTRAP] [debug] Returning result: {"status":7,"value":"Could not find an element using supplied strategy. "}
[36minfo[39m: [debug] Pushing command to appium work queue: ["find",{"strategy":"xpath","selector":"//*[contains(text(),\"登录\")]","context":"","multiple":false}]
[36minfo[39m: [debug] [BOOTSTRAP] [debug] Got data from client: {"cmd":"action","action":"find","params":{"strategy":"xpath","selector":"//*[contains(text(),\"登录\")]","context":"","multiple":false}}
[36minfo[39m: [debug] [BOOTSTRAP] [debug] Got command of type ACTION
[36minfo[39m: [debug] [BOOTSTRAP] [debug] Got command action: find
[36minfo[39m: [debug] [BOOTSTRAP] [debug] Finding //*[contains(text(),"登录")] using XPATH with the contextId:  multiple: false
[36minfo[39m: [debug] [BOOTSTRAP] [debug] Returning result: {"status":7,"value":"Could not find an element using supplied strategy. "}
[36minfo[39m: [debug] Waited for 2004ms so far
[36minfo[39m: [debug] Pushing command to appium work queue: ["find",{"strategy":"xpath","selector":"//*[contains(text(),\"登录\")]","context":"","multiple":false}]
[36minfo[39m: [debug] [BOOTSTRAP] [debug] Got data from client: {"cmd":"action","action":"find","params":{"strategy":"xpath","selector":"//*[contains(text(),\"登录\")]","context":"","multiple":false}}
[36minfo[39m: [debug] [BOOTSTRAP] [debug] Got command of type ACTION
[36minfo[39m: [debug] [BOOTSTRAP] [debug] Got command action: find
[36minfo[39m: [debug] [BOOTSTRAP] [debug] Finding //*[contains(text(),"登录")] using XPATH with the contextId:  multiple: false
[36minfo[39m: [debug] [BOOTSTRAP] [debug] Returning result: {"status":7,"value":"Could not find an element using supplied strategy. "}
[36minfo[39m: [debug] Waited for 2632ms so far
[36minfo[39m: [debug] Pushing command to appium work queue: ["find",{"strategy":"xpath","selector":"//*[contains(text(),\"登录\")]","context":"","multiple":false}]
[36minfo[39m: [debug] [BOOTSTRAP] [debug] Got data from client: {"cmd":"action","action":"find","params":{"strategy":"xpath","selector":"//*[contains(text(),\"登录\")]","context":"","multiple":false}}
[36minfo[39m: [debug] [BOOTSTRAP] [debug] Got command of type ACTION
[36minfo[39m: [debug] [BOOTSTRAP] [debug] Got command action: find
[36minfo[39m: [debug] [BOOTSTRAP] [debug] Finding //*[contains(text(),"登录")] using XPATH with the contextId:  multiple: false
[36minfo[39m: [debug] [BOOTSTRAP] [debug] Returning result: {"status":7,"value":"Could not find an element using supplied strategy. "}
[36minfo[39m: [debug] Waited for 3212ms so far
[36minfo[39m: [debug] Pushing command to appium work queue: ["find",{"strategy":"xpath","selector":"//*[contains(text(),\"登录\")]","context":"","multiple":false}]
[36minfo[39m: [debug] [BOOTSTRAP] [debug] Got data from client: {"cmd":"action","action":"find","params":{"strategy":"xpath","selector":"//*[contains(text(),\"登录\")]","context":"","multiple":false}}
[36minfo[39m: [debug] [BOOTSTRAP] [debug] Got command of type ACTION
[36minfo[39m: [debug] [BOOTSTRAP] [debug] Got command action: find
[36minfo[39m: [debug] [BOOTSTRAP] [debug] Finding //*[contains(text(),"登录")] using XPATH with the contextId:  multiple: false
[36minfo[39m: [debug] [BOOTSTRAP] [debug] Returning result: {"status":7,"value":"Could not find an element using supplied strategy. "}
[36minfo[39m: [debug] Waited for 3790ms so far
[36minfo[39m: [debug] Pushing command to appium work queue: ["find",{"strategy":"xpath","selector":"//*[contains(text(),\"登录\")]","context":"","multiple":false}]
[36minfo[39m: [debug] [BOOTSTRAP] [debug] Got data from client: {"cmd":"action","action":"find","params":{"strategy":"xpath","selector":"//*[contains(text(),\"登录\")]","context":"","multiple":false}}
[36minfo[39m: [debug] [BOOTSTRAP] [debug] Got command of type ACTION
[36minfo[39m: [debug] [BOOTSTRAP] [debug] Got command action: find
[36minfo[39m: [debug] [BOOTSTRAP] [debug] Finding //*[contains(text(),"登录")] using XPATH with the contextId:  multiple: false
[36minfo[39m: [debug] [BOOTSTRAP] [debug] Returning result: {"status":7,"value":"Could not find an element using supplied strategy. "}
[36minfo[39m: [debug] Waited for 4380ms so far
[36minfo[39m: [debug] Pushing command to appium work queue: ["find",{"strategy":"xpath","selector":"//*[contains(text(),\"登录\")]","context":"","multiple":false}]
[36minfo[39m: [debug] [BOOTSTRAP] [debug] Got data from client: {"cmd":"action","action":"find","params":{"strategy":"xpath","selector":"//*[contains(text(),\"登录\")]","context":"","multiple":false}}
[36minfo[39m: [debug] [BOOTSTRAP] [debug] Got command of type ACTION
[36minfo[39m: [debug] [BOOTSTRAP] [debug] Got command action: find
[36minfo[39m: [debug] [BOOTSTRAP] [debug] Finding //*[contains(text(),"登录")] using XPATH with the contextId:  multiple: false
[36minfo[39m: [debug] [BOOTSTRAP] [debug] Returning result: {"status":7,"value":"Could not find an element using supplied strategy. "}
[36minfo[39m: [debug] Waited for 4964ms so far
[36minfo[39m: [debug] Pushing command to appium work queue: ["find",{"strategy":"xpath","selector":"//*[contains(text(),\"登录\")]","context":"","multiple":false}]
[36minfo[39m: [debug] [BOOTSTRAP] [debug] Got data from client: {"cmd":"action","action":"find","params":{"strategy":"xpath","selector":"//*[contains(text(),\"登录\")]","context":"","multiple":false}}
[36minfo[39m: [debug] [BOOTSTRAP] [debug] Got command of type ACTION
[36minfo[39m: [debug] [BOOTSTRAP] [debug] Got command action: find
[36minfo[39m: [debug] [BOOTSTRAP] [debug] Finding //*[contains(text(),"登录")] using XPATH with the contextId:  multiple: false
[36minfo[39m: [debug] Waited for 5548ms so far
[36minfo[39m: [debug] [BOOTSTRAP] [debug] Returning result: {"status":7,"value":"Could not find an element using supplied strategy. "}
[36minfo[39m: [debug] Pushing command to appium work queue: ["find",{"strategy":"xpath","selector":"//*[contains(text(),\"登录\")]","context":"","multiple":false}]
[36minfo[39m: [debug] [BOOTSTRAP] [debug] Got data from client: {"cmd":"action","action":"find","params":{"strategy":"xpath","selector":"//*[contains(text(),\"登录\")]","context":"","multiple":false}}
[36minfo[39m: [debug] [BOOTSTRAP] [debug] Got command of type ACTION
[36minfo[39m: [debug] [BOOTSTRAP] [debug] Got command action: find
[36minfo[39m: [debug] [BOOTSTRAP] [debug] Finding //*[contains(text(),"登录")] using XPATH with the contextId:  multiple: false
[36minfo[39m: [debug] Waited for 6124ms so far
[36minfo[39m: [debug] [BOOTSTRAP] [debug] Returning result: {"status":7,"value":"Could not find an element using supplied strategy. "}
[36minfo[39m: [debug] Pushing command to appium work queue: ["find",{"strategy":"xpath","selector":"//*[contains(text(),\"登录\")]","context":"","multiple":false}]
[36minfo[39m: [debug] [BOOTSTRAP] [debug] Got data from client: {"cmd":"action","action":"find","params":{"strategy":"xpath","selector":"//*[contains(text(),\"登录\")]","context":"","multiple":false}}
[36minfo[39m: [debug] [BOOTSTRAP] [debug] Got command of type ACTION
[36minfo[39m: [debug] [BOOTSTRAP] [debug] Got command action: find
[36minfo[39m: [debug] [BOOTSTRAP] [debug] Finding //*[contains(text(),"登录")] using XPATH with the contextId:  multiple: false
[36minfo[39m: [debug] [BOOTSTRAP] [debug] Returning result: {"status":7,"value":"Could not find an element using supplied strategy. "}
[36minfo[39m: [debug] Waited for 6746ms so far
[36minfo[39m: [debug] Pushing command to appium work queue: ["find",{"strategy":"xpath","selector":"//*[contains(text(),\"登录\")]","context":"","multiple":false}]
[36minfo[39m: [debug] [BOOTSTRAP] [debug] Got data from client: {"cmd":"action","action":"find","params":{"strategy":"xpath","selector":"//*[contains(text(),\"登录\")]","context":"","multiple":false}}
[36minfo[39m: [debug] [BOOTSTRAP] [debug] Got command of type ACTION
[36minfo[39m: [debug] [BOOTSTRAP] [debug] Got command action: find
[36minfo[39m: [debug] [BOOTSTRAP] [debug] Finding //*[contains(text(),"登录")] using XPATH with the contextId:  multiple: false
[36minfo[39m: [debug] Waited for 7364ms so far
[36minfo[39m: [debug] [BOOTSTRAP] [debug] Returning result: {"status":7,"value":"Could not find an element using supplied strategy. "}
[36minfo[39m: [debug] Pushing command to appium work queue: ["find",{"strategy":"xpath","selector":"//*[contains(text(),\"登录\")]","context":"","multiple":false}]
[36minfo[39m: [debug] [BOOTSTRAP] [debug] Got data from client: {"cmd":"action","action":"find","params":{"strategy":"xpath","selector":"//*[contains(text(),\"登录\")]","context":"","multiple":false}}
[36minfo[39m: [debug] [BOOTSTRAP] [debug] Got command of type ACTION
[36minfo[39m: [debug] [BOOTSTRAP] [debug] Got command action: find
[36minfo[39m: [debug] [BOOTSTRAP] [debug] Finding //*[contains(text(),"登录")] using XPATH with the contextId:  multiple: false
[36minfo[39m: [debug] [BOOTSTRAP] [debug] Returning result: {"status":7,"value":"Could not find an element using supplied strategy. "}
[36minfo[39m: [debug] Waited for 8024ms so far
[36minfo[39m: [debug] Pushing command to appium work queue: ["find",{"strategy":"xpath","selector":"//*[contains(text(),\"登录\")]","context":"","multiple":false}]
[36minfo[39m: [debug] [BOOTSTRAP] [debug] Got data from client: {"cmd":"action","action":"find","params":{"strategy":"xpath","selector":"//*[contains(text(),\"登录\")]","context":"","multiple":false}}
[36minfo[39m: [debug] [BOOTSTRAP] [debug] Got command of type ACTION
[36minfo[39m: [debug] [BOOTSTRAP] [debug] Got command action: find
[36minfo[39m: [debug] [BOOTSTRAP] [debug] Finding //*[contains(text(),"登录")] using XPATH with the contextId:  multiple: false
[36minfo[39m: [debug] [BOOTSTRAP] [debug] Returning result: {"status":7,"value":"Could not find an element using supplied strategy. "}
[36minfo[39m: [debug] Waited for 8666ms so far
[36minfo[39m: [debug] Pushing command to appium work queue: ["find",{"strategy":"xpath","selector":"//*[contains(text(),\"登录\")]","context":"","multiple":false}]
[36minfo[39m: [debug] [BOOTSTRAP] [debug] Got data from client: {"cmd":"action","action":"find","params":{"strategy":"xpath","selector":"//*[contains(text(),\"登录\")]","context":"","multiple":false}}
[36minfo[39m: [debug] [BOOTSTRAP] [debug] Got command of type ACTION
[36minfo[39m: [debug] [BOOTSTRAP] [debug] Got command action: find
[36minfo[39m: [debug] [BOOTSTRAP] [debug] Finding //*[contains(text(),"登录")] using XPATH with the contextId:  multiple: false
[36minfo[39m: [debug] Waited for 9261ms so far
[36minfo[39m: [debug] [BOOTSTRAP] [debug] Returning result: {"status":7,"value":"Could not find an element using supplied strategy. "}
[36minfo[39m: [debug] Pushing command to appium work queue: ["find",{"strategy":"xpath","selector":"//*[contains(text(),\"登录\")]","context":"","multiple":false}]
[36minfo[39m: [debug] [BOOTSTRAP] [debug] Got data from client: {"cmd":"action","action":"find","params":{"strategy":"xpath","selector":"//*[contains(text(),\"登录\")]","context":"","multiple":false}}
[36minfo[39m: [debug] [BOOTSTRAP] [debug] Got command of type ACTION
[36minfo[39m: [debug] [BOOTSTRAP] [debug] Got command action: find
[36minfo[39m: [debug] [BOOTSTRAP] [debug] Finding //*[contains(text(),"登录")] using XPATH with the contextId:  multiple: false
[36minfo[39m: [debug] [BOOTSTRAP] [debug] Returning result: {"status":7,"value":"Could not find an element using supplied strategy. "}
[36minfo[39m: [debug] Waited for 9841ms so far
[36minfo[39m: [debug] Pushing command to appium work queue: ["find",{"strategy":"xpath","selector":"//*[contains(text(),\"登录\")]","context":"","multiple":false}]
[36minfo[39m: [debug] [BOOTSTRAP] [debug] Got data from client: {"cmd":"action","action":"find","params":{"strategy":"xpath","selector":"//*[contains(text(),\"登录\")]","context":"","multiple":false}}
[36minfo[39m: [debug] [BOOTSTRAP] [debug] Got command of type ACTION
[36minfo[39m: [debug] [BOOTSTRAP] [debug] Got command action: find
[36minfo[39m: [debug] [BOOTSTRAP] [debug] Finding //*[contains(text(),"登录")] using XPATH with the contextId:  multiple: false
[36minfo[39m: [debug] [BOOTSTRAP] [debug] Returning result: {"status":7,"value":"Could not find an element using supplied strategy. "}
[36minfo[39m: [debug] Waited for 10425ms so far
[36minfo[39m: [debug] Pushing command to appium work queue: ["find",{"strategy":"xpath","selector":"//*[contains(text(),\"登录\")]","context":"","multiple":false}]
[36minfo[39m: [debug] [BOOTSTRAP] [debug] Got data from client: {"cmd":"action","action":"find","params":{"strategy":"xpath","selector":"//*[contains(text(),\"登录\")]","context":"","multiple":false}}
[36minfo[39m: [debug] [BOOTSTRAP] [debug] Got command of type ACTION
[36minfo[39m: [debug] [BOOTSTRAP] [debug] Got command action: find
[36minfo[39m: [debug] [BOOTSTRAP] [debug] Finding //*[contains(text(),"登录")] using XPATH with the contextId:  multiple: false
[36minfo[39m: [debug] [BOOTSTRAP] [debug] Returning result: {"status":7,"value":"Could not find an element using supplied strategy. "}
[36minfo[39m: [debug] Waited for 11002ms so far
[36minfo[39m: [debug] Pushing command to appium work queue: ["find",{"strategy":"xpath","selector":"//*[contains(text(),\"登录\")]","context":"","multiple":false}]
[36minfo[39m: [debug] [BOOTSTRAP] [debug] Got data from client: {"cmd":"action","action":"find","params":{"strategy":"xpath","selector":"//*[contains(text(),\"登录\")]","context":"","multiple":false}}
[36minfo[39m: [debug] [BOOTSTRAP] [debug] Got command of type ACTION
[36minfo[39m: [debug] [BOOTSTRAP] [debug] Got command action: find
[36minfo[39m: [debug] [BOOTSTRAP] [debug] Finding //*[contains(text(),"登录")] using XPATH with the contextId:  multiple: false
[36minfo[39m: [debug] [BOOTSTRAP] [debug] Returning result: {"status":7,"value":"Could not find an element using supplied strategy. "}
[36minfo[39m: [debug] Waited for 11595ms so far
[36minfo[39m: [debug] Pushing command to appium work queue: ["find",{"strategy":"xpath","selector":"//*[contains(text(),\"登录\")]","context":"","multiple":false}]
[36minfo[39m: [debug] [BOOTSTRAP] [debug] Got data from client: {"cmd":"action","action":"find","params":{"strategy":"xpath","selector":"//*[contains(text(),\"登录\")]","context":"","multiple":false}}
[36minfo[39m: [debug] [BOOTSTRAP] [debug] Got command of type ACTION
[36minfo[39m: [debug] [BOOTSTRAP] [debug] Got command action: find
[36minfo[39m: [debug] [BOOTSTRAP] [debug] Finding //*[contains(text(),"登录")] using XPATH with the contextId:  multiple: false
[36minfo[39m: [debug] [BOOTSTRAP] [debug] Returning result: {"status":7,"value":"Could not find an element using supplied strategy. "}
[36minfo[39m: [debug] Waited for 12168ms so far
[36minfo[39m: [debug] Pushing command to appium work queue: ["find",{"strategy":"xpath","selector":"//*[contains(text(),\"登录\")]","context":"","multiple":false}]
[36minfo[39m: [debug] [BOOTSTRAP] [debug] Got data from client: {"cmd":"action","action":"find","params":{"strategy":"xpath","selector":"//*[contains(text(),\"登录\")]","context":"","multiple":false}}
[36minfo[39m: [debug] [BOOTSTRAP] [debug] Got command of type ACTION
[36minfo[39m: [debug] [BOOTSTRAP] [debug] Got command action: find
[36minfo[39m: [debug] [BOOTSTRAP] [debug] Finding //*[contains(text(),"登录")] using XPATH with the contextId:  multiple: false
[36minfo[39m: [debug] Waited for 12750ms so far
[36minfo[39m: [debug] [BOOTSTRAP] [debug] Returning result: {"status":7,"value":"Could not find an element using supplied strategy. "}
[36minfo[39m: [debug] Pushing command to appium work queue: ["find",{"strategy":"xpath","selector":"//*[contains(text(),\"登录\")]","context":"","multiple":false}]
[36minfo[39m: [debug] [BOOTSTRAP] [debug] Got data from client: {"cmd":"action","action":"find","params":{"strategy":"xpath","selector":"//*[contains(text(),\"登录\")]","context":"","multiple":false}}
[36minfo[39m: [debug] [BOOTSTRAP] [debug] Got command of type ACTION
[36minfo[39m: [debug] [BOOTSTRAP] [debug] Got command action: find
[36minfo[39m: [debug] [BOOTSTRAP] [debug] Finding //*[contains(text(),"登录")] using XPATH with the contextId:  multiple: false
[36minfo[39m: [debug] Waited for 13334ms so far
[36minfo[39m: [debug] [BOOTSTRAP] [debug] Returning result: {"status":7,"value":"Could not find an element using supplied strategy. "}
[36minfo[39m: [debug] Pushing command to appium work queue: ["find",{"strategy":"xpath","selector":"//*[contains(text(),\"登录\")]","context":"","multiple":false}]
[36minfo[39m: [debug] [BOOTSTRAP] [debug] Got data from client: {"cmd":"action","action":"find","params":{"strategy":"xpath","selector":"//*[contains(text(),\"登录\")]","context":"","multiple":false}}
[36minfo[39m: [debug] [BOOTSTRAP] [debug] Got command of type ACTION
[36minfo[39m: [debug] [BOOTSTRAP] [debug] Got command action: find
[36minfo[39m: [debug] [BOOTSTRAP] [debug] Finding //*[contains(text(),"登录")] using XPATH with the contextId:  multiple: false
[36minfo[39m: [debug] [BOOTSTRAP] [debug] Returning result: {"status":7,"value":"Could not find an element using supplied strategy. "}
[36minfo[39m: [debug] Waited for 13916ms so far
[36minfo[39m: [debug] Pushing command to appium work queue: ["find",{"strategy":"xpath","selector":"//*[contains(text(),\"登录\")]","context":"","multiple":false}]
[36minfo[39m: [debug] [BOOTSTRAP] [debug] Got data from client: {"cmd":"action","action":"find","params":{"strategy":"xpath","selector":"//*[contains(text(),\"登录\")]","context":"","multiple":false}}
[36minfo[39m: [debug] [BOOTSTRAP] [debug] Got command of type ACTION
[36minfo[39m: [debug] [BOOTSTRAP] [debug] Got command action: find
[36minfo[39m: [debug] [BOOTSTRAP] [debug] Finding //*[contains(text(),"登录")] using XPATH with the contextId:  multiple: false
[36minfo[39m: [debug] [BOOTSTRAP] [debug] Returning result: {"status":7,"value":"Could not find an element using supplied strategy. "}
[36minfo[39m: [debug] Waited for 14495ms so far
[36minfo[39m: [debug] Pushing command to appium work queue: ["find",{"strategy":"xpath","selector":"//*[contains(text(),\"登录\")]","context":"","multiple":false}]
[36minfo[39m: [debug] [BOOTSTRAP] [debug] Got data from client: {"cmd":"action","action":"find","params":{"strategy":"xpath","selector":"//*[contains(text(),\"登录\")]","context":"","multiple":false}}
[36minfo[39m: [debug] [BOOTSTRAP] [debug] Got command of type ACTION
[36minfo[39m: [debug] [BOOTSTRAP] [debug] Got command action: find
[36minfo[39m: [debug] [BOOTSTRAP] [debug] Finding //*[contains(text(),"登录")] using XPATH with the contextId:  multiple: false
[36minfo[39m: [debug] [BOOTSTRAP] [debug] Returning result: {"status":7,"value":"Could not find an element using supplied strategy. "}
[36minfo[39m: [debug] Condition unmet after 15071ms. Timing out.
[36minfo[39m: [debug] Responding to client with error: {"status":7,"value":{"message":"An element could not be located on the page using the given search parameters.","origValue":"Could not find an element using supplied strategy. "},"sessionId":"4be842fa-0fc6-44af-acea-b15cecfa7d39"}
[36minfo[39m: [37m<-- POST /wd/hub/session/4be842fa-0fc6-44af-acea-b15cecfa7d39/element [39m[31m500[39m[90m 15077.763 ms - 230[39m [90m[39m
[36minfo[39m: [37m-->[39m [37mGET[39m [37m/wd/hub/session/4be842fa-0fc6-44af-acea-b15cecfa7d39/element/9/text[39m [90m{}[39m
[36minfo[39m: [debug] Pushing command to appium work queue: ["element:getText",{"elementId":"9"}]
[36minfo[39m: [debug] [BOOTSTRAP] [debug] Got data from client: {"cmd":"action","action":"element:getText","params":{"elementId":"9"}}
[36minfo[39m: [debug] [BOOTSTRAP] [debug] Got command of type ACTION
[36minfo[39m: [debug] [BOOTSTRAP] [debug] Got command action: getText
[36minfo[39m: [debug] Responding to client with success: {"status":0,"value":"登录","sessionId":"4be842fa-0fc6-44af-acea-b15cecfa7d39"}
[36minfo[39m: [37m<-- GET /wd/hub/session/4be842fa-0fc6-44af-acea-b15cecfa7d39/element/9/text [39m[32m200[39m[90m 11.944 ms - 80[39m [90m{"status":0,"value":"登录","sessionId":"4be842fa-0fc6-44af-acea-b15cecfa7d39"}[39m
[36minfo[39m: [debug] [BOOTSTRAP] [debug] Returning result: {"status":0,"value":"登录"}
[36minfo[39m: [37m-->[39m [37mPOST[39m [37m/wd/hub/session/4be842fa-0fc6-44af-acea-b15cecfa7d39/appium/app/close[39m [90m{}[39m
[36minfo[39m: [debug] Pressing the HOME button
[36minfo[39m: [debug] executing cmd: E:\adt-bundle\sdk\platform-tools\adb.exe -s 88MFBML3H4MH shell "input keyevent 3"
[36minfo[39m: [debug] Stopping logcat capture
[36minfo[39m: [debug] Logcat terminated with code null, signal SIGTERM
[36minfo[39m: [debug] [BOOTSTRAP] [debug] Got data from client: {"cmd":"shutdown"}
[36minfo[39m: [debug] [BOOTSTRAP] [debug] Got command of type SHUTDOWN
[36minfo[39m: [debug] [BOOTSTRAP] [debug] Returning result: {"status":0,"value":"OK, shutting down"}
[36minfo[39m: [debug] [90m[UIAUTOMATOR STDOUT] [CDS]close[4724][39m
[36minfo[39m: [debug] [BOOTSTRAP] [debug] Closed client connection
[36minfo[39m: [debug] [90m[UIAUTOMATOR STDOUT] INSTRUMENTATION_STATUS: numtests=1[39m
[36minfo[39m: [debug] [90m[UIAUTOMATOR STDOUT] INSTRUMENTATION_STATUS: stream=.[39m
[36minfo[39m: [debug] [90m[UIAUTOMATOR STDOUT] INSTRUMENTATION_STATUS: id=UiAutomatorTestRunner[39m
[36minfo[39m: [debug] [90m[UIAUTOMATOR STDOUT] INSTRUMENTATION_STATUS: test=testRunServer[39m
[36minfo[39m: [debug] [90m[UIAUTOMATOR STDOUT] INSTRUMENTATION_STATUS: class=io.appium.android.bootstrap.Bootstrap[39m
[36minfo[39m: [debug] [90m[UIAUTOMATOR STDOUT] INSTRUMENTATION_STATUS: current=1[39m
[36minfo[39m: [debug] [90m[UIAUTOMATOR STDOUT] INSTRUMENTATION_STATUS_CODE: 0[39m
[36minfo[39m: [debug] [90m[UIAUTOMATOR STDOUT] INSTRUMENTATION_STATUS: stream=[39m
[36minfo[39m: [debug] [90m[UIAUTOMATOR STDOUT] Test results for WatcherResultPrinter=.[39m
[36minfo[39m: [debug] [90m[UIAUTOMATOR STDOUT] Time: 65.758[39m
[36minfo[39m: [debug] [90m[UIAUTOMATOR STDOUT] OK (1 test)[39m
[36minfo[39m: [debug] [90m[UIAUTOMATOR STDOUT] INSTRUMENTATION_STATUS_CODE: -1[39m
[36minfo[39m: [debug] Sent shutdown command, waiting for UiAutomator to stop...
[36minfo[39m: [debug] UiAutomator shut down normally
[36minfo[39m: [debug] Cleaning up android objects
[36minfo[39m: [debug] Responding to client with success: {"status":0,"value":"Successfully closed the [null] app.","sessionId":"4be842fa-0fc6-44af-acea-b15cecfa7d39"}
[36minfo[39m: [37m<-- POST /wd/hub/session/4be842fa-0fc6-44af-acea-b15cecfa7d39/appium/app/close [39m[32m200[39m[90m 870.271 ms - 109[39m [90m{"status":0,"value":"Successfully closed the [null] app.","sessionId":"4be842fa-0fc6-44af-acea-b15cecfa7d39"}[39m
