[36minfo[39m: Welcome to Appium v1.4.16 (REV ae6877eff263066b26328d457bd285c0cc62430d)
[36minfo[39m: Appium REST http interface listener started on 0.0.0.0:2159
[36minfo[39m: [debug] Non-default server args: {"udid":"88MFBML3H4MH","port":2159,"bootstrapPort":2160}
[36minfo[39m: Console LogLevel: debug
[36minfo[39m: [37m-->[39m [37mPOST[39m [37m/wd/hub/session[39m [90m{"desiredCapabilities":{"appPackage":"com.zhihu.android","appActivity":"com.zhihu.android.app.ui.activity.LauncherActivity","resetKeyBoard":true,"noSign":true,"newCommandTimeout":600,"unicodeKeyBoard":true,"udid":"88MFBML3H4MH","platformName":"Android","deviceName":"Android"}}[39m
[36minfo[39m: Client User-Agent string: Apache-HttpClient/4.5.2 (Java/1.8.0_191)
[36minfo[39m: [debug] The following desired capabilities were provided, but not recognized by appium. They will be passed on to any other services running on this server. : resetKeyBoard, unicodeKeyBoard
[36minfo[39m: [debug] Didn't get app but did get Android package, will attempt to launch it on the device
[36minfo[39m: [debug] Creating new appium session 3d3d23aa-059e-4ff4-99c6-33ad589d3f80
[36minfo[39m: Starting android appium
[36minfo[39m: [debug] Getting Java version
[36minfo[39m: Java version is: 1.8.0_191
[36minfo[39m: [debug] Checking whether adb is present
[36minfo[39m: [debug] Using adb from E:\adt-bundle\sdk\platform-tools\adb.exe
[33mwarn[39m: No app capability, can't parse package/activity
[36minfo[39m: [debug] Using fast reset? true
[36minfo[39m: [debug] Preparing device for session
[36minfo[39m: [debug] Not checking whether app is present since we are assuming it's already on the device
[36minfo[39m: Retrieving device
[36minfo[39m: [debug] Trying to find a connected android device
[36minfo[39m: [debug] Getting connected devices...
[36minfo[39m: [debug] executing cmd: E:\adt-bundle\sdk\platform-tools\adb.exe devices
[36minfo[39m: [debug] 1 device(s) connected
[36minfo[39m: Found device 88MFBML3H4MH
[36minfo[39m: [debug] Setting device id to 88MFBML3H4MH
[36minfo[39m: [debug] Waiting for device to be ready and to respond to shell commands (timeout = 5)
[36minfo[39m: [debug] executing cmd: E:\adt-bundle\sdk\platform-tools\adb.exe -s 88MFBML3H4MH wait-for-device
[36minfo[39m: [debug] executing cmd: E:\adt-bundle\sdk\platform-tools\adb.exe -s 88MFBML3H4MH shell "echo 'ready'"
[36minfo[39m: [debug] Starting logcat capture
[36minfo[39m: [debug] Getting device API level
[36minfo[39m: [debug] executing cmd: E:\adt-bundle\sdk\platform-tools\adb.exe -s 88MFBML3H4MH shell "getprop ro.build.version.sdk"
[36minfo[39m: [debug] Device is at API Level 22
[36minfo[39m: Device API level is: 22
[36minfo[39m: [debug] Extracting strings for language: default
[36minfo[39m: [debug] Apk doesn't exist locally
[36minfo[39m: [debug] Could not get strings, but it looks like we had an old strings file anyway, so ignoring
[36minfo[39m: [debug] executing cmd: E:\adt-bundle\sdk\platform-tools\adb.exe -s 88MFBML3H4MH shell "rm -rf /data/local/tmp/strings.json"
[36minfo[39m: [debug] Not uninstalling app since server not started with --full-reset
[36minfo[39m: [debug] Skipping install since we launched with a package instead of an app path
[36minfo[39m: [debug] Forwarding system:2160 to device:4724
[36minfo[39m: [debug] executing cmd: E:\adt-bundle\sdk\platform-tools\adb.exe -s 88MFBML3H4MH forward tcp:2160 tcp:4724
[36minfo[39m: [debug] Pushing appium bootstrap to device...
[36minfo[39m: [debug] executing cmd: E:\adt-bundle\sdk\platform-tools\adb.exe -s 88MFBML3H4MH push "D:\\Program Files (x86)\\Appium\\node_modules\\appium\\build\\android_bootstrap\\AppiumBootstrap.jar" /data/local/tmp/
[36minfo[39m: [debug] Pushing settings apk to device...
[36minfo[39m: [debug] executing cmd: E:\adt-bundle\sdk\platform-tools\adb.exe -s 88MFBML3H4MH install "D:\Program Files (x86)\Appium\node_modules\appium\build\settings_apk\settings_apk-debug.apk"
[36minfo[39m: [debug] Pushing unlock helper app to device...
[36minfo[39m: [debug] executing cmd: E:\adt-bundle\sdk\platform-tools\adb.exe -s 88MFBML3H4MH install "D:\Program Files (x86)\Appium\node_modules\appium\build\unlock_apk\unlock_apk-debug.apk"
[36minfo[39m: Starting App
[36minfo[39m: [debug] Attempting to kill all 'uiautomator' processes
[36minfo[39m: [debug] Getting all processes with 'uiautomator'
[36minfo[39m: [debug] executing cmd: E:\adt-bundle\sdk\platform-tools\adb.exe -s 88MFBML3H4MH shell "ps 'uiautomator'"
[36minfo[39m: [debug] No matching processes found
[36minfo[39m: [debug] Running bootstrap
[36minfo[39m: [debug] spawning: E:\adt-bundle\sdk\platform-tools\adb.exe -s 88MFBML3H4MH shell uiautomator runtest AppiumBootstrap.jar -c io.appium.android.bootstrap.Bootstrap -e pkg com.zhihu.android -e disableAndroidWatchers false
[36minfo[39m: [debug] [90m[UIAUTOMATOR STDOUT] INSTRUMENTATION_STATUS: numtests=1[39m
[36minfo[39m: [debug] [90m[UIAUTOMATOR STDOUT] INSTRUMENTATION_STATUS: stream=[39m
[36minfo[39m: [debug] [90m[UIAUTOMATOR STDOUT] io.appium.android.bootstrap.Bootstrap:[39m
[36minfo[39m: [debug] [90m[UIAUTOMATOR STDOUT] INSTRUMENTATION_STATUS: id=UiAutomatorTestRunner[39m
[36minfo[39m: [debug] [90m[UIAUTOMATOR STDOUT] INSTRUMENTATION_STATUS: test=testRunServer[39m
[36minfo[39m: [debug] [90m[UIAUTOMATOR STDOUT] INSTRUMENTATION_STATUS: class=io.appium.android.bootstrap.Bootstrap[39m
[36minfo[39m: [debug] [90m[UIAUTOMATOR STDOUT] INSTRUMENTATION_STATUS: current=1[39m
[36minfo[39m: [debug] [90m[UIAUTOMATOR STDOUT] INSTRUMENTATION_STATUS_CODE: 1[39m
[36minfo[39m: [debug] [BOOTSTRAP] [debug] Socket opened on port 4724
[36minfo[39m: [debug] [BOOTSTRAP] [debug] Appium Socket Server Ready
[36minfo[39m: [debug] [BOOTSTRAP] [debug] Loading json...
[36minfo[39m: [debug] [BOOTSTRAP] [debug] Registered crash watchers.
[36minfo[39m: [debug] Waking up device if it's not alive
[36minfo[39m: [debug] Pushing command to appium work queue: ["wake",{}]
[36minfo[39m: [debug] [BOOTSTRAP] [debug] Client connected
[36minfo[39m: [debug] [BOOTSTRAP] [debug] Got data from client: {"cmd":"action","action":"wake","params":{}}
[36minfo[39m: [debug] [BOOTSTRAP] [debug] Got command of type ACTION
[36minfo[39m: [debug] [BOOTSTRAP] [debug] Got command action: wake
[36minfo[39m: [debug] [BOOTSTRAP] [debug] Returning result: {"status":0,"value":true}
[36minfo[39m: [debug] executing cmd: E:\adt-bundle\sdk\platform-tools\adb.exe -s 88MFBML3H4MH shell "dumpsys window"
[36minfo[39m: [debug] Screen already unlocked, continuing.
[36minfo[39m: [debug] Pushing command to appium work queue: ["getDataDir",{}]
[36minfo[39m: [debug] [BOOTSTRAP] [debug] Got data from client: {"cmd":"action","action":"getDataDir","params":{}}
[36minfo[39m: [debug] [BOOTSTRAP] [debug] Got command of type ACTION
[36minfo[39m: [debug] [BOOTSTRAP] [debug] Got command action: getDataDir
[36minfo[39m: [debug] [BOOTSTRAP] [debug] Returning result: {"status":0,"value":"\/data\/local\/tmp"}
[36minfo[39m: [debug] dataDir set to: /data/local/tmp
[36minfo[39m: [debug] Pushing command to appium work queue: ["compressedLayoutHierarchy",{"compressLayout":false}]
[36minfo[39m: [debug] [BOOTSTRAP] [debug] Got data from client: {"cmd":"action","action":"compressedLayoutHierarchy","params":{"compressLayout":false}}
[36minfo[39m: [debug] [BOOTSTRAP] [debug] Got command of type ACTION
[36minfo[39m: [debug] [BOOTSTRAP] [debug] Got command action: compressedLayoutHierarchy
[36minfo[39m: [debug] [BOOTSTRAP] [debug] Returning result: {"status":0,"value":false}
[36minfo[39m: [debug] Getting device API level
[36minfo[39m: [debug] executing cmd: E:\adt-bundle\sdk\platform-tools\adb.exe -s 88MFBML3H4MH shell "getprop ro.build.version.sdk"
[36minfo[39m: [debug] Device is at API Level 22
[36minfo[39m: [debug] executing cmd: E:\adt-bundle\sdk\platform-tools\adb.exe -s 88MFBML3H4MH shell "am start -S -a android.intent.action.MAIN -c android.intent.category.LAUNCHER -f 0x10200000 -n com.zhihu.android/com.zhihu.android.app.ui.activity.LauncherActivity"
[36minfo[39m: [debug] Waiting for pkg "com.zhihu.android" and activity "com.zhihu.android.app.ui.activity.LauncherActivity" to be focused
[36minfo[39m: [debug] Getting focused package and activity
[36minfo[39m: [debug] executing cmd: E:\adt-bundle\sdk\platform-tools\adb.exe -s 88MFBML3H4MH shell "dumpsys window windows"
[36minfo[39m: [debug] executing cmd: E:\adt-bundle\sdk\platform-tools\adb.exe -s 88MFBML3H4MH shell "getprop ro.build.version.release"
[36minfo[39m: [debug] Device is at release version 5.1
[36minfo[39m: [debug] Device launched! Ready for commands
[36minfo[39m: [debug] Setting command timeout to 600 secs
[36minfo[39m: [debug] Appium session started with sessionId 3d3d23aa-059e-4ff4-99c6-33ad589d3f80
[36minfo[39m: [37m<-- POST /wd/hub/session [39m[36m303[39m[90m 5590.289 ms - 74[39m [90m[39m
[36minfo[39m: [37m-->[39m [37mGET[39m [37m/wd/hub/session/3d3d23aa-059e-4ff4-99c6-33ad589d3f80[39m [90m{}[39m
[36minfo[39m: [debug] Responding to client with success: {"status":0,"value":{"platform":"LINUX","browserName":"Android","platformVersion":"5.1","webStorageEnabled":false,"takesScreenshot":true,"javascriptEnabled":true,"databaseEnabled":false,"networkConnectionEnabled":true,"locationContextEnabled":false,"warnings":{},"desired":{"appPackage":"com.zhihu.android","appActivity":"com.zhihu.android.app.ui.activity.LauncherActivity","resetKeyBoard":true,"noSign":true,"newCommandTimeout":600,"unicodeKeyBoard":true,"udid":"88MFBML3H4MH","platformName":"Android","deviceName":"Android"},"appPackage":"com.zhihu.android","appActivity":"com.zhihu.android.app.ui.activity.LauncherActivity","resetKeyBoard":true,"noSign":true,"newCommandTimeout":600,"unicodeKeyBoard":true,"udid":"88MFBML3H4MH","platformName":"Android","deviceName":"88MFBML3H4MH"},"sessionId":"3d3d23aa-059e-4ff4-99c6-33ad589d3f80"}
[36minfo[39m: [37m<-- GET /wd/hub/session/3d3d23aa-059e-4ff4-99c6-33ad589d3f80 [39m[32m200[39m[90m 5.471 ms - 836[39m [90m{"status":0,"value":{"platform":"LINUX","browserName":"Android","platformVersion":"5.1","webStorageEnabled":false,"takesScreenshot":true,"javascriptEnabled":true,"databaseEnabled":false,"networkConnectionEnabled":true,"locationContextEnabled":false,"warnings":{},"desired":{"appPackage":"com.zhihu.android","appActivity":"com.zhihu.android.app.ui.activity.LauncherActivity","resetKeyBoard":true,"noSign":true,"newCommandTimeout":600,"unicodeKeyBoard":true,"udid":"88MFBML3H4MH","platformName":"Android","deviceName":"Android"},"appPackage":"com.zhihu.android","appActivity":"com.zhihu.android.app.ui.activity.LauncherActivity","resetKeyBoard":true,"noSign":true,"newCommandTimeout":600,"unicodeKeyBoard":true,"udid":"88MFBML3H4MH","platformName":"Android","deviceName":"88MFBML3H4MH"},"sessionId":"3d3d23aa-059e-4ff4-99c6-33ad589d3f80"}[39m
[36minfo[39m: [37m-->[39m [37mPOST[39m [37m/wd/hub/session/3d3d23aa-059e-4ff4-99c6-33ad589d3f80/timeouts[39m [90m{"type":"implicit","ms":10000}[39m
[36minfo[39m: [debug] Set Android implicit wait to 10000ms
[36minfo[39m: [debug] Responding to client with success: {"status":0,"value":null,"sessionId":"3d3d23aa-059e-4ff4-99c6-33ad589d3f80"}
[36minfo[39m: [37m<-- POST /wd/hub/session/3d3d23aa-059e-4ff4-99c6-33ad589d3f80/timeouts [39m[32m200[39m[90m 5.717 ms - 76[39m [90m{"status":0,"value":null,"sessionId":"3d3d23aa-059e-4ff4-99c6-33ad589d3f80"}[39m
[36minfo[39m: [37m-->[39m [37mPOST[39m [37m/wd/hub/session/3d3d23aa-059e-4ff4-99c6-33ad589d3f80/elements[39m [90m{"using":"id","value":"com.zhihu.android:id/tab_title"}[39m
[36minfo[39m: [debug] Waiting up to 10000ms for condition
[36minfo[39m: [debug] Pushing command to appium work queue: ["find",{"strategy":"id","selector":"com.zhihu.android:id/tab_title","context":"","multiple":true}]
[36minfo[39m: [debug] [BOOTSTRAP] [debug] Got data from client: {"cmd":"action","action":"find","params":{"strategy":"id","selector":"com.zhihu.android:id/tab_title","context":"","multiple":true}}
[36minfo[39m: [debug] [BOOTSTRAP] [debug] Got command of type ACTION
[36minfo[39m: [debug] [BOOTSTRAP] [debug] Got command action: find
[36minfo[39m: [debug] [BOOTSTRAP] [debug] Finding com.zhihu.android:id/tab_title using ID with the contextId:  multiple: true
[36minfo[39m: [debug] [BOOTSTRAP] [debug] Using: UiSelector[RESOURCE_ID=com.zhihu.android:id/tab_title]
[36minfo[39m: [debug] [BOOTSTRAP] [debug] getElements selector:UiSelector[RESOURCE_ID=com.zhihu.android:id/tab_title]
[36minfo[39m: [debug] [BOOTSTRAP] [debug] Element[] is null: (0)
[36minfo[39m: [debug] [BOOTSTRAP] [debug] getElements tmp selector:UiSelector[INSTANCE=0, RESOURCE_ID=com.zhihu.android:id/tab_title]
[36minfo[39m: [debug] [BOOTSTRAP] [debug] Failed to locate element. Clearing Accessibility cache and retrying.
[36minfo[39m: [debug] [BOOTSTRAP] [debug] Finding com.zhihu.android:id/tab_title using ID with the contextId:  multiple: true
[36minfo[39m: [debug] [BOOTSTRAP] [debug] Using: UiSelector[RESOURCE_ID=com.zhihu.android:id/tab_title]
[36minfo[39m: [debug] [BOOTSTRAP] [debug] getElements selector:UiSelector[RESOURCE_ID=com.zhihu.android:id/tab_title]
[36minfo[39m: [debug] [BOOTSTRAP] [debug] Element[] is null: (0)
[36minfo[39m: [debug] [BOOTSTRAP] [debug] getElements tmp selector:UiSelector[INSTANCE=0, RESOURCE_ID=com.zhihu.android:id/tab_title]
[36minfo[39m: [debug] [BOOTSTRAP] [debug] Returning result: {"status":0,"value":[]}
[36minfo[39m: [debug] Waited for 5076ms so far
[36minfo[39m: [debug] Pushing command to appium work queue: ["find",{"strategy":"id","selector":"com.zhihu.android:id/tab_title","context":"","multiple":true}]
[36minfo[39m: [debug] [BOOTSTRAP] [debug] Got data from client: {"cmd":"action","action":"find","params":{"strategy":"id","selector":"com.zhihu.android:id/tab_title","context":"","multiple":true}}
[36minfo[39m: [debug] [BOOTSTRAP] [debug] Got command of type ACTION
[36minfo[39m: [debug] [BOOTSTRAP] [debug] Got command action: find
[36minfo[39m: [debug] [BOOTSTRAP] [debug] Finding com.zhihu.android:id/tab_title using ID with the contextId:  multiple: true
[36minfo[39m: [debug] [BOOTSTRAP] [debug] Using: UiSelector[RESOURCE_ID=com.zhihu.android:id/tab_title]
[36minfo[39m: [debug] [BOOTSTRAP] [debug] getElements selector:UiSelector[RESOURCE_ID=com.zhihu.android:id/tab_title]
[36minfo[39m: [debug] [BOOTSTRAP] [debug] Element[] is null: (0)
[36minfo[39m: [debug] [BOOTSTRAP] [debug] getElements tmp selector:UiSelector[INSTANCE=0, RESOURCE_ID=com.zhihu.android:id/tab_title]
[36minfo[39m: [debug] [BOOTSTRAP] [debug] Failed to locate element. Clearing Accessibility cache and retrying.
[36minfo[39m: [debug] [BOOTSTRAP] [debug] Finding com.zhihu.android:id/tab_title using ID with the contextId:  multiple: true
[36minfo[39m: [debug] [BOOTSTRAP] [debug] Using: UiSelector[RESOURCE_ID=com.zhihu.android:id/tab_title]
[36minfo[39m: [debug] [BOOTSTRAP] [debug] getElements selector:UiSelector[RESOURCE_ID=com.zhihu.android:id/tab_title]
[36minfo[39m: [debug] [BOOTSTRAP] [debug] Element[] is null: (0)
[36minfo[39m: [debug] [BOOTSTRAP] [debug] getElements tmp selector:UiSelector[INSTANCE=0, RESOURCE_ID=com.zhihu.android:id/tab_title]
[36minfo[39m: [debug] [BOOTSTRAP] [debug] Returning result: {"status":0,"value":[]}
[36minfo[39m: [debug] Waited for 6287ms so far
[36minfo[39m: [debug] Pushing command to appium work queue: ["find",{"strategy":"id","selector":"com.zhihu.android:id/tab_title","context":"","multiple":true}]
[36minfo[39m: [debug] [BOOTSTRAP] [debug] Got data from client: {"cmd":"action","action":"find","params":{"strategy":"id","selector":"com.zhihu.android:id/tab_title","context":"","multiple":true}}
[36minfo[39m: [debug] [BOOTSTRAP] [debug] Got command of type ACTION
[36minfo[39m: [debug] [BOOTSTRAP] [debug] Got command action: find
[36minfo[39m: [debug] [BOOTSTRAP] [debug] Finding com.zhihu.android:id/tab_title using ID with the contextId:  multiple: true
[36minfo[39m: [debug] [BOOTSTRAP] [debug] Using: UiSelector[RESOURCE_ID=com.zhihu.android:id/tab_title]
[36minfo[39m: [debug] [BOOTSTRAP] [debug] getElements selector:UiSelector[RESOURCE_ID=com.zhihu.android:id/tab_title]
[36minfo[39m: [debug] [BOOTSTRAP] [debug] Element[] is null: (0)
[36minfo[39m: [debug] [BOOTSTRAP] [debug] getElements tmp selector:UiSelector[INSTANCE=0, RESOURCE_ID=com.zhihu.android:id/tab_title]
[36minfo[39m: [debug] [BOOTSTRAP] [debug] Failed to locate element. Clearing Accessibility cache and retrying.
[36minfo[39m: [debug] [BOOTSTRAP] [debug] Finding com.zhihu.android:id/tab_title using ID with the contextId:  multiple: true
[36minfo[39m: [debug] [BOOTSTRAP] [debug] Using: UiSelector[RESOURCE_ID=com.zhihu.android:id/tab_title]
[36minfo[39m: [debug] [BOOTSTRAP] [debug] getElements selector:UiSelector[RESOURCE_ID=com.zhihu.android:id/tab_title]
[36minfo[39m: [debug] [BOOTSTRAP] [debug] Element[] is null: (0)
[36minfo[39m: [debug] [BOOTSTRAP] [debug] getElements tmp selector:UiSelector[INSTANCE=0, RESOURCE_ID=com.zhihu.android:id/tab_title]
[36minfo[39m: [debug] [BOOTSTRAP] [debug] Returning result: {"status":0,"value":[]}
[36minfo[39m: [debug] Waited for 6961ms so far
[36minfo[39m: [debug] Pushing command to appium work queue: ["find",{"strategy":"id","selector":"com.zhihu.android:id/tab_title","context":"","multiple":true}]
[36minfo[39m: [debug] [BOOTSTRAP] [debug] Got data from client: {"cmd":"action","action":"find","params":{"strategy":"id","selector":"com.zhihu.android:id/tab_title","context":"","multiple":true}}
[36minfo[39m: [debug] [BOOTSTRAP] [debug] Got command of type ACTION
[36minfo[39m: [debug] [BOOTSTRAP] [debug] Got command action: find
[36minfo[39m: [debug] [BOOTSTRAP] [debug] Finding com.zhihu.android:id/tab_title using ID with the contextId:  multiple: true
[36minfo[39m: [debug] [BOOTSTRAP] [debug] Using: UiSelector[RESOURCE_ID=com.zhihu.android:id/tab_title]
[36minfo[39m: [debug] [BOOTSTRAP] [debug] getElements selector:UiSelector[RESOURCE_ID=com.zhihu.android:id/tab_title]
[36minfo[39m: [debug] [BOOTSTRAP] [debug] Element[] is null: (0)
[36minfo[39m: [debug] [BOOTSTRAP] [debug] getElements tmp selector:UiSelector[INSTANCE=0, RESOURCE_ID=com.zhihu.android:id/tab_title]
[36minfo[39m: [debug] [BOOTSTRAP] [debug] Failed to locate element. Clearing Accessibility cache and retrying.
[36minfo[39m: [debug] [BOOTSTRAP] [debug] Finding com.zhihu.android:id/tab_title using ID with the contextId:  multiple: true
[36minfo[39m: [debug] [BOOTSTRAP] [debug] Using: UiSelector[RESOURCE_ID=com.zhihu.android:id/tab_title]
[36minfo[39m: [debug] [BOOTSTRAP] [debug] getElements selector:UiSelector[RESOURCE_ID=com.zhihu.android:id/tab_title]
[36minfo[39m: [debug] [BOOTSTRAP] [debug] Element[] is null: (0)
[36minfo[39m: [debug] [BOOTSTRAP] [debug] getElements tmp selector:UiSelector[INSTANCE=0, RESOURCE_ID=com.zhihu.android:id/tab_title]
[36minfo[39m: [debug] [BOOTSTRAP] [debug] Returning result: {"status":0,"value":[]}
[36minfo[39m: [debug] Waited for 7920ms so far
[36minfo[39m: [debug] Pushing command to appium work queue: ["find",{"strategy":"id","selector":"com.zhihu.android:id/tab_title","context":"","multiple":true}]
[36minfo[39m: [debug] [BOOTSTRAP] [debug] Got data from client: {"cmd":"action","action":"find","params":{"strategy":"id","selector":"com.zhihu.android:id/tab_title","context":"","multiple":true}}
[36minfo[39m: [debug] [BOOTSTRAP] [debug] Got command of type ACTION
[36minfo[39m: [debug] [BOOTSTRAP] [debug] Got command action: find
[36minfo[39m: [debug] [BOOTSTRAP] [debug] Finding com.zhihu.android:id/tab_title using ID with the contextId:  multiple: true
[36minfo[39m: [debug] [BOOTSTRAP] [debug] Using: UiSelector[RESOURCE_ID=com.zhihu.android:id/tab_title]
[36minfo[39m: [debug] [BOOTSTRAP] [debug] getElements selector:UiSelector[RESOURCE_ID=com.zhihu.android:id/tab_title]
[36minfo[39m: [debug] [BOOTSTRAP] [debug] Element[] is null: (0)
[36minfo[39m: [debug] [BOOTSTRAP] [debug] getElements tmp selector:UiSelector[INSTANCE=0, RESOURCE_ID=com.zhihu.android:id/tab_title]
[36minfo[39m: [debug] [BOOTSTRAP] [debug] Failed to locate element. Clearing Accessibility cache and retrying.
[36minfo[39m: [debug] [BOOTSTRAP] [debug] Finding com.zhihu.android:id/tab_title using ID with the contextId:  multiple: true
[36minfo[39m: [debug] [BOOTSTRAP] [debug] Using: UiSelector[RESOURCE_ID=com.zhihu.android:id/tab_title]
[36minfo[39m: [debug] [BOOTSTRAP] [debug] getElements selector:UiSelector[RESOURCE_ID=com.zhihu.android:id/tab_title]
[36minfo[39m: [debug] [BOOTSTRAP] [debug] Element[] is null: (0)
[36minfo[39m: [debug] [BOOTSTRAP] [debug] getElements tmp selector:UiSelector[INSTANCE=0, RESOURCE_ID=com.zhihu.android:id/tab_title]
[36minfo[39m: [debug] [BOOTSTRAP] [debug] Returning result: {"status":0,"value":[]}
[36minfo[39m: [debug] Condition unmet after 10416ms. Timing out.
[36minfo[39m: [debug] Responding to client with success: {"status":0,"value":[],"sessionId":"3d3d23aa-059e-4ff4-99c6-33ad589d3f80"}
[36minfo[39m: [37m<-- POST /wd/hub/session/3d3d23aa-059e-4ff4-99c6-33ad589d3f80/elements [39m[32m200[39m[90m 10420.029 ms - 74[39m [90m{"status":0,"value":[],"sessionId":"3d3d23aa-059e-4ff4-99c6-33ad589d3f80"}[39m
[36minfo[39m: [37m-->[39m [37mPOST[39m [37m/wd/hub/session/3d3d23aa-059e-4ff4-99c6-33ad589d3f80/timeouts[39m [90m{"type":"implicit","ms":10000}[39m
[36minfo[39m: [debug] Set Android implicit wait to 10000ms
[36minfo[39m: [debug] Responding to client with success: {"status":0,"value":null,"sessionId":"3d3d23aa-059e-4ff4-99c6-33ad589d3f80"}
[36minfo[39m: [37m<-- POST /wd/hub/session/3d3d23aa-059e-4ff4-99c6-33ad589d3f80/timeouts [39m[32m200[39m[90m 5.250 ms - 76[39m [90m{"status":0,"value":null,"sessionId":"3d3d23aa-059e-4ff4-99c6-33ad589d3f80"}[39m
[36minfo[39m: [37m-->[39m [37mPOST[39m [37m/wd/hub/session/3d3d23aa-059e-4ff4-99c6-33ad589d3f80/element[39m [90m{"using":"name","value":"我的"}[39m
[33mwarn[39m: [DEPRECATED] The name locator strategy has been deprecated and will be removed.  Please use the accessibility id locator strategy instead.
[36minfo[39m: [debug] Waiting up to 10000ms for condition
[36minfo[39m: [debug] Pushing command to appium work queue: ["find",{"strategy":"name","selector":"我的","context":"","multiple":false}]
[36minfo[39m: [debug] [BOOTSTRAP] [debug] Got data from client: {"cmd":"action","action":"find","params":{"strategy":"name","selector":"我的","context":"","multiple":false}}
[36minfo[39m: [debug] [BOOTSTRAP] [debug] Got command of type ACTION
[36minfo[39m: [debug] [BOOTSTRAP] [debug] Got command action: find
[36minfo[39m: [debug] [BOOTSTRAP] [debug] Finding 我的 using NAME with the contextId:  multiple: false
[36minfo[39m: [debug] [BOOTSTRAP] [debug] Using: UiSelector[DESCRIPTION=我的, INSTANCE=0]
[36minfo[39m: [debug] [BOOTSTRAP] [debug] Using: UiSelector[TEXT=我的, INSTANCE=0]
[36minfo[39m: [debug] [BOOTSTRAP] [debug] Failed to locate element. Clearing Accessibility cache and retrying.
[36minfo[39m: [debug] [BOOTSTRAP] [debug] Finding 我的 using NAME with the contextId:  multiple: false
[36minfo[39m: [debug] [BOOTSTRAP] [debug] Using: UiSelector[DESCRIPTION=我的, INSTANCE=0]
[36minfo[39m: [debug] [BOOTSTRAP] [debug] Using: UiSelector[TEXT=我的, INSTANCE=0]
[36minfo[39m: [debug] [BOOTSTRAP] [debug] Returning result: {"status":7,"value":"No element found"}
[36minfo[39m: [debug] Waited for 1094ms so far
[36minfo[39m: [debug] Pushing command to appium work queue: ["find",{"strategy":"name","selector":"我的","context":"","multiple":false}]
[36minfo[39m: [debug] [BOOTSTRAP] [debug] Got data from client: {"cmd":"action","action":"find","params":{"strategy":"name","selector":"我的","context":"","multiple":false}}
[36minfo[39m: [debug] [BOOTSTRAP] [debug] Got command of type ACTION
[36minfo[39m: [debug] [BOOTSTRAP] [debug] Got command action: find
[36minfo[39m: [debug] [BOOTSTRAP] [debug] Finding 我的 using NAME with the contextId:  multiple: false
[36minfo[39m: [debug] [BOOTSTRAP] [debug] Using: UiSelector[DESCRIPTION=我的, INSTANCE=0]
[36minfo[39m: [debug] [BOOTSTRAP] [debug] Using: UiSelector[TEXT=我的, INSTANCE=0]
[36minfo[39m: [debug] [BOOTSTRAP] [debug] Failed to locate element. Clearing Accessibility cache and retrying.
[36minfo[39m: [debug] [BOOTSTRAP] [debug] Finding 我的 using NAME with the contextId:  multiple: false
[36minfo[39m: [debug] [BOOTSTRAP] [debug] Using: UiSelector[DESCRIPTION=我的, INSTANCE=0]
[36minfo[39m: [debug] [BOOTSTRAP] [debug] Using: UiSelector[TEXT=我的, INSTANCE=0]
[36minfo[39m: [debug] [BOOTSTRAP] [debug] Returning result: {"status":7,"value":"No element found"}
[36minfo[39m: [debug] Waited for 2337ms so far
[36minfo[39m: [debug] Pushing command to appium work queue: ["find",{"strategy":"name","selector":"我的","context":"","multiple":false}]
[36minfo[39m: [debug] [BOOTSTRAP] [debug] Got data from client: {"cmd":"action","action":"find","params":{"strategy":"name","selector":"我的","context":"","multiple":false}}
[36minfo[39m: [debug] [BOOTSTRAP] [debug] Got command of type ACTION
[36minfo[39m: [debug] [BOOTSTRAP] [debug] Got command action: find
[36minfo[39m: [debug] [BOOTSTRAP] [debug] Finding 我的 using NAME with the contextId:  multiple: false
[36minfo[39m: [debug] [BOOTSTRAP] [debug] Using: UiSelector[DESCRIPTION=我的, INSTANCE=0]
[36minfo[39m: [debug] [BOOTSTRAP] [debug] Using: UiSelector[TEXT=我的, INSTANCE=0]
[36minfo[39m: [debug] [BOOTSTRAP] [debug] Failed to locate element. Clearing Accessibility cache and retrying.
[36minfo[39m: [debug] [BOOTSTRAP] [debug] Finding 我的 using NAME with the contextId:  multiple: false
[36minfo[39m: [debug] [BOOTSTRAP] [debug] Using: UiSelector[DESCRIPTION=我的, INSTANCE=0]
[36minfo[39m: [debug] [BOOTSTRAP] [debug] Using: UiSelector[TEXT=我的, INSTANCE=0]
[36minfo[39m: [debug] [BOOTSTRAP] [debug] Returning result: {"status":7,"value":"No element found"}
[36minfo[39m: [debug] Waited for 5307ms so far
[36minfo[39m: [debug] Pushing command to appium work queue: ["find",{"strategy":"name","selector":"我的","context":"","multiple":false}]
[36minfo[39m: [debug] [BOOTSTRAP] [debug] Got data from client: {"cmd":"action","action":"find","params":{"strategy":"name","selector":"我的","context":"","multiple":false}}
[36minfo[39m: [debug] [BOOTSTRAP] [debug] Got command of type ACTION
[36minfo[39m: [debug] [BOOTSTRAP] [debug] Got command action: find
[36minfo[39m: [debug] [BOOTSTRAP] [debug] Finding 我的 using NAME with the contextId:  multiple: false
[36minfo[39m: [debug] [BOOTSTRAP] [debug] Using: UiSelector[DESCRIPTION=我的, INSTANCE=0]
[36minfo[39m: [debug] [BOOTSTRAP] [debug] Using: UiSelector[TEXT=我的, INSTANCE=0]
[36minfo[39m: [debug] [BOOTSTRAP] [debug] Failed to locate element. Clearing Accessibility cache and retrying.
[36minfo[39m: [debug] [BOOTSTRAP] [debug] Finding 我的 using NAME with the contextId:  multiple: false
[36minfo[39m: [debug] [BOOTSTRAP] [debug] Using: UiSelector[DESCRIPTION=我的, INSTANCE=0]
[36minfo[39m: [debug] [BOOTSTRAP] [debug] Using: UiSelector[TEXT=我的, INSTANCE=0]
[36minfo[39m: [debug] [BOOTSTRAP] [debug] Returning result: {"status":7,"value":"No element found"}
[36minfo[39m: [debug] Waited for 6063ms so far
[36minfo[39m: [debug] Pushing command to appium work queue: ["find",{"strategy":"name","selector":"我的","context":"","multiple":false}]
[36minfo[39m: [debug] [BOOTSTRAP] [debug] Got data from client: {"cmd":"action","action":"find","params":{"strategy":"name","selector":"我的","context":"","multiple":false}}
[36minfo[39m: [debug] [BOOTSTRAP] [debug] Got command of type ACTION
[36minfo[39m: [debug] [BOOTSTRAP] [debug] Got command action: find
[36minfo[39m: [debug] [BOOTSTRAP] [debug] Finding 我的 using NAME with the contextId:  multiple: false
[36minfo[39m: [debug] [BOOTSTRAP] [debug] Using: UiSelector[DESCRIPTION=我的, INSTANCE=0]
[36minfo[39m: [debug] [BOOTSTRAP] [debug] Using: UiSelector[TEXT=我的, INSTANCE=0]
[36minfo[39m: [debug] [BOOTSTRAP] [debug] Failed to locate element. Clearing Accessibility cache and retrying.
[36minfo[39m: [debug] [BOOTSTRAP] [debug] Finding 我的 using NAME with the contextId:  multiple: false
[36minfo[39m: [debug] [BOOTSTRAP] [debug] Using: UiSelector[DESCRIPTION=我的, INSTANCE=0]
[36minfo[39m: [debug] [BOOTSTRAP] [debug] Using: UiSelector[TEXT=我的, INSTANCE=0]
[36minfo[39m: [debug] [BOOTSTRAP] [debug] Returning result: {"status":7,"value":"No element found"}
[36minfo[39m: [debug] Waited for 6794ms so far
[36minfo[39m: [debug] Pushing command to appium work queue: ["find",{"strategy":"name","selector":"我的","context":"","multiple":false}]
[36minfo[39m: [debug] [BOOTSTRAP] [debug] Got data from client: {"cmd":"action","action":"find","params":{"strategy":"name","selector":"我的","context":"","multiple":false}}
[36minfo[39m: [debug] [BOOTSTRAP] [debug] Got command of type ACTION
[36minfo[39m: [debug] [BOOTSTRAP] [debug] Got command action: find
[36minfo[39m: [debug] [BOOTSTRAP] [debug] Finding 我的 using NAME with the contextId:  multiple: false
[36minfo[39m: [debug] [BOOTSTRAP] [debug] Using: UiSelector[DESCRIPTION=我的, INSTANCE=0]
[36minfo[39m: [debug] [BOOTSTRAP] [debug] Using: UiSelector[TEXT=我的, INSTANCE=0]
[36minfo[39m: [debug] [BOOTSTRAP] [debug] Failed to locate element. Clearing Accessibility cache and retrying.
[36minfo[39m: [debug] [BOOTSTRAP] [debug] Finding 我的 using NAME with the contextId:  multiple: false
[36minfo[39m: [debug] [BOOTSTRAP] [debug] Using: UiSelector[DESCRIPTION=我的, INSTANCE=0]
[36minfo[39m: [debug] [BOOTSTRAP] [debug] Using: UiSelector[TEXT=我的, INSTANCE=0]
[36minfo[39m: [debug] [BOOTSTRAP] [debug] Returning result: {"status":7,"value":"No element found"}
[36minfo[39m: [debug] Waited for 8313ms so far
[36minfo[39m: [debug] Pushing command to appium work queue: ["find",{"strategy":"name","selector":"我的","context":"","multiple":false}]
[36minfo[39m: [debug] [BOOTSTRAP] [debug] Got data from client: {"cmd":"action","action":"find","params":{"strategy":"name","selector":"我的","context":"","multiple":false}}
[36minfo[39m: [debug] [BOOTSTRAP] [debug] Got command of type ACTION
[36minfo[39m: [debug] [BOOTSTRAP] [debug] Got command action: find
[36minfo[39m: [debug] [BOOTSTRAP] [debug] Finding 我的 using NAME with the contextId:  multiple: false
[36minfo[39m: [debug] [BOOTSTRAP] [debug] Using: UiSelector[DESCRIPTION=我的, INSTANCE=0]
[36minfo[39m: [debug] [BOOTSTRAP] [debug] Using: UiSelector[TEXT=我的, INSTANCE=0]
[36minfo[39m: [debug] [BOOTSTRAP] [debug] Failed to locate element. Clearing Accessibility cache and retrying.
[36minfo[39m: [debug] [BOOTSTRAP] [debug] Finding 我的 using NAME with the contextId:  multiple: false
[36minfo[39m: [debug] [BOOTSTRAP] [debug] Using: UiSelector[DESCRIPTION=我的, INSTANCE=0]
[36minfo[39m: [debug] [BOOTSTRAP] [debug] Using: UiSelector[TEXT=我的, INSTANCE=0]
[36minfo[39m: [debug] [BOOTSTRAP] [debug] Returning result: {"status":7,"value":"No element found"}
[36minfo[39m: [debug] Waited for 9213ms so far
[36minfo[39m: [37m<-- POST /wd/hub/session/3d3d23aa-059e-4ff4-99c6-33ad589d3f80/element [39m[32m-[39m[90m - ms - -[39m [90m[39m
[36minfo[39m: [debug] Pushing command to appium work queue: ["find",{"strategy":"name","selector":"我的","context":"","multiple":false}]
[36minfo[39m: [debug] [BOOTSTRAP] [debug] Got data from client: {"cmd":"action","action":"find","params":{"strategy":"name","selector":"我的","context":"","multiple":false}}
[36minfo[39m: [debug] [BOOTSTRAP] [debug] Got command of type ACTION
[36minfo[39m: [debug] [BOOTSTRAP] [debug] Got command action: find
[36minfo[39m: [debug] [BOOTSTRAP] [debug] Finding 我的 using NAME with the contextId:  multiple: false
[36minfo[39m: [debug] [BOOTSTRAP] [debug] Using: UiSelector[DESCRIPTION=我的, INSTANCE=0]
[36minfo[39m: [debug] [BOOTSTRAP] [debug] Using: UiSelector[TEXT=我的, INSTANCE=0]
[36minfo[39m: [debug] [BOOTSTRAP] [debug] Failed to locate element. Clearing Accessibility cache and retrying.
[36minfo[39m: [debug] [BOOTSTRAP] [debug] Finding 我的 using NAME with the contextId:  multiple: false
[36minfo[39m: [debug] [BOOTSTRAP] [debug] Using: UiSelector[DESCRIPTION=我的, INSTANCE=0]
[36minfo[39m: [debug] [BOOTSTRAP] [debug] Using: UiSelector[TEXT=我的, INSTANCE=0]
[36minfo[39m: [debug] [BOOTSTRAP] [debug] Returning result: {"status":7,"value":"No element found"}
[36minfo[39m: [debug] Condition unmet after 10087ms. Timing out.
[36minfo[39m: [debug] Responding to client with error: {"status":7,"value":{"message":"An element could not be located on the page using the given search parameters.","origValue":"No element found"},"sessionId":"3d3d23aa-059e-4ff4-99c6-33ad589d3f80"}
